6
41
78
142
81
43
170
46
6
17
167
1
14
16
24
142
126
32
22
8
199
14
341
15
89
57
142
121
94
249
79
1
215
19
0
412
5
113
39
15
27
92
32
8
27
413
24
439
59
31
34
55
13
37
21
148
344
39
168
134
364
143
255
262
106
14
16
1
4
36
30
12
30
23
249
163
182
42
127
47
16
122
275
303
31
88
7
128
5
252
26
47
104
2
11
34
209
39
113
72
32
192
36
117
152
125
280
169
256
16
98
110
131
3
54
133
389
22
23
115
2
36
29
104
41
40
2
0
1
111
215
241
20
103
32
9
45
129
42
258
512
55
84
17
265
9
1
12
74
264
13
73
48
16
0
42
96
1
43
24
0
54
267
61
3
153
140
35
323
90
92
0
14
260
285
139
71
58
5
152
111
113
125
98
16
38
16
114
180
100
11
208
326
586
236
41
181
368
31
626
1
281
51
20
176
319
176
9
1
33
28
31
12
94
241
28
13
447
51
26
5
259
292
95
21
175
15
72
448
30
21
22
127
41
69
155
73
39
102
33
65
128
407
51
115
42
0
43
6
51
216
43
19
281
9
19
192
203
38
18
21
40
240
120
57
113
23
185
200
609
118
47
9
78
72
36
405
15
77
42
68
3
60
36
0
200
83
83
98
176
161
200
353
131
171
71
18
25
31
110
2
10
67
54
245
33
10
2
41
94
26
0
19
17
4
41
241
23
70
139
92
24
176
52
239
114
2
25
173
176
339
147
73
78
24
3
131
1
28
30
288
317
308
35
20
165
48
1
541
457
142
61
104
77
186
7
233
100
105
450
17
48
1
63
31
268
420
105
222
21
16
27
89
15
62
45
180
171
12
326
122
62
70
311
116
24
158
38
65
85
27
147
149
1
170
54
15
115
78
95
341
2
64
22
7
0
236
68
36
125
5
165
21
80
14
24
217
512
27
110
13
103
34
21
149
94
130
167
111
8
212
0
39
372
117
21
5
37
187
25
166
370
55
91
51
280
182
119
15
4
53
81
4
21
221
1
295
183
17
6
2
305
355
53
68
9
26
47
61
454
167
262
70
45
85
19
21
22
55
95
43
346
37
54
338
79
14
137
40
71
10
0
30
6
88
354
258
15
47
348
4
10
3
1
8
6
20
113
285
12
0
33
131
12
48
27
100
23
66
16
15
251
14
13
58
258
30
129
51
127
43
46
251
373
97
74
76
108
105
1
341
42
145
67
91
30
0
126
74
166
117
293
117
5
79
83
67
86
4
208
79
102
244
106
41
53
530
152
11
326
60
129
169
66
244
9
35
464
19
145
106
108
90
105
56
2
426
11
75
30
414
25
17
33
21
23
223
123
70
1
68
37
6
123
29
365
33
47
221
93
61
179
38
4
296
73
219
225
434
136
284
165
13
69
2
101
7
35
78
150
44
53
36
140
4
137
475
30
5
162
405
16
51
154
15
45
216
0
21
7
113
8
10
99
18
15
59
49
163
90
3
22
16
25
2
91
172
373
249
45
147
59
307
470
44
69
166
119
43
400
62
210
157
10
16
39
18
121
22
11
159
163
75
56
35
134
168
502
4
377
5
136
78
160
2
26
210
134
117
14
194
4
113
5
92
201
36
277
34
42
23
298
26
35
78
177
388
93
2
253
66
14
100
49
25
104
83
241
18
59
36
40
139
63
1
342
123
2
78
100
7
91
11
1
201
86
6
56
93
60
4
259
65
154
101
68
56
3
4
76
189
0
207
28
16
269
7
73
45
11
456
78
162
37
37
103
36
137
29
261
20
4
9
22
152
1
37
85
270
21
175
39
51
44
262
240
8
191
132
230
68
125
185
9
366
76
163
286
62
228
103
26
18
68
5
134
0
54
20
1
9
192
81
1
231
6
111
156
224
224
23
54
43
56
18
273
30
79
44
262
10
49
12
21
94
65
28
289
84
30
48
45
31
22
10
4
85
18
78
4
79
44
48
187
54
127
96
24
81
271
167
41
34
31
29
157
389
110
45
130
43
25
12
423
127
0
109
254
55
179
377
316
78
67
17
203
110
118
2
47
45
8
139
204
52
66
27
108
275
256
3
90
190
109
103
368
14
219
14
137
164
193
203
126
353
76
32
86
94
55
52
217
50
72
188
205
262
11
15
438
47
1
86
10
20
51
48
330
31
58
21
129
89
233
42
317
21
77
28
33
38
80
46
31
101
75
326
12
133
141
57
187
10
358
24
231
112
210
392
226
79
270
3
133
31
85
678
76
19
64
