919069185
954082986
873234897
440457765
259052983
568816299
14509334
423018868
542824113
325558940
760530516
128201153
422516179
194409461
110743334
121058881
299147144
242979384
893914236
555700742
310713784
567156998
898679682
65229161
82135707
350173382
716616033
626009854
697926943
641756541
537991411
341321792
271913038
841574251
980785310
250321184
57909900
62033404
560495726
902255482
375637198
250213138
582059430
765033687
417995198
950912835
507135052
445386060
431230783
831201561
564538653
509515625
827688073
268123057
314629345
820546001
602228032
138288356
547690876
221593498
177914218
289444480
493885042
187884090
225169728
44146056
500489437
11154968
194849949
588305562
821990203
137382053
142664559
664163459
311289979
696519424
121448527
501554660
939422325
783004063
145948488
311413508
456364940
272700741
822870524
524153330
576835136
752309756
668586450
136028017
538710937
927478765
160051859
956794969
186357281
490876924
875409751
982435571
535764357
107641957
68762235
398282333
324694275
580916834
636334374
654702996
549528004
873687950
57397585
930686926
483171957
289993561
490106722
384086703
716546920
165144400
659824708
511696806
287152171
945259820
643575227
238944899
253929842
255416564
447727620
374973944
141739877
586993008
797455738
300313528
305601161
169678969
44310830
321954245
877080450
580426459
655062661
524331028
507085776
846055326
804135086
681191622
300048137
50772072
731440264
735783861
658023281
495212903
216719299
769889018
691413350
688535262
182585201
697429151
826762200
153748780
789632087
956601667
385873861
433502121
245990867
171768752
118798394
502527728
720042568
605923769
518267171
178780417
995952026
946761891
950257696
444547539
382523718
822056710
952221336
423578293
198737082
627372124
304748084
657897513
691479922
968322400
553112476
170571053
486702123
605676814
783297664
681124438
223732793
93410188
974049866
607780925
684439823
61277076
297026302
337094539
595166515
500654552
323324431
805959594
388239028
474629989
586199188
690422414
864829343
350871019
844699637
147692172
663565135
970751928
631756561
384852241
613893197
800167659
158912285
847447448
607226235
925445782
637363560
295093976
313150490
623521661
70732491
140222512
520818282
883092638
288193526
48455348
968825526
939672840
523561516
959898528
156344122
701987846
123872238
360067311
232732730
22943739
457402729
663811014
781013740
415100964
765629834
698054967
556437380
363178699
298648151
571958566
786548772
431233704
557304895
475279200
115931824
10841733
708554192
768620268
917013652
678776367
73723935
336092035
362358099
918123123
346011193
402435019
825854023
102531597
721300431
45023018
397080681
271501086
688086123
371980831
739089039
858813917
419937704
423975891
407624062
266069671
754425055
390259623
766359275
193116616
816259905
75994165
893648228
649221499
186106248
400277244
432772266
27410722
569032235
675996673
815409478
871562376
122147881
42420519
171364079
379085939
423897786
180675295
871556953
295766090
487454109
247118857
210321003
973752448
723238636
652057860
647332123
479824548
827478146
12036438
84311501
580969880
226040436
189368235
39752556
799350457
727225220
363856108
119919232
919057317
684164313
932388784
180116670
51517882
776820863
699116580
657257752
149568131
431120001
432603818
985928678
782860148
487325448
839771194
685176461
945009639
766168904
459565588
161218426
780693879
364944557
861231978
936884719
284175161
166978546
295351520
872661641
797861321
840388785
750573379
733377559
5205879
326414605
263817917
955087898
955014491
483959997
665297861
505923718
985268988
970529273
48975272
481471294
925670341
841493478
207426681
351170500
231392453
990434674
136621530
850363270
974318733
478260144
228938611
988069664
303144345
58558531
398777703
91119339
451330718
191078694
270409198
327831197
529324407
862631065
417068002
88929181
708099728
408482466
648346247
314626203
884467846
967777846
854122952
975759590
87219101
243067939
781105715
472403366
950712777
213499806
296949460
16875814
312392119
141561700
70902478
570328100
126963745
365646048
926311812
365325661
953401020
783492494
809397800
868878311
740059730
722726870
73098255
389842505
964665287
826784056
84472718
602418012
142119352
426841707
398605846
310117689
355768864
749226220
893477208
549303346
452525652
116930412
696857993
362868906
990989363
126951355
610883587
339217076
374595202
127398089
367125904
971101947
391836362
114705537
487272608
164957266
729184676
762611508
157427242
662503205
3827560
1713536
298137078
371853068
623892046
20986986
418969690
987925773
361566967
653895825
104741778
224037511
767012372
901182946
226247046
743653269
880979859
99379243
554282953
513706539
946702546
325201844
491803109
653801267
175002055
518573376
717346302
892843318
204302403
400918097
468682092
145698869
904437246
141046908
573303675
89581859
619566058
353031745
490122630
432130112
203566168
543283122
562157579
260833327
316495640
0
688653593
