739426872
634311535
569203995
547710851
67815167
563654217
966109471
31362154
916610874
872810018
999327483
427736814
481196695
588163633
123540873
367768970
364599341
831415652
559305790
110286315
798642678
196404408
291838891
262375998
640948327
427726849
426479666
857906649
146595682
565647335
219595486
54435094
21566444
762008167
955734722
185253095
880940389
145401396
934167691
604744391
285775784
183194820
112697203
510597735
59322856
631514208
275925254
937844760
538512009
728177003
400817894
109479149
790992898
560895510
904125365
834927411
951692472
552077803
441758369
331033864
67074978
606170488
290348722
638776418
76794313
833766978
98850298
102897957
355013543
287978217
571014656
893350095
550661374
872429481
358033672
401502209
886338156
904057168
55800434
218000166
644381247
398524514
908438543
494904201
268693108
364953916
924407549
660032170
201131593
301752358
708790895
220628879
678951923
495559605
322085164
291205273
841928839
241523706
762764450
679372654
893086270
484510376
855493687
134969184
679051864
572360418
986130928
312761646
666685739
492831787
791589872
15640647
644816602
565626035
173911699
826818095
471578430
933583725
960414702
422174470
136822140
722563850
439541521
923572046
790103117
689086541
328936784
202193335
616705465
477603391
281027942
598621250
413727434
191181189
390450146
955241513
274290848
939949982
210364904
648824973
9469520
352345051
409687291
970051209
231089517
716023001
149835391
718783206
768002755
306317789
299751169
358610173
602096133
27602815
398124418
569652233
297906451
382651779
584928319
991670840
212786212
987353854
428421772
555095186
921868342
816271107
449152786
302995799
135056602
787480549
144811451
73794729
430262534
809528489
975232361
844014716
182375227
881322310
960733549
150018426
913867047
696262614
840837336
879757973
247115577
19818496
494859805
520169208
721252305
101554240
473171287
881224349
986714291
862561581
229887734
382405162
741539115
517541290
157983214
602750379
522961167
746280595
38460457
217590645
972123229
477583172
689735387
104839853
431218157
475058548
708711127
155661422
270171820
295062673
764761196
311532231
31780581
201942992
683036067
619836678
220171858
74969412
468231755
315525347
195104506
371621759
404918565
55181996
608687335
749844301
261247587
287397774
866806725
603882389
4955889
756190514
264498931
576990061
423577946
486122163
345739670
863122577
852299500
558790880
576087536
170310653
11334974
537425636
915731246
858716620
589308257
938598419
704370747
774673357
845439039
23228547
120686951
389121193
910171268
745261651
278174147
185592730
671656362
54207360
492878816
334120940
726611179
802327712
77428061
313786559
464946668
651441476
641849334
228734784
966421147
538062245
737572994
239490383
922965328
459606419
835402957
70503127
368943664
827483353
239712403
130379158
674544150
209779130
85734334
431639322
251567837
262533645
838938810
800956655
721571157
289626619
266507426
260698539
394868694
616042683
615324085
986142666
349859753
530296889
888827480
669381562
153584842
521709908
328744448
251062962
931941416
379797864
976665564
850778873
579097874
622689215
52401763
813056777
838814901
374944553
78970682
20036260
858726232
917822795
522332010
447121644
768356784
339468490
566064578
982387566
369791464
571903950
550745513
96464044
215457663
645328952
421692495
8942918
513176522
141171477
93876635
32034413
35840087
708595106
960538954
52882468
368050484
951606713
122994304
143541621
545671812
436857975
840346045
747409328
444587691
579079039
680390146
837848145
230597202
760934762
7607454
980389306
228021321
920543176
218343
474279044
30730834
842213512
853156175
141520372
577243489
864951695
713204701
239248744
821061363
458125472
966864029
213500707
554637953
558683554
26065500
265833773
919087819
153383933
350855517
372063734
824472276
261946515
754853216
722183523
787132642
593702809
388284288
493185606
747141694
353491214
714446125
536979882
392486368
441488837
347963129
106844641
41436
95272804
375764036
864411239
628807605
340170937
86333354
192941063
243513144
22515847
660991327
330879136
49787173
284119265
994705619
954046441
923730162
229185028
93950370
159331962
433835702
979049679
579285160
45336784
567020432
959221881
693606038
25099156
948156603
330058032
553974369
920774975
263453066
583292220
833259465
592026317
633394476
644726177
886791043
533399031
532795667
293941542
549679182
783582319
199824925
811052403
14323401
285697116
671003194
385452657
984538276
388224673
937673235
137598271
85794328
635868417
224785034
149972118
417752401
988331930
410018407
760489717
146900600
595461346
155437719
289734139
480489106
962744454
261001826
544324118
831221120
492626416
205016394
475705294
677028
297120106
660138319
402638360
5776842
477510890
270996910
182644031
409439333
805101742
678419130
144488650
967724285
634548771
613996175
667370638
822745322
425463550
59395295
75144360
492840559
0
403377310
