1588297805532207505
1796504968202123330
2256689822663873234
1815496303980457835
1866177241452728693
1044909999012943963
954262993881581609
1706862545757698817
2342791746586110537
1315274104726450883
739104815594682356
1065626963813028812
1355232893978917633
1627687412516163461
1389025252106457473
2416697163047914178
1200659084914449159
615030274287960962
2219257573857160797
1407037910535174719
2003057040063371111
1212850099383543321
884892960945332394
2340688979636626490
2330702495374660759
2007872742324841285
1085333575128377890
292061284502986483
2414224366002267979
187802586906152155
1831999060721712345
1581426455040845937
245159446271678756
2052408021402481849
1299466664975706039
1263772251931365187
860926839972037783
375981696757433160
58338227017027281
1205131607221300959
994254733820803266
913236629029182929
1554690259455019413
1244846381466055131
557031003948457399
1989500088336994286
1278746681389194149
1551112140491794823
2071608787551763200
1118510401199323297
543786281374179121
1744995850636676614
320655227711740647
485611161088685516
1284596558850982770
968474032975267112
1485305032781390475
1949199127301642961
1137879458145395948
563711480758898722
2388566564009588800
694965730559719435
2198804307436317216
805923709823424957
1692872690125014082
17622888999545549
687496445525932472
1369327955085110321
898296301814192800
892739273836428950
2425655695171279441
215750346252233146
843302365184763741
33012181768769751
314571343215856959
1500624411583067208
151560743810526183
239872314660902902
1147018525303563850
2397953286250672064
2041878902795940175
1106581374244354184
1696468185579574475
1193414055464265534
2207416488516908618
1065225038428784884
1681490788288997655
1212163834595802544
2216166660262777105
1494012253404555804
2058350457821781053
699505327422334721
1711228056513565432
136269569587735020
1297540981960066348
629016402212089429
1661148954775751398
2213948902915724121
1542692764291387733
514575835756695082
1238976298883315682
1888687595448616160
1963051708633193512
1511719659810447416
382075405219732143
420794409684970008
1074898059079802139
1090723980681542538
1404657862215861455
1622095382722540362
2112352394432280790
1124959786813354657
2101355459096862018
1641008541082736111
743967436371210106
2394324044665678259
1264247521502674341
553359597494427324
1584928581980305973
1854240792645943579
1237431518505274099
2399488419174609168
131548203855988471
1929424296306352655
292566391415557159
2354583887866063299
1545980933447153369
629388914478815967
1906311832089239446
789400484473683877
1522800537607025814
2059288841120120193
1870180894552047142
1906707773366641299
24327297077504590
2111145469687379778
1221551011169510889
2205589371517611372
845279483002190628
1515549124990401890
778319226537822487
1933177250812818059
1896098095833261786
1492368690908683587
1417655963765013173
2214314168757284095
102031770574769404
1283052126023372537
2096554494747770786
2175999929208677706
1028771855520180952
777760552728702762
1128597767070939958
1390986128847043709
138990848955226290
523254027820937614
117515840460212922
591551556391154755
720433340960511324
1356837391304370863
544346827710357153
2305535633210036972
527868512184727052
1083635062056109709
1213693517956896005
20922010842535260
2291939874972469837
1582143824226523189
941354069712704398
1647191433639426801
2307854947311561327
691743423590350948
475198878472678778
92496086668414332
410403695538051854
1674124617382018566
1653758697750146844
1043237639955877381
2363108219072962429
1817310397601580595
2157441263935303935
2278192780270769846
1324230803181427832
270060021870982305
1507438330212079915
694870867079834593
2030700498305472660
2071033100701104808
401101791002947621
626448517680685563
1254475508178340131
2349802960819920031
729141138192309444
1109086718036748749
9309450647042236
469304603527244749
1123056567949334189
1116839058812566122
35423094581395467
1809198620957541836
2389833669984224119
1078693610571223534
1575735930020082397
619030888647535817
581828605894675349
833748134923353185
1512083408635170956
768304786094914901
34871755561586402
258316298824325031
1764401545227916928
2184527222508089597
2396067605194117918
259658049720682782
156741758517855496
85814833990919407
313994293814641905
1032194491179221229
2150334617848253860
2120607596955316418
1227164862770010765
2198683035369425315
2389307423249890788
1327726473360188378
1295543097889425909
1286726165274905992
828748756049896836
2187932506470518386
447914787830420821
2185027599244597152
1549704136310861461
1879851889233387028
2328742679735376163
128576973149420669
702265864844560925
165509089102014399
798247327607530443
1546015530537005516
880192966163339356
2018304624939708804
845015946601850483
1831707796290002551
292130413367597883
1856148186359264660
1819210275002653153
1900450030858870366
1539980341504620693
461190480632217641
1262062340869868342
477603044641762852
1719340619229149937
303463765814658626
621201367721986674
1563476705880996406
926549570998835436
2256725220092848453
1201769698800128616
1012545058678893740
803380456713727081
1312935725560130486
1809674164530028984
1968098812386497180
150285203532698526
677154155343917575
1297639724504287940
906865279008677703
780627357875043130
129899038204571355
793155601456176741
2270635944492936016
1582368995036594207
1408874091108478906
991914791495735151
257231954372599843
1298702318652166867
830554030135595508
2143155403595351471
2280270635980271496
606037609042084670
1522296264599596362
2311609928349295345
1537072216459048624
293928907045219781
2342507311027345408
377582130986854125
1984539171597979944
434991787108126953
1364402203613581585
593281488942941396
1419608109563781890
1338658501718263272
292233363013420345
1044480038445738139
717355103128099318
1065121900568574841
605000554171829560
646805556759838023
2239940933581983668
2211481658703949322
614693675802116864
1488990196896978582
2230530216063438747
871551687400594042
1266479453153337293
1647466418337686951
2076183389195796872
1693820339640673563
850094903397677403
2012386022252239708
542396982060885843
689414923994227396
1520853995309868637
2215844540458797153
367464736313401864
1450868255488144653
1141126100409492801
1861424874219898018
1157548612799646617
1437527985956562551
1496540732484254374
1151811749338100629
1739090969397563444
2178117500621388269
1041340367076307075
839792439208221042
377375006306196817
2394979681585909062
2067606312568918489
2121176119216616160
2148322494550981196
1189124979347069231
1243952211535249238
1758453188379611902
1427280658746176064
1780118269179275174
2304672385605127209
2412216547406457469
34715146275829878
1100638294759727946
1847333035167281325
2309083557280232633
1432598596689190816
2031632796166220559
2400587143366811025
18501546492852351
2410595146005075005
895904650673828439
299033057646284816
339846499933250874
1906884080309878442
2363272503211128856
13586206330572811
182098958506345517
1006544916885577844
1446467647197340396
1137940822971105774
189065833591011367
749059626654251942
1675562027404903269
1526158603475404685
1106740427086995979
56154234514364443
582062464397412023
1405048829140273933
2298600113425662452
101059246529201524
145127745015888160
660793670489015509
2255503904297567353
194848833699088519
2022362185777380162
1145745240550955092
1219000238127226647
1879140804800631012
2252038023142297023
766534117363169484
614787154362333037
982907039042863641
1091532113143597006
524214235704255229
414556518116222072
396169549262285691
869040040282314084
969034244822123660
960072035409003836
2041717608001694578
22391844505329917
756462962307407488
1008338274794149350
1573140430269363487
1253830321705000332
236336357508763747
1625215658898093772
947171120318680810
349853049781754668
864465841644481903
1319066321974695273
1942508802474700829
2335303058766995200
1662390322568671490
1124128895666047768
1792094644251105624
1389103309563300773
2406356983864447573
1321327504767236975
980212533094466804
2169117039441530124
1237414461964224898
2104611341413014093
2415549414318294865
581083084244388827
248008362937599466
1639775261016380537
1254590172780245108
1411115598790735584
1764532819565674312
667450627706972432
1604987065953881750
104433563945658082
2040465235821997560
2231468233731668725
1252578123083212213
77524333606351307
629575634328128555
1238211767865444658
2187198153808755694
1527549754368931398
135588875122688779
2253900704207786711
2181085213351198034
1186804612721449233
200580439208783002
1479949989765713271
431934652096295499
68212266032574176
1289601102213099556
1364136480822087449
2197182250368274991
1064823321842550609
1679731580553543454
1046101473762923127
2299817246447594324
2076146619934220966
1059999942808942489
1311251396339594973
228434938083164854
1333308228011550258
1034361065487635123
2385882093452690440
2214269686025349012
1453196331407288419
135768910688972680
1007735706511430378
1563317079490079195
1011960461389399016
532782405726750979
2372580330176919060
1799496116741600273
308345249523172737
2288796094205266294
1806383104807080078
65563991889115294
1150957159091916900
1571732712063459413
1475932919551665874
1220622820963239667
1768551705220748394
213783042229964057
2046422956411213746
1869046417644800031
1644883993132130583
549113694861613857
1677108629994280203
1757325411461421777
2069060873682566208
2106402469874254032
1089987084769809596
1430644976858260202
51571883365194128
1127761468239859797
727065016631790348
1734247888774988334
682962943720772988
1760707403498553774
400690791244469976
2265295380306338248
939135384471418464
514363326160210860
770036391497685312
1015594939985512689
1888594516129387134
292172087273402294
1070564516678009214
1276181924382206978
1283794249470379805
1293590642830080869
1495829625908025268
2374112999705678186
1786792182770544257
902443730527198298
880334802029947821
2197239815902268416
1271702259042146311
1689509783233268840
1888302696882833722
761024995953093
1795422215515373036
944252869942670114
784257922777218502
1597291381460951028
181793853121499183
627601999477276109
2227498227113191714
746205933843449718
192419730929412295
712917371330459560
2100435132446473741
1086030617709193472
1822883477998897683
2202506346695284695
578251867047392494
353587342835335792
1082157021356019998
1106704807029408929
1891296899399801062
1484618128841614766
2382484943974810812
2092434712914041676
591913650191707565
2037984373146565449
1109893770379107660
318709270300609789
1371132621953557277
2348425329403738409
471034512416452220
281962185988743644
166906832191018570
1215457633135309148
939442062825633180
176511295615479404
1376543592726866022
81236927977901417
1589992444046763842
923012049690944651
919236494611961844
863101451411517736
1289123172078529190
965990612425900291
1962450560384835734
1271370039869038896
1320756469017183072
1160374521845768246
1298013008262281777
504715304109273081
263131464427119393
2226379488300488353
1185471586792105294
1924570142143572784
1801344127681020815
2308361976754050630
461950195295545620
1857975023731093741
224172506098952806
932981521507399162
1209155796249212924
2384870624343554826
1305598208452820325
1633807449441122250
2237158886849236229
2031644069830375650
2172978854776945172
786434006850678862
1423108115352648258
355783036850741764
1982630890985334668
2157917544344093549
452124548640959139
1894241513711754917
484202239362930768
86113838986721831
856799438760752673
1093704762207733409
1725077753314881403
81920869721791576
2348774460578538253
2014271332955241609
1642413115315460428
2145572286777377426
425974890422173537
2077200767421781108
1631703459156568796
122702982993745713
1946380531815974533
1942870826165491339
426873562033167098
2291273616398243108
422824701953113401
33740283400529393
1670270334408765529
1059326874024336108
1920372191750227994
2087997526448383925
2106707558430544975
70292251878877715
1124562629893937629
263190920591379534
1751687945726673246
1068989514430488092
2101607127764497084
1920683196947933312
1321665684701251338
1467922153709103366
1656967204245899792
2214732926464837136
1049258882396982070
1687142359484853824
2100224979598603313
1431970635437435278
1694529845186776439
1345970907815960732
2351302022499717068
1155585395054381317
2016864419416487305
2182311064459588445
397900793888774825
172681751429292923
1857331505963978558
1540180708566075704
1749523169833999543
1527690009716320583
1657803024220604839
652122507146585560
452951530379837286
1619047541602825981
645936975879389508
933098420471073656
361017105098909727
915581540575669882
2072230130238447299
1094122751219874460
1332066869942210712
1827368807048276413
2192184478485545273
989548527074241590
2121495710833711058
679658084482605648
1357290324552182151
187591129886195640
1991730480993483189
863186373106851372
482326916054256861
725044321142261670
68550100981938573
753124052521334983
2079575518194962847
1837645915679058368
1937841536103365103
333382290850291450
477799470425839082
641452532101141834
842215990693530793
503658354508825312
1086403364818008350
2339309653688942556
316771861603838054
1994744306975669567
535855670095530464
258460785946317595
2045528991151524088
201097900546725662
1877531805990679260
1147256499331744010
712864899675122287
2024136739282657617
361382065918885467
433331771093869035
1487826507928508457
291638599482413228
1544826611793616003
1950535409976364264
2138920943772431376
2126498761056080440
466148913556335006
1870359766865839325
1025429531543438433
5808074746904835
1316863509975662149
1040051164531782277
241201312210712321
534279188326943129
1650461707810158772
125855499023941663
1678644737838642762
1134572387369027271
1928562755829881769
1760118633173079035
1613729683264283579
922195019903485797
2173094848994724974
1426599120331484999
1871964822843688647
1416642376694351955
1134694175146469753
1475993401589689182
76191028712388671
934381730090391147
1943394890511227016
414035785043234685
728975817045008051
2085370417328355525
55002355300853762
62618906580846288
2145860322608396280
2425964013559576067
105508461238476633
769135134204471335
752300322269981324
355147168190586318
2273010651443132456
1317789338317662241
1300793941824804691
104481983190656611
108635924582922017
493240186837181470
1151632099236720115
1387321001879369143
1686904002546676782
1407555063440337973
116154878722799241
701674971246466863
891865512398943959
964189860301139089
1671207728747972764
1751250259984794378
1023066681393543760
2332548285004573149
2058179092531201035
1287133095978427806
2268513386769100563
384710586126152862
278052627842904746
1132097306570863406
567473128766976350
638748410515383040
635826157014349390
303749360829664914
1710917422071845976
318781712812056743
857847000331348048
1306155697710871173
330687955890087642
32358058018209182
574170082837973905
37898877326162980
1739827893699380017
630540959653322046
299158797239711080
1549382795264900231
1937083347989131054
340763334542495862
2398015484865584779
2124731109787352821
837418821514919637
446223158162413663
1069563555029565335
2132248668632885313
1753866902879140880
307045607658710604
2343100583246736326
2320873144915171602
868345587948664006
1062664900209438885
455293121568128234
1941551532132687506
1871365700223569050
649490616382941735
548728430349173519
46462657315398644
188618604717422019
38520638822520939
806288959363639504
434139936036779877
1305117241289798825
1904001661095494264
203885147181066917
79092798609418939
285057850325422779
2002566283894385487
1311357275710713650
885114680099846647
1865566319492763967
69685214212087683
993427739026666946
1753937307548276282
1009796280749203205
2201590145502929871
517512524746279940
1659917099869400315
1718333534531998981
1777058967293016634
257838473932014892
703488720709208355
2196825866385780259
410124438019962860
409241185592984624
2084598135737048039
111314446711509239
2065861964359057531
1151665514117678437
1837328276077223370
2167870119800318727
1945693989492167250
2127594805730620150
1403834476088424139
2286382051339215513
1078398396103940158
559704497543172173
1575966125015584076
230984471149335796
1232722964223205514
2093057806153064804
145001721342096458
375352670188063957
1615632982174886806
340146670203757218
911490775555452990
43476561369742514
53276014224875990
600419555425567938
388521187990375631
1280736270572964731
1497066124073016599
1798677858703572379
1969271203695374426
2251534497143081460
5406112409304671
2214121311334039195
2224404501186506838
1953550115754751797
277988569289648736
12544563974474897
1808070709062768746
2209912374162275795
246423705008598626
1081008521911509668
286932260860999344
686773238425386047
21322719073158175
2387662251570503654
973206436128305634
2082443061832966343
2276101024386343673
1079659498991652900
2023452834769966149
2132418361247005172
1142937588862678265
1143911251281944824
558800196477587856
773827481530533929
2022907593285395392
1398990490802940836
380213834349412299
1329839132795698977
342075479484607331
2151461492134650101
895485891468489265
1448585863502809958
1789925102281474719
2128922750895925793
1693095664642872055
2297831684399027594
1846079211545386420
2334203045893229010
1076094320987328275
84544898791121585
2146258921612707898
2201880299214549259
1177009071040989034
940912146948239345
937693326825881420
1780428426142973201
236580961093207981
1728933640952826674
171372237907234863
395232779000103552
475643698399134332
1466767515019904097
1387338665332356278
2377461170008318876
1179689267292953338
410131820950446463
2025031512863860776
977148543633886375
1567339407206118548
678590264252551266
291194245984585747
965135810236235575
347023598298913898
1959993005457046492
824616877534540205
1205731800405512165
1877767072912228708
205554605139656587
1847343027590092011
278717678651510941
1975288881081687511
875540570118881135
1165770564244246609
1599149017330463368
1574161503566848443
103764514515702574
1097899393233771606
1594095982737670847
767571895353147335
133946602561436307
2297003913424120240
103871940466542396
1516663128753878517
1684532255297341918
684550771740022344
1616379610422717182
1757838723687493199
383384847755855402
1666613406727842160
1341078608203193388
1996036018426246711
403319352429188677
826211517691055922
853037566320719692
499641094544550277
777312190331513892
1280495590237102298
378878030519131984
1294965185291586210
808876643642588273
1500102624020053318
502085527284485041
1556597409917880869
1580441513913624113
2279863996948685128
1468933543250155307
2156603219162406337
1259208479773864768
138331516519570879
1684198502730875611
980174014486958559
38893440023535048
4760473845407262
2035409851544073800
1627931804645415115
1651797057435268059
2126146359657436538
2353128878024492929
1447671649251122701
1122475605269119361
1442336269028382468
2182467419971041487
1921056404678688209
194119964268916621
174387795556865188
1631354252219683308
301596977268548420
1199766876011384220
2100696458339534118
2327662213425109291
1785580461595354740
1016845002057881451
1855737241201405146
1120445659447511807
433141918340610377
1920753848830736087
1402887964720779276
162011506908470874
1345404532629463789
552760928885829665
250303042434438393
1102439389971730687
2069689675653138384
408968291932605816
1694591640832062567
1787660513967143475
1710018923771388239
1013552313833189762
2321099937263223430
466459537590728938
844034625346259187
844011331596869910
1492920410684352725
1747977308625050800
764329653011369164
1361966230499531430
1788283709424419670
2238266157964527462
1363759464403753193
876002737398409707
2175212060458525332
747967485268510208
660469538350160729
1073633846520851202
341474113735970858
