2 2 16
2 2 16
3 1 17
4 2 4
7 7 1
4 4 11
1 5 26
1 5 76
2 2 15
3 3 28
8 6 8
10 2 45
10 2 9
3 1 86
2 2 25
2 6 15
2 2 0
2 4 21
4 6 1
10 4 8
2 6 22
10 4 33
1 7 90
3 1 66
1 7 21
1 1 16
3 3 1
4 2 21
1 1 12
1 5 7
2 2 19
8 6 22
1 7 36
4 2 81
1 1 12
2 4 22
5 1 9
3 3 20
5 5 7
2 4 45
6 6 23
5 7 7
6 6 0
1 5 76
2 4 13
10 4 22
1 5 8
5 7 22
5 5 2
2 2 19
1 9 44
1 3 10
4 4 20
5 3 1
8 4 5
6 2 42
3 5 2
4 4 11
2 2 7
1 3 43
2 10 63
2 2 19
3 7 4
3 3 11
1 1 24
1 1 48
3 1 90
6 6 11
3 5 30
5 1 88
5 5 23
3 3 7
1 1 80
2 4 43
3 3 5
3 9 27
8 2 2
4 2 30
1 3 20
2 2 11
2 2 4
3 3 31
4 4 0
2 2 7
5 5 1
5 5 21
2 2 5
1 5 38
5 5 0
1 1 96
2 2 97
2 6 55
5 5 8
4 2 63
4 2 5
4 4 3
9 9 11
3 1 12
1 1 32
3 3 0
2 4 15
2 2 54
7 5 2
8 6 10
1 3 74
2 4 4
2 2 89
1 5 88
5 5 0
3 1 82
1 7 92
8 2 20
2 8 15
8 4 3
2 2 23
7 1 18
2 2 19
4 2 7
2 2 19
9 5 2
5 5 7
6 2 20
2 2 36
4 4 43
3 3 9
2 2 1
1 1 30
4 2 19
4 2 46
8 6 18
4 6 22
4 2 14
2 6 30
5 7 28
1 5 12
1 5 12
4 2 12
2 4 53
5 5 14
2 8 53
6 2 10
1 7 6
4 8 27
6 4 5
1 7 20
2 8 9
2 6 16
4 4 26
9 3 18
3 3 20
7 7 3
3 3 25
3 3 38
3 5 9
2 2 39
3 3 14
6 2 27
2 2 24
3 3 0
2 2 29
3 5 14
2 2 7
4 2 14
3 1 94
1 1 74
2 2 73
7 1 26
3 3 12
2 4 12
8 6 26
3 1 68
2 2 31
2 2 4
4 2 14
2 6 23
4 4 19
1 1 0
5 1 12
2 2 81
3 1 3
3 1 98
1 1 64
5 5 11
3 1 28
1 3 86
5 7 18
7 1 30
8 6 4
7 3 11
3 5 28
2 2 21
4 6 15
5 5 0
4 4 29
2 2 24
2 6 17
2 4 11
3 5 11
4 2 31
1 1 48
1 5 14
1 1 6
3 5 17
5 1 2
2 4 87
4 2 45
7 3 15
1 1 8
9 5 14
3 5 22
5 1 7
1 5 18
1 1 4
3 5 37
6 2 51
2 4 9
2 2 44
3 5 30
2 2 12
3 3 14
8 4 12
9 3 26
6 2 5
5 5 3
3 5 21
10 4 14
8 2 22
5 7 25
1 1 12
4 2 81
1 1 24
3 1 42
3 3 17
1 3 22
9 3 26
5 5 15
6 6 16
2 4 57
3 7 13
4 2 7
4 4 23
3 3 7
2 8 17
5 1 32
4 4 0
3 5 13
2 6 45
2 2 11
10 2 21
2 8 15
2 2 12
3 3 0
6 2 4
3 3 3
4 2 43
5 5 0
4 2 18
5 3 11
5 1 30
5 5 21
2 6 43
3 3 6
2 2 31
1 1 36
5 9 9
2 2 57
4 2 38
2 2 7
3 3 24
2 8 10
5 5 33
2 8 3
5 5 6
1 1 16
2 2 12
6 10 13
2 4 14
3 3 23
2 2 0
5 3 24
5 1 94
2 8 27
3 3 23
2 6 20
3 3 23
4 2 3
2 2 20
5 1 38
1 1 48
1 3 13
2 2 25
3 5 33
3 1 5
5 9 10
2 2 31
7 1 10
6 2 2
1 1 52
2 2 40
1 9 98
3 9 54
5 3 26
7 5 13
2 2 0
1 1 40
3 7 30
2 2 17
3 1 4
1 3 8
5 3 16
4 4 0
1 3 19
1 1 48
1 1 88
3 1 33
2 4 17
5 5 17
1 1 40
4 4 0
3 1 24
4 2 16
2 2 5
5 3 10
2 2 49
1 7 8
1 1 88
1 1 40
4 4 9
3 3 7
3 7 17
7 3 4
1 1 8
7 7 0
10 6 2
1 1 0
8 2 49
1 1 28
2 2 23
5 3 19
5 1 8
7 1 22
6 2 13
5 5 1
2 4 51
3 1 22
2 2 18
8 6 14
3 3 43
7 3 13
4 6 7
5 5 25
3 3 11
2 6 10
3 3 27
3 5 12
7 1 37
4 4 20
6 4 6
2 4 8
5 1 5
4 4 19
3 3 15
7 3 24
1 1 2
4 4 24
7 3 14
4 4 37
7 1 30
5 3 20
4 4 12
4 4 5
1 5 86
2 2 7
3 1 32
3 5 6
3 9 2
3 3 15
7 7 9
5 3 25
2 2 0
4 4 10
4 2 45
4 2 37
1 5 17
4 2 43
4 4 5
3 9 6
5 1 24
4 2 54
6 2 65
3 3 25
2 4 45
4 4 1
1 5 5
6 6 7
3 7 14
9 3 21
2 8 11
7 5 4
3 3 24
3 3 7
1 3 8
2 4 3
3 3 5
5 3 21
3 3 35
5 3 19
2 2 32
7 3 6
7 3 31
2 2 61
2 2 5
5 1 11
2 2 63
1 5 27
1 3 6
3 3 0
1 5 10
3 7 43
4 2 26
2 8 28
5 5 25
4 4 31
2 4 81
2 4 11
5 3 40
4 2 12
4 2 1
1 1 14
3 3 63
1 5 20
5 5 5
2 2 9
3 5 4
3 1 74
9 5 7
2 2 31
3 5 2
3 3 1
5 1 44
1 7 30
5 3 4
2 6 1
1 5 10
1 1 4
2 2 24
4 2 21
3 3 31
9 9 3
1 7 13
7 1 90
3 5 29
2 4 28
2 2 24
2 2 5
1 1 18
3 3 15
5 5 15
4 2 12
3 9 26
1 1 48
3 3 7
2 2 0
5 1 20
2 8 17
5 3 2
10 8 15
5 1 14
1 7 11
5 3 37
5 9 18
1 1 18
3 5 16
6 4 28
4 4 14
3 3 20
1 7 27
9 5 7
6 4 32
2 2 14
2 2 1
6 6 1
2 4 29
4 4 7
4 2 87
2 8 71
4 4 11
1 1 28
2 2 55
3 9 10
1 3 51
1 5 33
6 2 10
5 1 68
3 3 35
1 1 16
5 5 25
2 4 8
1 5 46
3 1 53
2 2 36
8 2 4
4 8 5
3 3 23
6 2 52
8 2 52
3 3 25
6 2 57
2 8 10
3 5 16
1 1 14
2 4 19
1 1 50
3 5 5
1 5 28
2 2 54
3 3 11
2 2 6
2 2 8
5 1 10
2 2 23
2 6 2
2 2 25
3 1 30
4 4 3
3 5 10
2 4 13
1 5 46
1 5 11
8 6 5
1 1 18
3 3 24
2 6 26
3 3 41
2 8 21
5 5 8
2 2 59
6 6 23
2 8 46
3 3 43
8 2 43
2 2 45
1 3 24
5 5 0
4 6 6
3 1 51
1 3 7
8 4 17
2 4 46
6 8 1
2 2 99
2 2 81
2 2 97
2 4 9
2 2 0
2 8 65
2 2 79
1 1 54
4 2 21
2 2 15
1 1 18
3 1 20
1 7 14
2 6 12
6 4 14
7 3 43
5 1 54
3 3 34
8 6 9
3 1 17
5 5 20
1 1 0
2 2 79
8 4 27
4 2 87
2 6 6
5 5 7
2 2 11
3 1 18
5 5 11
3 3 38
1 1 10
7 3 16
1 1 32
1 3 6
2 2 1
8 8 10
5 1 30
2 6 26
8 2 10
8 2 9
4 6 32
1 1 100
3 5 4
2 2 4
2 8 10
4 4 16
3 3 36
1 1 100
1 1 24
2 6 79
3 3 45
5 3 4
2 8 15
5 1 10
2 2 64
3 1 54
2 2 16
6 8 4
1 1 2
2 4 26
3 1 9
2 2 53
1 1 88
2 8 44
1 5 40
6 6 8
4 4 16
2 2 43
6 2 21
1 3 27
1 1 18
6 2 10
4 4 20
4 4 1
1 1 40
5 1 22
4 4 16
6 6 23
2 2 69
5 1 80
4 4 17
2 2 7
1 3 82
4 2 31
3 3 4
4 2 77
4 4 8
9 1 4
2 2 16
6 2 3
3 9 3
4 8 27
4 8 28
2 6 26
6 2 11
4 10 33
1 1 0
2 2 44
4 2 63
3 3 0
2 8 15
3 3 45
2 4 27
2 2 35
2 6 75
1 7 28
2 2 9
3 3 49
2 4 18
3 3 3
2 2 35
4 2 5
2 4 17
4 2 12
4 4 19
1 5 29
2 2 61
6 2 16
4 2 11
3 1 39
2 2 47
2 2 71
2 2 11
2 2 79
2 6 9
7 7 25
3 1 58
5 3 27
2 2 39
3 1 9
1 1 96
2 2 23
3 3 3
6 2 22
4 2 6
6 8 6
3 5 26
2 4 95
7 1 21
6 8 22
2 6 45
3 3 8
8 2 7
7 3 3
3 5 1
3 3 40
1 1 12
6 4 21
3 3 8
5 1 84
5 1 8
1 1 0
2 2 18
2 2 20
1 5 34
2 4 22
1 3 31
2 2 47
2 4 15
7 7 23
4 4 29
1 3 55
4 8 4
7 3 9
5 3 32
3 1 29
2 2 6
2 8 13
4 8 6
2 8 7
2 2 39
4 2 10
2 4 52
4 8 2
3 3 9
2 2 24
1 1 36
4 2 38
2 2 49
6 6 9
9 5 9
3 7 9
4 2 31
4 4 0
4 2 29
4 2 28
3 9 32
2 2 55
5 5 21
3 5 4
3 5 10
2 2 23
1 1 84
4 2 25
6 2 19
6 8 9
1 1 72
6 2 34
2 2 20
2 6 61
3 1 19
2 2 36
3 3 39
2 2 25
1 3 42
1 7 42
2 2 57
2 2 25
2 2 18
1 1 4
2 6 53
2 4 25
5 5 31
6 10 6
4 4 15
1 1 48
6 4 11
2 4 73
5 5 31
2 4 13
5 3 13
1 5 26
2 2 27
1 3 7
3 3 15
4 2 11
1 5 15
3 1 74
9 9 8
2 2 23
3 3 41
2 2 21
6 2 91
1 5 6
2 2 0
2 2 8
2 2 5
3 1 98
8 2 2
2 2 24
8 2 53
2 4 22
1 5 76
3 3 17
7 3 4
1 7 8
1 3 26
1 1 72
5 7 15
4 4 11
5 3 26
8 2 43
3 3 17
6 4 17
9 1 23
5 9 22
1 5 30
4 4 29
3 5 20
4 2 16
3 1 23
3 7 23
5 1 18
2 4 1
1 1 12
2 8 15
3 5 15
2 2 30
2 2 9
2 2 23
3 3 18
1 5 34
5 5 6
5 1 10
5 1 38
2 4 87
1 7 11
2 6 20
1 1 42
5 5 12
3 5 38
5 7 19
8 4 20
3 3 31
8 4 36
2 2 49
5 3 1
4 2 83
1 1 64
4 2 34
2 2 14
3 3 3
2 4 9
1 1 0
2 2 37
6 2 67
3 3 19
3 3 39
8 2 37
3 3 47
3 3 5
4 2 34
4 2 25
3 5 10
2 2 1
4 2 19
1 1 80
1 3 92
6 4 5
4 2 26
6 4 29
2 6 3
3 3 19
2 4 6
5 1 86
3 3 1
1 3 28
2 6 26
3 5 12
6 2 19
1 7 3
6 8 5
1 1 32
2 2 28
6 2 1
6 2 9
2 2 15
5 1 2
1 1 0
1 1 64
3 3 8
2 2 41
2 4 32
6 4 23
7 7 0
3 3 2
1 5 44
6 2 6
3 3 25
5 3 4
3 9 21
4 2 28
1 3 13
3 1 37
3 5 29
7 5 23
1 1 0
1 7 90
2 2 12
3 1 15
4 2 87
5 5 13
2 6 33
3 1 22
3 3 17
2 8 13
3 3 59
1 1 24
6 6 1
7 7 7
1 5 30
5 5 0
2 2 35
7 7 0
2 4 22
5 3 4
2 4 2
2 4 14
9 1 12
3 1 30
4 6 9
2 2 18
3 3 0
3 3 5
5 3 34
2 2 15
2 2 25
6 6 0
2 4 46
2 2 20
5 5 10
5 1 5
3 3 9
2 2 48
2 6 22
4 4 16
2 2 31
5 5 0
7 1 16
2 2 3
5 7 6
4 6 21
4 2 35
3 3 0
2 2 21
5 3 38
3 3 25
3 9 24
7 1 34
3 3 16
2 8 7
5 5 3
10 4 21
2 4 13
5 1 7
2 2 33
2 4 35
3 3 7
6 4 7
7 1 12
2 2 47
3 3 16
1 7 4
3 3 16
4 4 31
4 4 1
1 1 32
1 1 84
2 6 9
1 5 46
1 1 28
2 2 71
1 1 18
2 2 6
4 4 41
8 2 61
3 3 32
2 4 14
9 7 2
5 5 13
4 4 20
9 9 5
3 3 47
3 7 10
1 1 32
4 2 18
2 2 79
3 3 35
1 1 16
1 1 0
5 9 7
1 3 98
2 6 31
7 7 1
3 1 4
6 6 3
2 2 56
6 4 6
7 3 26
