19 48 61 11 35 53 36 78 22 93 9 2 87 18 24 32 7 12 76 23 54 33 34 72 47 52 57 4 28 84 21 15 97 58 42 30 51 41 83 91 56 74 99 16 67 60 63 44 86 90 95 55 98 20 65 17 59 79 5 81 96 89 3 13 75 94 38 1 82 31 43 27 14 77 70 92 66 6 50 25 1 26 29 46 39 8 85 68 80 62 49 71 73 45 37 88 69 10 40 64
20 49 62 12 36 54 37 79 23 94 10 3 88 19 25 33 8 13 77 24 55 34 35 73 48 53 58 5 29 85 22 16 98 59 43 31 52 42 84 92 57 75 2 17 68 61 64 45 87 91 96 56 99 21 66 18 60 80 6 82 97 90 4 14 76 95 39 2 83 32 44 28 15 78 71 93 67 7 51 26 1 27 30 47 40 9 86 69 81 63 50 72 74 46 38 89 70 11 41 65
21 50 63 13 37 55 38 80 24 95 11 4 89 20 26 34 9 14 78 25 56 35 36 74 49 54 59 6 30 86 23 17 99 60 44 32 53 43 85 93 58 76 3 18 69 62 65 46 88 92 97 57 2 22 67 19 61 81 7 83 98 91 5 15 77 96 40 3 84 33 45 29 16 79 72 94 68 8 52 27 1 28 31 48 41 10 87 70 82 64 51 73 75 47 39 90 71 12 42 66
22 51 64 14 38 56 39 81 25 96 12 5 90 21 27 35 10 15 79 26 57 36 37 75 50 55 60 7 31 87 24 18 2 61 45 33 54 44 86 94 59 77 4 19 70 63 66 47 89 93 98 58 3 23 68 20 62 82 8 84 99 92 6 16 78 97 41 4 85 34 46 30 17 80 73 95 69 9 53 28 1 29 32 49 42 11 88 71 83 65 52 74 76 48 40 91 72 13 43 67
23 52 65 15 39 57 40 82 26 97 13 6 91 22 28 36 11 16 80 27 58 37 38 76 51 56 61 8 32 88 25 19 3 62 46 34 55 45 87 95 60 78 5 20 71 64 67 48 90 94 99 59 4 24 69 21 63 83 9 85 2 93 7 17 79 98 42 5 86 35 47 31 18 81 74 96 70 10 54 29 1 30 33 50 43 12 89 72 84 66 53 75 77 49 41 92 73 14 44 68
24 53 66 16 40 58 41 83 27 98 14 7 92 23 29 37 12 17 81 28 59 38 39 77 52 57 62 9 33 89 26 20 4 63 47 35 56 46 88 96 61 79 6 21 72 65 68 49 91 95 2 60 5 25 70 22 64 84 10 86 3 94 8 18 80 99 43 6 87 36 48 32 19 82 75 97 71 11 55 30 1 31 34 51 44 13 90 73 85 67 54 76 78 50 42 93 74 15 45 69
25 54 67 17 41 59 42 84 28 99 15 8 93 24 30 38 13 18 82 29 60 39 40 78 53 58 63 10 34 90 27 21 5 64 48 36 57 47 89 97 62 80 7 22 73 66 69 50 92 96 3 61 6 26 71 23 65 85 11 87 4 95 9 19 81 2 44 7 88 37 49 33 20 83 76 98 72 12 56 31 1 32 35 52 45 14 91 74 86 68 55 77 79 51 43 94 75 16 46 70
26 55 68 18 42 60 43 85 29 2 16 9 94 25 31 39 14 19 83 30 61 40 41 79 54 59 64 11 35 91 28 22 6 65 49 37 58 48 90 98 63 81 8 23 74 67 70 51 93 97 4 62 7 27 72 24 66 86 12 88 5 96 10 20 82 3 45 8 89 38 50 34 21 84 77 99 73 13 57 32 1 33 36 53 46 15 92 75 87 69 56 78 80 52 44 95 76 17 47 71
27 56 69 19 43 61 44 86 30 3 17 10 95 26 32 40 15 20 84 31 62 41 42 80 55 60 65 12 36 92 29 23 7 66 50 38 59 49 91 99 64 82 9 24 75 68 71 52 94 98 5 63 8 28 73 25 67 87 13 89 6 97 11 21 83 4 46 9 90 39 51 35 22 85 78 2 74 14 58 33 1 34 37 54 47 16 93 76 88 70 57 79 81 53 45 96 77 18 48 72
28 57 70 20 44 62 45 87 31 4 18 11 96 27 33 41 16 21 85 32 63 42 43 81 56 61 66 13 37 93 30 24 8 67 51 39 60 50 92 2 65 83 10 25 76 69 72 53 95 99 6 64 9 29 74 26 68 88 14 90 7 98 12 22 84 5 47 10 91 40 52 36 23 86 79 3 75 15 59 34 1 35 38 55 48 17 94 77 89 71 58 80 82 54 46 97 78 19 49 73
29 58 71 21 45 63 46 88 32 5 19 12 97 28 34 42 17 22 86 33 64 43 44 82 57 62 67 14 38 94 31 25 9 68 52 40 61 51 93 3 66 84 11 26 77 70 73 54 96 2 7 65 10 30 75 27 69 89 15 91 8 99 13 23 85 6 48 11 92 41 53 37 24 87 80 4 76 16 60 35 1 36 39 56 49 18 95 78 90 72 59 81 83 55 47 98 79 20 50 74
30 59 72 22 46 64 47 89 33 6 20 13 98 29 35 43 18 23 87 34 65 44 45 83 58 63 68 15 39 95 32 26 10 69 53 41 62 52 94 4 67 85 12 27 78 71 74 55 97 3 8 66 11 31 76 28 70 90 16 92 9 2 14 24 86 7 49 12 93 42 54 38 25 88 81 5 77 17 61 36 1 37 40 57 50 19 96 79 91 73 60 82 84 56 48 99 80 21 51 75
31 60 73 23 47 65 48 90 34 7 21 14 99 30 36 44 19 24 88 35 66 45 46 84 59 64 69 16 40 96 33 27 11 70 54 42 63 53 95 5 68 86 13 28 79 72 75 56 98 4 9 67 12 32 77 29 71 91 17 93 10 3 15 25 87 8 50 13 94 43 55 39 26 89 82 6 78 18 62 37 1 38 41 58 51 20 97 80 92 74 61 83 85 57 49 2 81 22 52 76
32 61 74 24 48 66 49 91 35 8 22 15 2 31 37 45 20 25 89 36 67 46 47 85 60 65 70 17 41 97 34 28 12 71 55 43 64 54 96 6 69 87 14 29 80 73 76 57 99 5 10 68 13 33 78 30 72 92 18 94 11 4 16 26 88 9 51 14 95 44 56 40 27 90 83 7 79 19 63 38 1 39 42 59 52 21 98 81 93 75 62 84 86 58 50 3 82 23 53 77
33 62 75 25 49 67 50 92 36 9 23 16 3 32 38 46 21 26 90 37 68 47 48 86 61 66 71 18 42 98 35 29 13 72 56 44 65 55 97 7 70 88 15 30 81 74 77 58 2 6 11 69 14 34 79 31 73 93 19 95 12 5 17 27 89 10 52 15 96 45 57 41 28 91 84 8 80 20 64 39 1 40 43 60 53 22 99 82 94 76 63 85 87 59 51 4 83 24 54 78
34 63 76 26 50 68 51 93 37 10 24 17 4 33 39 47 22 27 91 38 69 48 49 87 62 67 72 19 43 99 36 30 14 73 57 45 66 56 98 8 71 89 16 31 82 75 78 59 3 7 12 70 15 35 80 32 74 94 20 96 13 6 18 28 90 11 53 16 97 46 58 42 29 92 85 9 81 21 65 40 1 41 44 61 54 23 2 83 95 77 64 86 88 60 52 5 84 25 55 79
35 64 77 27 51 69 52 94 38 11 25 18 5 34 40 48 23 28 92 39 70 49 50 88 63 68 73 20 44 2 37 31 15 74 58 46 67 57 99 9 72 90 17 32 83 76 79 60 4 8 13 71 16 36 81 33 75 95 21 97 14 7 19 29 91 12 54 17 98 47 59 43 30 93 86 10 82 22 66 41 1 42 45 62 55 24 3 84 96 78 65 87 89 61 53 6 85 26 56 80
36 65 78 28 52 70 53 95 39 12 26 19 6 35 41 49 24 29 93 40 71 50 51 89 64 69 74 21 45 3 38 32 16 75 59 47 68 58 2 10 73 91 18 33 84 77 80 61 5 9 14 72 17 37 82 34 76 96 22 98 15 8 20 30 92 13 55 18 99 48 60 44 31 94 87 11 83 23 67 42 1 43 46 63 56 25 4 85 97 79 66 88 90 62 54 7 86 27 57 81
37 66 79 29 53 71 54 96 40 13 27 20 7 36 42 50 25 30 94 41 72 51 52 90 65 70 75 22 46 4 39 33 17 76 60 48 69 59 3 11 74 92 19 34 85 78 81 62 6 10 15 73 18 38 83 35 77 97 23 99 16 9 21 31 93 14 56 19 2 49 61 45 32 95 88 12 84 24 68 43 1 44 47 64 57 26 5 86 98 80 67 89 91 63 55 8 87 28 58 82
38 67 80 30 54 72 55 97 41 14 28 21 8 37 43 51 26 31 95 42 73 52 53 91 66 71 76 23 47 5 40 34 18 77 61 49 70 60 4 12 75 93 20 35 86 79 82 63 7 11 16 74 19 39 84 36 78 98 24 2 17 10 22 32 94 15 57 20 3 50 62 46 33 96 89 13 85 25 69 44 1 45 48 65 58 27 6 87 99 81 68 90 92 64 56 9 88 29 59 83
39 68 81 31 55 73 56 98 42 15 29 22 9 38 44 52 27 32 96 43 74 53 54 92 67 72 77 24 48 6 41 35 19 78 62 50 71 61 5 13 76 94 21 36 87 80 83 64 8 12 17 75 20 40 85 37 79 99 25 3 18 11 23 33 95 16 58 21 4 51 63 47 34 97 90 14 86 26 70 45 1 46 49 66 59 28 7 88 2 82 69 91 93 65 57 10 89 30 60 84
40 69 82 32 56 74 57 99 43 16 30 23 10 39 45 53 28 33 97 44 75 54 55 93 68 73 78 25 49 7 42 36 20 79 63 51 72 62 6 14 77 95 22 37 88 81 84 65 9 13 18 76 21 41 86 38 80 2 26 4 19 12 24 34 96 17 59 22 5 52 64 48 35 98 91 15 87 27 71 46 1 47 50 67 60 29 8 89 3 83 70 92 94 66 58 11 90 31 61 85
41 70 83 33 57 75 58 2 44 17 31 24 11 40 46 54 29 34 98 45 76 55 56 94 69 74 79 26 50 8 43 37 21 80 64 52 73 63 7 15 78 96 23 38 89 82 85 66 10 14 19 77 22 42 87 39 81 3 27 5 20 13 25 35 97 18 60 23 6 53 65 49 36 99 92 16 88 28 72 47 1 48 51 68 61 30 9 90 4 84 71 93 95 67 59 12 91 32 62 86
42 71 84 34 58 76 59 3 45 18 32 25 12 41 47 55 30 35 99 46 77 56 57 95 70 75 80 27 51 9 44 38 22 81 65 53 74 64 8 16 79 97 24 39 90 83 86 67 11 15 20 78 23 43 88 40 82 4 28 6 21 14 26 36 98 19 61 24 7 54 66 50 37 2 93 17 89 29 73 48 1 49 52 69 62 31 10 91 5 85 72 94 96 68 60 13 92 33 63 87
43 72 85 35 59 77 60 4 46 19 33 26 13 42 48 56 31 36 2 47 78 57 58 96 71 76 81 28 52 10 45 39 23 82 66 54 75 65 9 17 80 98 25 40 91 84 87 68 12 16 21 79 24 44 89 41 83 5 29 7 22 15 27 37 99 20 62 25 8 55 67 51 38 3 94 18 90 30 74 49 1 50 53 70 63 32 11 92 6 86 73 95 97 69 61 14 93 34 64 88
44 73 86 36 60 78 61 5 47 20 34 27 14 43 49 57 32 37 3 48 79 58 59 97 72 77 82 29 53 11 46 40 24 83 67 55 76 66 10 18 81 99 26 41 92 85 88 69 13 17 22 80 25 45 90 42 84 6 30 8 23 16 28 38 2 21 63 26 9 56 68 52 39 4 95 19 91 31 75 50 1 51 54 71 64 33 12 93 7 87 74 96 98 70 62 15 94 35 65 89
45 74 87 37 61 79 62 6 48 21 35 28 15 44 50 58 33 38 4 49 80 59 60 98 73 78 83 30 54 12 47 41 25 84 68 56 77 67 11 19 82 2 27 42 93 86 89 70 14 18 23 81 26 46 91 43 85 7 31 9 24 17 29 39 3 22 64 27 10 57 69 53 40 5 96 20 92 32 76 51 1 52 55 72 65 34 13 94 8 88 75 97 99 71 63 16 95 36 66 90
46 75 88 38 62 80 63 7 49 22 36 29 16 45 51 59 34 39 5 50 81 60 61 99 74 79 84 31 55 13 48 42 26 85 69 57 78 68 12 20 83 3 28 43 94 87 90 71 15 19 24 82 27 47 92 44 86 8 32 10 25 18 30 40 4 23 65 28 11 58 70 54 41 6 97 21 93 33 77 52 1 53 56 73 66 35 14 95 9 89 76 98 2 72 64 17 96 37 67 91
47 76 89 39 63 81 64 8 50 23 37 30 17 46 52 60 35 40 6 51 82 61 62 2 75 80 85 32 56 14 49 43 27 86 70 58 79 69 13 21 84 4 29 44 95 88 91 72 16 20 25 83 28 48 93 45 87 9 33 11 26 19 31 41 5 24 66 29 12 59 71 55 42 7 98 22 94 34 78 53 1 54 57 74 67 36 15 96 10 90 77 99 3 73 65 18 97 38 68 92
48 77 90 40 64 82 65 9 51 24 38 31 18 47 53 61 36 41 7 52 83 62 63 3 76 81 86 33 57 15 50 44 28 87 71 59 80 70 14 22 85 5 30 45 96 89 92 73 17 21 26 84 29 49 94 46 88 10 34 12 27 20 32 42 6 25 67 30 13 60 72 56 43 8 99 23 95 35 79 54 1 55 58 75 68 37 16 97 11 91 78 2 4 74 66 19 98 39 69 93
49 78 91 41 65 83 66 10 52 25 39 32 19 48 54 62 37 42 8 53 84 63 64 4 77 82 87 34 58 16 51 45 29 88 72 60 81 71 15 23 86 6 31 46 97 90 93 74 18 22 27 85 30 50 95 47 89 11 35 13 28 21 33 43 7 26 68 31 14 61 73 57 44 9 2 24 96 36 80 55 1 56 59 76 69 38 17 98 12 92 79 3 5 75 67 20 99 40 70 94
50 79 92 42 66 84 67 11 53 26 40 33 20 49 55 63 38 43 9 54 85 64 65 5 78 83 88 35 59 17 52 46 30 89 73 61 82 72 16 24 87 7 32 47 98 91 94 75 19 23 28 86 31 51 96 48 90 12 36 14 29 22 34 44 8 27 69 32 15 62 74 58 45 10 3 25 97 37 81 56 1 57 60 77 70 39 18 99 13 93 80 4 6 76 68 21 2 41 71 95
51 80 93 43 67 85 68 12 54 27 41 34 21 50 56 64 39 44 10 55 86 65 66 6 79 84 89 36 60 18 53 47 31 90 74 62 83 73 17 25 88 8 33 48 99 92 95 76 20 24 29 87 32 52 97 49 91 13 37 15 30 23 35 45 9 28 70 33 16 63 75 59 46 11 4 26 98 38 82 57 1 58 61 78 71 40 19 2 14 94 81 5 7 77 69 22 3 42 72 96
52 81 94 44 68 86 69 13 55 28 42 35 22 51 57 65 40 45 11 56 87 66 67 7 80 85 90 37 61 19 54 48 32 91 75 63 84 74 18 26 89 9 34 49 2 93 96 77 21 25 30 88 33 53 98 50 92 14 38 16 31 24 36 46 10 29 71 34 17 64 76 60 47 12 5 27 99 39 83 58 1 59 62 79 72 41 20 3 15 95 82 6 8 78 70 23 4 43 73 97
53 82 95 45 69 87 70 14 56 29 43 36 23 52 58 66 41 46 12 57 88 67 68 8 81 86 91 38 62 20 55 49 33 92 76 64 85 75 19 27 90 10 35 50 3 94 97 78 22 26 31 89 34 54 99 51 93 15 39 17 32 25 37 47 11 30 72 35 18 65 77 61 48 13 6 28 2 40 84 59 1 60 63 80 73 42 21 4 16 96 83 7 9 79 71 24 5 44 74 98
54 83 96 46 70 88 71 15 57 30 44 37 24 53 59 67 42 47 13 58 89 68 69 9 82 87 92 39 63 21 56 50 34 93 77 65 86 76 20 28 91 11 36 51 4 95 98 79 23 27 32 90 35 55 2 52 94 16 40 18 33 26 38 48 12 31 73 36 19 66 78 62 49 14 7 29 3 41 85 60 1 61 64 81 74 43 22 5 17 97 84 8 10 80 72 25 6 45 75 99
55 84 97 47 71 89 72 16 58 31 45 38 25 54 60 68 43 48 14 59 90 69 70 10 83 88 93 40 64 22 57 51 35 94 78 66 87 77 21 29 92 12 37 52 5 96 99 80 24 28 33 91 36 56 3 53 95 17 41 19 34 27 39 49 13 32 74 37 20 67 79 63 50 15 8 30 4 42 86 61 1 62 65 82 75 44 23 6 18 98 85 9 11 81 73 26 7 46 76 2
56 85 98 48 72 90 73 17 59 32 46 39 26 55 61 69 44 49 15 60 91 70 71 11 84 89 94 41 65 23 58 52 36 95 79 67 88 78 22 30 93 13 38 53 6 97 2 81 25 29 34 92 37 57 4 54 96 18 42 20 35 28 40 50 14 33 75 38 21 68 80 64 51 16 9 31 5 43 87 62 1 63 66 83 76 45 24 7 19 99 86 10 12 82 74 27 8 47 77 3
57 86 99 49 73 91 74 18 60 33 47 40 27 56 62 70 45 50 16 61 92 71 72 12 85 90 95 42 66 24 59 53 37 96 80 68 89 79 23 31 94 14 39 54 7 98 3 82 26 30 35 93 38 58 5 55 97 19 43 21 36 29 41 51 15 34 76 39 22 69 81 65 52 17 10 32 6 44 88 63 1 64 67 84 77 46 25 8 20 2 87 11 13 83 75 28 9 48 78 4
58 87 2 50 74 92 75 19 61 34 48 41 28 57 63 71 46 51 17 62 93 72 73 13 86 91 96 43 67 25 60 54 38 97 81 69 90 80 24 32 95 15 40 55 8 99 4 83 27 31 36 94 39 59 6 56 98 20 44 22 37 30 42 52 16 35 77 40 23 70 82 66 53 18 11 33 7 45 89 64 1 65 68 85 78 47 26 9 21 3 88 12 14 84 76 29 10 49 79 5
59 88 3 51 75 93 76 20 62 35 49 42 29 58 64 72 47 52 18 63 94 73 74 14 87 92 97 44 68 26 61 55 39 98 82 70 91 81 25 33 96 16 41 56 9 2 5 84 28 32 37 95 40 60 7 57 99 21 45 23 38 31 43 53 17 36 78 41 24 71 83 67 54 19 12 34 8 46 90 65 1 66 69 86 79 48 27 10 22 4 89 13 15 85 77 30 11 50 80 6
60 89 4 52 76 94 77 21 63 36 50 43 30 59 65 73 48 53 19 64 95 74 75 15 88 93 98 45 69 27 62 56 40 99 83 71 92 82 26 34 97 17 42 57 10 3 6 85 29 33 38 96 41 61 8 58 2 22 46 24 39 32 44 54 18 37 79 42 25 72 84 68 55 20 13 35 9 47 91 66 1 67 70 87 80 49 28 11 23 5 90 14 16 86 78 31 12 51 81 7
61 90 5 53 77 95 78 22 64 37 51 44 31 60 66 74 49 54 20 65 96 75 76 16 89 94 99 46 70 28 63 57 41 2 84 72 93 83 27 35 98 18 43 58 11 4 7 86 30 34 39 97 42 62 9 59 3 23 47 25 40 33 45 55 19 38 80 43 26 73 85 69 56 21 14 36 10 48 92 67 1 68 71 88 81 50 29 12 24 6 91 15 17 87 79 32 13 52 82 8
62 91 6 54 78 96 79 23 65 38 52 45 32 61 67 75 50 55 21 66 97 76 77 17 90 95 2 47 71 29 64 58 42 3 85 73 94 84 28 36 99 19 44 59 12 5 8 87 31 35 40 98 43 63 10 60 4 24 48 26 41 34 46 56 20 39 81 44 27 74 86 70 57 22 15 37 11 49 93 68 1 69 72 89 82 51 30 13 25 7 92 16 18 88 80 33 14 53 83 9
63 92 7 55 79 97 80 24 66 39 53 46 33 62 68 76 51 56 22 67 98 77 78 18 91 96 3 48 72 30 65 59 43 4 86 74 95 85 29 37 2 20 45 60 13 6 9 88 32 36 41 99 44 64 11 61 5 25 49 27 42 35 47 57 21 40 82 45 28 75 87 71 58 23 16 38 12 50 94 69 1 70 73 90 83 52 31 14 26 8 93 17 19 89 81 34 15 54 84 10
64 93 8 56 80 98 81 25 67 40 54 47 34 63 69 77 52 57 23 68 99 78 79 19 92 97 4 49 73 31 66 60 44 5 87 75 96 86 30 38 3 21 46 61 14 7 10 89 33 37 42 2 45 65 12 62 6 26 50 28 43 36 48 58 22 41 83 46 29 76 88 72 59 24 17 39 13 51 95 70 1 71 74 91 84 53 32 15 27 9 94 18 20 90 82 35 16 55 85 11
65 94 9 57 81 99 82 26 68 41 55 48 35 64 70 78 53 58 24 69 2 79 80 20 93 98 5 50 74 32 67 61 45 6 88 76 97 87 31 39 4 22 47 62 15 8 11 90 34 38 43 3 46 66 13 63 7 27 51 29 44 37 49 59 23 42 84 47 30 77 89 73 60 25 18 40 14 52 96 71 1 72 75 92 85 54 33 16 28 10 95 19 21 91 83 36 17 56 86 12
66 95 10 58 82 2 83 27 69 42 56 49 36 65 71 79 54 59 25 70 3 80 81 21 94 99 6 51 75 33 68 62 46 7 89 77 98 88 32 40 5 23 48 63 16 9 12 91 35 39 44 4 47 67 14 64 8 28 52 30 45 38 50 60 24 43 85 48 31 78 90 74 61 26 19 41 15 53 97 72 1 73 76 93 86 55 34 17 29 11 96 20 22 92 84 37 18 57 87 13
67 96 11 59 83 3 84 28 70 43 57 50 37 66 72 80 55 60 26 71 4 81 82 22 95 2 7 52 76 34 69 63 47 8 90 78 99 89 33 41 6 24 49 64 17 10 13 92 36 40 45 5 48 68 15 65 9 29 53 31 46 39 51 61 25 44 86 49 32 79 91 75 62 27 20 42 16 54 98 73 1 74 77 94 87 56 35 18 30 12 97 21 23 93 85 38 19 58 88 14
68 97 12 60 84 4 85 29 71 44 58 51 38 67 73 81 56 61 27 72 5 82 83 23 96 3 8 53 77 35 70 64 48 9 91 79 2 90 34 42 7 25 50 65 18 11 14 93 37 41 46 6 49 69 16 66 10 30 54 32 47 40 52 62 26 45 87 50 33 80 92 76 63 28 21 43 17 55 99 74 1 75 78 95 88 57 36 19 31 13 98 22 24 94 86 39 20 59 89 15
69 98 13 61 85 5 86 30 72 45 59 52 39 68 74 82 57 62 28 73 6 83 84 24 97 4 9 54 78 36 71 65 49 10 92 80 3 91 35 43 8 26 51 66 19 12 15 94 38 42 47 7 50 70 17 67 11 31 55 33 48 41 53 63 27 46 88 51 34 81 93 77 64 29 22 44 18 56 2 75 1 76 79 96 89 58 37 20 32 14 99 23 25 95 87 40 21 60 90 16
70 99 14 62 86 6 87 31 73 46 60 53 40 69 75 83 58 63 29 74 7 84 85 25 98 5 10 55 79 37 72 66 50 11 93 81 4 92 36 44 9 27 52 67 20 13 16 95 39 43 48 8 51 71 18 68 12 32 56 34 49 42 54 64 28 47 89 52 35 82 94 78 65 30 23 45 19 57 3 76 1 77 80 97 90 59 38 21 33 15 2 24 26 96 88 41 22 61 91 17
71 2 15 63 87 7 88 32 74 47 61 54 41 70 76 84 59 64 30 75 8 85 86 26 99 6 11 56 80 38 73 67 51 12 94 82 5 93 37 45 10 28 53 68 21 14 17 96 40 44 49 9 52 72 19 69 13 33 57 35 50 43 55 65 29 48 90 53 36 83 95 79 66 31 24 46 20 58 4 77 1 78 81 98 91 60 39 22 34 16 3 25 27 97 89 42 23 62 92 18
72 3 16 64 88 8 89 33 75 48 62 55 42 71 77 85 60 65 31 76 9 86 87 27 2 7 12 57 81 39 74 68 52 13 95 83 6 94 38 46 11 29 54 69 22 15 18 97 41 45 50 10 53 73 20 70 14 34 58 36 51 44 56 66 30 49 91 54 37 84 96 80 67 32 25 47 21 59 5 78 1 79 82 99 92 61 40 23 35 17 4 26 28 98 90 43 24 63 93 19
73 4 17 65 89 9 90 34 76 49 63 56 43 72 78 86 61 66 32 77 10 87 88 28 3 8 13 58 82 40 75 69 53 14 96 84 7 95 39 47 12 30 55 70 23 16 19 98 42 46 51 11 54 74 21 71 15 35 59 37 52 45 57 67 31 50 92 55 38 85 97 81 68 33 26 48 22 60 6 79 1 80 83 2 93 62 41 24 36 18 5 27 29 99 91 44 25 64 94 20
74 5 18 66 90 10 91 35 77 50 64 57 44 73 79 87 62 67 33 78 11 88 89 29 4 9 14 59 83 41 76 70 54 15 97 85 8 96 40 48 13 31 56 71 24 17 20 99 43 47 52 12 55 75 22 72 16 36 60 38 53 46 58 68 32 51 93 56 39 86 98 82 69 34 27 49 23 61 7 80 1 81 84 3 94 63 42 25 37 19 6 28 30 2 92 45 26 65 95 21
75 6 19 67 91 11 92 36 78 51 65 58 45 74 80 88 63 68 34 79 12 89 90 30 5 10 15 60 84 42 77 71 55 16 98 86 9 97 41 49 14 32 57 72 25 18 21 2 44 48 53 13 56 76 23 73 17 37 61 39 54 47 59 69 33 52 94 57 40 87 99 83 70 35 28 50 24 62 8 81 1 82 85 4 95 64 43 26 38 20 7 29 31 3 93 46 27 66 96 22
76 7 20 68 92 12 93 37 79 52 66 59 46 75 81 89 64 69 35 80 13 90 91 31 6 11 16 61 85 43 78 72 56 17 99 87 10 98 42 50 15 33 58 73 26 19 22 3 45 49 54 14 57 77 24 74 18 38 62 40 55 48 60 70 34 53 95 58 41 88 2 84 71 36 29 51 25 63 9 82 1 83 86 5 96 65 44 27 39 21 8 30 32 4 94 47 28 67 97 23
77 8 21 69 93 13 94 38 80 53 67 60 47 76 82 90 65 70 36 81 14 91 92 32 7 12 17 62 86 44 79 73 57 18 2 88 11 99 43 51 16 34 59 74 27 20 23 4 46 50 55 15 58 78 25 75 19 39 63 41 56 49 61 71 35 54 96 59 42 89 3 85 72 37 30 52 26 64 10 83 1 84 87 6 97 66 45 28 40 22 9 31 33 5 95 48 29 68 98 24
78 9 22 70 94 14 95 39 81 54 68 61 48 77 83 91 66 71 37 82 15 92 93 33 8 13 18 63 87 45 80 74 58 19 3 89 12 2 44 52 17 35 60 75 28 21 24 5 47 51 56 16 59 79 26 76 20 40 64 42 57 50 62 72 36 55 97 60 43 90 4 86 73 38 31 53 27 65 11 84 1 85 88 7 98 67 46 29 41 23 10 32 34 6 96 49 30 69 99 25
79 10 23 71 95 15 96 40 82 55 69 62 49 78 84 92 67 72 38 83 16 93 94 34 9 14 19 64 88 46 81 75 59 20 4 90 13 3 45 53 18 36 61 76 29 22 25 6 48 52 57 17 60 80 27 77 21 41 65 43 58 51 63 73 37 56 98 61 44 91 5 87 74 39 32 54 28 66 12 85 1 86 89 8 99 68 47 30 42 24 11 33 35 7 97 50 31 70 2 26
80 11 24 72 96 16 97 41 83 56 70 63 50 79 85 93 68 73 39 84 17 94 95 35 10 15 20 65 89 47 82 76 60 21 5 91 14 4 46 54 19 37 62 77 30 23 26 7 49 53 58 18 61 81 28 78 22 42 66 44 59 52 64 74 38 57 99 62 45 92 6 88 75 40 33 55 29 67 13 86 1 87 90 9 2 69 48 31 43 25 12 34 36 8 98 51 32 71 3 27
81 12 25 73 97 17 98 42 84 57 71 64 51 80 86 94 69 74 40 85 18 95 96 36 11 16 21 66 90 48 83 77 61 22 6 92 15 5 47 55 20 38 63 78 31 24 27 8 50 54 59 19 62 82 29 79 23 43 67 45 60 53 65 75 39 58 2 63 46 93 7 89 76 41 34 56 30 68 14 87 1 88 91 10 3 70 49 32 44 26 13 35 37 9 99 52 33 72 4 28
82 13 26 74 98 18 99 43 85 58 72 65 52 81 87 95 70 75 41 86 19 96 97 37 12 17 22 67 91 49 84 78 62 23 7 93 16 6 48 56 21 39 64 79 32 25 28 9 51 55 60 20 63 83 30 80 24 44 68 46 61 54 66 76 40 59 3 64 47 94 8 90 77 42 35 57 31 69 15 88 1 89 92 11 4 71 50 33 45 27 14 36 38 10 2 53 34 73 5 29
83 14 27 75 99 19 2 44 86 59 73 66 53 82 88 96 71 76 42 87 20 97 98 38 13 18 23 68 92 50 85 79 63 24 8 94 17 7 49 57 22 40 65 80 33 26 29 10 52 56 61 21 64 84 31 81 25 45 69 47 62 55 67 77 41 60 4 65 48 95 9 91 78 43 36 58 32 70 16 89 1 90 93 12 5 72 51 34 46 28 15 37 39 11 3 54 35 74 6 30
84 15 28 76 2 20 3 45 87 60 74 67 54 83 89 97 72 77 43 88 21 98 99 39 14 19 24 69 93 51 86 80 64 25 9 95 18 8 50 58 23 41 66 81 34 27 30 11 53 57 62 22 65 85 32 82 26 46 70 48 63 56 68 78 42 61 5 66 49 96 10 92 79 44 37 59 33 71 17 90 1 91 94 13 6 73 52 35 47 29 16 38 40 12 4 55 36 75 7 31
85 16 29 77 3 21 4 46 88 61 75 68 55 84 90 98 73 78 44 89 22 99 2 40 15 20 25 70 94 52 87 81 65 26 10 96 19 9 51 59 24 42 67 82 35 28 31 12 54 58 63 23 66 86 33 83 27 47 71 49 64 57 69 79 43 62 6 67 50 97 11 93 80 45 38 60 34 72 18 91 1 92 95 14 7 74 53 36 48 30 17 39 41 13 5 56 37 76 8 32
86 17 30 78 4 22 5 47 89 62 76 69 56 85 91 99 74 79 45 90 23 2 3 41 16 21 26 71 95 53 88 82 66 27 11 97 20 10 52 60 25 43 68 83 36 29 32 13 55 59 64 24 67 87 34 84 28 48 72 50 65 58 70 80 44 63 7 68 51 98 12 94 81 46 39 61 35 73 19 92 1 93 96 15 8 75 54 37 49 31 18 40 42 14 6 57 38 77 9 33
87 18 31 79 5 23 6 48 90 63 77 70 57 86 92 2 75 80 46 91 24 3 4 42 17 22 27 72 96 54 89 83 67 28 12 98 21 11 53 61 26 44 69 84 37 30 33 14 56 60 65 25 68 88 35 85 29 49 73 51 66 59 71 81 45 64 8 69 52 99 13 95 82 47 40 62 36 74 20 93 1 94 97 16 9 76 55 38 50 32 19 41 43 15 7 58 39 78 10 34
88 19 32 80 6 24 7 49 91 64 78 71 58 87 93 3 76 81 47 92 25 4 5 43 18 23 28 73 97 55 90 84 68 29 13 99 22 12 54 62 27 45 70 85 38 31 34 15 57 61 66 26 69 89 36 86 30 50 74 52 67 60 72 82 46 65 9 70 53 2 14 96 83 48 41 63 37 75 21 94 1 95 98 17 10 77 56 39 51 33 20 42 44 16 8 59 40 79 11 35
89 20 33 81 7 25 8 50 92 65 79 72 59 88 94 4 77 82 48 93 26 5 6 44 19 24 29 74 98 56 91 85 69 30 14 2 23 13 55 63 28 46 71 86 39 32 35 16 58 62 67 27 70 90 37 87 31 51 75 53 68 61 73 83 47 66 10 71 54 3 15 97 84 49 42 64 38 76 22 95 1 96 99 18 11 78 57 40 52 34 21 43 45 17 9 60 41 80 12 36
90 21 34 82 8 26 9 51 93 66 80 73 60 89 95 5 78 83 49 94 27 6 7 45 20 25 30 75 99 57 92 86 70 31 15 3 24 14 56 64 29 47 72 87 40 33 36 17 59 63 68 28 71 91 38 88 32 52 76 54 69 62 74 84 48 67 11 72 55 4 16 98 85 50 43 65 39 77 23 96 1 97 2 19 12 79 58 41 53 35 22 44 46 18 10 61 42 81 13 37
91 22 35 83 9 27 10 52 94 67 81 74 61 90 96 6 79 84 50 95 28 7 8 46 21 26 31 76 2 58 93 87 71 32 16 4 25 15 57 65 30 48 73 88 41 34 37 18 60 64 69 29 72 92 39 89 33 53 77 55 70 63 75 85 49 68 12 73 56 5 17 99 86 51 44 66 40 78 24 97 1 98 3 20 13 80 59 42 54 36 23 45 47 19 11 62 43 82 14 38
92 23 36 84 10 28 11 53 95 68 82 75 62 91 97 7 80 85 51 96 29 8 9 47 22 27 32 77 3 59 94 88 72 33 17 5 26 16 58 66 31 49 74 89 42 35 38 19 61 65 70 30 73 93 40 90 34 54 78 56 71 64 76 86 50 69 13 74 57 6 18 2 87 52 45 67 41 79 25 98 1 99 4 21 14 81 60 43 55 37 24 46 48 20 12 63 44 83 15 39
93 24 37 85 11 29 12 54 96 69 83 76 63 92 98 8 81 86 52 97 30 9 10 48 23 28 33 78 4 60 95 89 73 34 18 6 27 17 59 67 32 50 75 90 43 36 39 20 62 66 71 31 74 94 41 91 35 55 79 57 72 65 77 87 51 70 14 75 58 7 19 3 88 53 46 68 42 80 26 99 1 2 5 22 15 82 61 44 56 38 25 47 49 21 13 64 45 84 16 40
94 25 38 86 12 30 13 55 97 70 84 77 64 93 99 9 82 87 53 98 31 10 11 49 24 29 34 79 5 61 96 90 74 35 19 7 28 18 60 68 33 51 76 91 44 37 40 21 63 67 72 32 75 95 42 92 36 56 80 58 73 66 78 88 52 71 15 76 59 8 20 4 89 54 47 69 43 81 27 2 1 3 6 23 16 83 62 45 57 39 26 48 50 22 14 65 46 85 17 41
95 26 39 87 13 31 14 56 98 71 85 78 65 94 2 10 83 88 54 99 32 11 12 50 25 30 35 80 6 62 97 91 75 36 20 8 29 19 61 69 34 52 77 92 45 38 41 22 64 68 73 33 76 96 43 93 37 57 81 59 74 67 79 89 53 72 16 77 60 9 21 5 90 55 48 70 44 82 28 3 1 4 7 24 17 84 63 46 58 40 27 49 51 23 15 66 47 86 18 42
96 27 40 88 14 32 15 57 99 72 86 79 66 95 3 11 84 89 55 2 33 12 13 51 26 31 36 81 7 63 98 92 76 37 21 9 30 20 62 70 35 53 78 93 46 39 42 23 65 69 74 34 77 97 44 94 38 58 82 60 75 68 80 90 54 73 17 78 61 10 22 6 91 56 49 71 45 83 29 4 1 5 8 25 18 85 64 47 59 41 28 50 52 24 16 67 48 87 19 43
97 28 41 89 15 33 16 58 2 73 87 80 67 96 4 12 85 90 56 3 34 13 14 52 27 32 37 82 8 64 99 93 77 38 22 10 31 21 63 71 36 54 79 94 47 40 43 24 66 70 75 35 78 98 45 95 39 59 83 61 76 69 81 91 55 74 18 79 62 11 23 7 92 57 50 72 46 84 30 5 1 6 9 26 19 86 65 48 60 42 29 51 53 25 17 68 49 88 20 44
98 29 42 90 16 34 17 59 3 74 88 81 68 97 5 13 86 91 57 4 35 14 15 53 28 33 38 83 9 65 2 94 78 39 23 11 32 22 64 72 37 55 80 95 48 41 44 25 67 71 76 36 79 99 46 96 40 60 84 62 77 70 82 92 56 75 19 80 63 12 24 8 93 58 51 73 47 85 31 6 1 7 10 27 20 87 66 49 61 43 30 52 54 26 18 69 50 89 21 45
99 30 43 91 17 35 18 60 4 75 89 82 69 98 6 14 87 92 58 5 36 15 16 54 29 34 39 84 10 66 3 95 79 40 24 12 33 23 65 73 38 56 81 96 49 42 45 26 68 72 77 37 80 2 47 97 41 61 85 63 78 71 83 93 57 76 20 81 64 13 25 9 94 59 52 74 48 86 32 7 1 8 11 28 21 88 67 50 62 44 31 53 55 27 19 70 51 90 22 46
2 31 44 92 18 36 19 61 5 76 90 83 70 99 7 15 88 93 59 6 37 16 17 55 30 35 40 85 11 67 4 96 80 41 25 13 34 24 66 74 39 57 82 97 50 43 46 27 69 73 78 38 81 3 48 98 42 62 86 64 79 72 84 94 58 77 21 82 65 14 26 10 95 60 53 75 49 87 33 8 1 9 12 29 22 89 68 51 63 45 32 54 56 28 20 71 52 91 23 47
3 32 45 93 19 37 20 62 6 77 91 84 71 2 8 16 89 94 60 7 38 17 18 56 31 36 41 86 12 68 5 97 81 42 26 14 35 25 67 75 40 58 83 98 51 44 47 28 70 74 79 39 82 4 49 99 43 63 87 65 80 73 85 95 59 78 22 83 66 15 27 11 96 61 54 76 50 88 34 9 1 10 13 30 23 90 69 52 64 46 33 55 57 29 21 72 53 92 24 48
4 33 46 94 20 38 21 63 7 78 92 85 72 3 9 17 90 95 61 8 39 18 19 57 32 37 42 87 13 69 6 98 82 43 27 15 36 26 68 76 41 59 84 99 52 45 48 29 71 75 80 40 83 5 50 2 44 64 88 66 81 74 86 96 60 79 23 84 67 16 28 12 97 62 55 77 51 89 35 10 1 11 14 31 24 91 70 53 65 47 34 56 58 30 22 73 54 93 25 49
5 34 47 95 21 39 22 64 8 79 93 86 73 4 10 18 91 96 62 9 40 19 20 58 33 38 43 88 14 70 7 99 83 44 28 16 37 27 69 77 42 60 85 2 53 46 49 30 72 76 81 41 84 6 51 3 45 65 89 67 82 75 87 97 61 80 24 85 68 17 29 13 98 63 56 78 52 90 36 11 1 12 15 32 25 92 71 54 66 48 35 57 59 31 23 74 55 94 26 50
6 35 48 96 22 40 23 65 9 80 94 87 74 5 11 19 92 97 63 10 41 20 21 59 34 39 44 89 15 71 8 2 84 45 29 17 38 28 70 78 43 61 86 3 54 47 50 31 73 77 82 42 85 7 52 4 46 66 90 68 83 76 88 98 62 81 25 86 69 18 30 14 99 64 57 79 53 91 37 12 1 13 16 33 26 93 72 55 67 49 36 58 60 32 24 75 56 95 27 51
7 36 49 97 23 41 24 66 10 81 95 88 75 6 12 20 93 98 64 11 42 21 22 60 35 40 45 90 16 72 9 3 85 46 30 18 39 29 71 79 44 62 87 4 55 48 51 32 74 78 83 43 86 8 53 5 47 67 91 69 84 77 89 99 63 82 26 87 70 19 31 15 2 65 58 80 54 92 38 13 1 14 17 34 27 94 73 56 68 50 37 59 61 33 25 76 57 96 28 52
8 37 50 98 24 42 25 67 11 82 96 89 76 7 13 21 94 99 65 12 43 22 23 61 36 41 46 91 17 73 10 4 86 47 31 19 40 30 72 80 45 63 88 5 56 49 52 33 75 79 84 44 87 9 54 6 48 68 92 70 85 78 90 2 64 83 27 88 71 20 32 16 3 66 59 81 55 93 39 14 1 15 18 35 28 95 74 57 69 51 38 60 62 34 26 77 58 97 29 53
9 38 51 99 25 43 26 68 12 83 97 90 77 8 14 22 95 2 66 13 44 23 24 62 37 42 47 92 18 74 11 5 87 48 32 20 41 31 73 81 46 64 89 6 57 50 53 34 76 80 85 45 88 10 55 7 49 69 93 71 86 79 91 3 65 84 28 89 72 21 33 17 4 67 60 82 56 94 40 15 1 16 19 36 29 96 75 58 70 52 39 61 63 35 27 78 59 98 30 54
10 39 52 2 26 44 27 69 13 84 98 91 78 9 15 23 96 3 67 14 45 24 25 63 38 43 48 93 19 75 12 6 88 49 33 21 42 32 74 82 47 65 90 7 58 51 54 35 77 81 86 46 89 11 56 8 50 70 94 72 87 80 92 4 66 85 29 90 73 22 34 18 5 68 61 83 57 95 41 16 1 17 20 37 30 97 76 59 71 53 40 62 64 36 28 79 60 99 31 55
11 40 53 3 27 45 28 70 14 85 99 92 79 10 16 24 97 4 68 15 46 25 26 64 39 44 49 94 20 76 13 7 89 50 34 22 43 33 75 83 48 66 91 8 59 52 55 36 78 82 87 47 90 12 57 9 51 71 95 73 88 81 93 5 67 86 30 91 74 23 35 19 6 69 62 84 58 96 42 17 1 18 21 38 31 98 77 60 72 54 41 63 65 37 29 80 61 2 32 56
12 41 54 4 28 46 29 71 15 86 2 93 80 11 17 25 98 5 69 16 47 26 27 65 40 45 50 95 21 77 14 8 90 51 35 23 44 34 76 84 49 67 92 9 60 53 56 37 79 83 88 48 91 13 58 10 52 72 96 74 89 82 94 6 68 87 31 92 75 24 36 20 7 70 63 85 59 97 43 18 1 19 22 39 32 99 78 61 73 55 42 64 66 38 30 81 62 3 33 57
13 42 55 5 29 47 30 72 16 87 3 94 81 12 18 26 99 6 70 17 48 27 28 66 41 46 51 96 22 78 15 9 91 52 36 24 45 35 77 85 50 68 93 10 61 54 57 38 80 84 89 49 92 14 59 11 53 73 97 75 90 83 95 7 69 88 32 93 76 25 37 21 8 71 64 86 60 98 44 19 1 20 23 40 33 2 79 62 74 56 43 65 67 39 31 82 63 4 34 58
14 43 56 6 30 48 31 73 17 88 4 95 82 13 19 27 2 7 71 18 49 28 29 67 42 47 52 97 23 79 16 10 92 53 37 25 46 36 78 86 51 69 94 11 62 55 58 39 81 85 90 50 93 15 60 12 54 74 98 76 91 84 96 8 70 89 33 94 77 26 38 22 9 72 65 87 61 99 45 20 1 21 24 41 34 3 80 63 75 57 44 66 68 40 32 83 64 5 35 59
15 44 57 7 31 49 32 74 18 89 5 96 83 14 20 28 3 8 72 19 50 29 30 68 43 48 53 98 24 80 17 11 93 54 38 26 47 37 79 87 52 70 95 12 63 56 59 40 82 86 91 51 94 16 61 13 55 75 99 77 92 85 97 9 71 90 34 95 78 27 39 23 10 73 66 88 62 2 46 21 1 22 25 42 35 4 81 64 76 58 45 67 69 41 33 84 65 6 36 60
16 45 58 8 32 50 33 75 19 90 6 97 84 15 21 29 4 9 73 20 51 30 31 69 44 49 54 99 25 81 18 12 94 55 39 27 48 38 80 88 53 71 96 13 64 57 60 41 83 87 92 52 95 17 62 14 56 76 2 78 93 86 98 10 72 91 35 96 79 28 40 24 11 74 67 89 63 3 47 22 1 23 26 43 36 5 82 65 77 59 46 68 70 42 34 85 66 7 37 61
17 46 59 9 33 51 34 76 20 91 7 98 85 16 22 30 5 10 74 21 52 31 32 70 45 50 55 2 26 82 19 13 95 56 40 28 49 39 81 89 54 72 97 14 65 58 61 42 84 88 93 53 96 18 63 15 57 77 3 79 94 87 99 11 73 92 36 97 80 29 41 25 12 75 68 90 64 4 48 23 1 24 27 44 37 6 83 66 78 60 47 69 71 43 35 86 67 8 38 62
18 47 60 10 34 52 35 77 21 92 8 99 86 17 23 31 6 11 75 22 53 32 33 71 46 51 56 3 27 83 20 14 96 57 41 29 50 40 82 90 55 73 98 15 66 59 62 43 85 89 94 54 97 19 64 16 58 78 4 80 95 88 2 12 74 93 37 98 81 30 42 26 13 76 69 91 65 5 49 24 1 25 28 45 38 7 84 67 79 61 48 70 72 44 36 87 68 9 39 63
82 53 40 90 66 48 65 23 79 8 92 99 14 83 77 69 94 89 25 78 47 68 67 29 54 49 44 97 73 17 80 86 4 43 59 71 50 60 18 10 45 27 2 85 34 41 38 57 15 11 6 46 3 81 36 84 42 22 96 20 5 12 98 88 26 7 63 99 19 70 58 74 87 24 31 9 35 95 51 76 1 75 72 55 62 93 16 33 21 39 52 30 28 56 64 13 32 91 61 37
100 100 100 100 100 100 100 100 100 100 100 100 100 100 100 100 100 100 100 100 100 100 100 100 100 100 100 100 100 100 100 100 100 100 100 100 100 100 100 100 100 100 100 100 100 100 100 100 100 100 100 100 100 100 100 100 100 100 100 100 100 100 100 100 100 100 100 100 100 100 100 100 100 100 100 100 100 100 100 100 100 100 100 100 100 100 100 100 100 100 100 100 100 100 100 100 100 100 100 100
