695 966
791 271
520 951
884 431
453 944
948 491
457 855
935 398
537 986
917 449
468 969
984 501
483 978
964 495
469 985
945 516
429 918
938 489
449 825
959 376
583 910
951 327
624 898
930 274
656 910
864 254
610 940
881 330
551 986
984 435
549 928
964 379
585 991
891 406
485 953
855 468
387 820
939 433
506 989
854 483
371 973
866 602
264 939
838 675
163 993
951 830
121 833
912 712
200 920
952 720
232 997
960 765
195 986
922 791
131 1000
983 869
114 896
952 782
170 888
826 718
108 779
970 671
299 960
998 661
337 824
989 487
502 956
962 454
508 995
977 487
490 740
813 250
563 929
850 366
484 1000
881 516
365 988
862 623
239 992
961 753
208 977
950 769
181 961
914 780
134 965
982 831
151 956
995 805
190 996
988 806
182 955
897 773
124 845
512 721
931 209
722 906
910 184
726 966
998 240
758 977
972 219
753 992
920 239
681 966
918 285
633 986
852 353
499 829
994 330
664 996
973 332
641 941
826 300
526 906
956 380
576 963
922 387
535 959
948 424
524 909
941 385
556 862
733 306
427 945
861 518
343 852
961 509
452 894
753 442
311 785
743 474
269 856
949 587
362 967
792 605
187 953
961 766
195 821
963 626
337 981
920 644
276 988
956 712
244 993
975 749
226 978
832 752
80 992
956 912
44 985
953 941
12 760
960 748
212 991
653 779
962 126
836 980
982 144
838 962
957 124
833 925
801 92
709 912
998 203
795 971
915 176
739 736
3 980
970 977
946 7
939 960
791 21
770 951
964 181
783 915
918 132
786 865
952 79
873 887
966 14
952 967
983 15
968 809
159 982
908 823
85 994
948 909
39 961
915 922
884 7
877 910
998 33
965 996
974 31
943 781
162 957
845 795
50 980
981 930
51 981
922 930
996 8
988 694
294 930
917 636
281 870
990 589
401 926
735 525
210 830
994 620
374 776
961 402
559 978
818 419
399 988
780 589
191 987
868 796
72 820
908 748
160 950
898 790
108 947
990 839
151 1000
951 849
102 935
907 833
74 962
975 888
87 801
972 714
258 888
993 630
363 849
987 486
501 970
1000 469
531 995
864 464
400 991
862 591
271 992
994 721
273 994
818 721
97 802
796 705
91 740
883 649
234 949
934 715
219 838
974 619
355 910
926 555
371 978
989 607
382 833
917 451
466 992
935 526
409 837
783 428
355 936
968 581
387 939
943 552
391 624
996 233
763 926
771 163
608 948
906 340
566 857
834 291
543 915
876 372
504 994
730 490
240 836
851 596
255 991
973 736
237 941
956 704
252 890
1000 638
362 936
992 574
418 938
968 520
448 1000
969 552
417 969
1000 552
448 868
913 420
493 826
961 333
628 997
980 369
611 857
948 246
702 975
977 273
704 957
941 253
688 907
962 219
743 881
947 138
809 869
855 60
795 799
947 4
943 835
108 861
876 753
123 967
857 844
13 951
931 938
946 7
939 741
198 972
986 774
212 967
905 755
150 941
890 791
99 946
960 847
113 987
872 874
976 2
974 789
185 969
960 784
176 793
916 617
299 862
871 563
308 922
869 614
255 897
981 642
339 973
922 634
288 975
813 687
126 928
981 802
179 861
992 682
310 966
989 656
333 787
951 454
497 998
983 501
482 822
974 340
634 962
937 328
609 489
120 987
992 867
125 950
881 825
56 956
867 900
744 33
711 970
1000 259
741 951
961 210
751 884
927 133
794 740
54 931
885 877
8 982
922 974
967 52
915 886
29 994
989 965
24 800
900 776
124 952
979 828
151 846
977 695
282 859
980 577
403 953
925 550
375 873
915 498
417 911
788 494
294 992
910 698
212 889
986 677
309 902
974 593
381 867
811 486
325 893
956 568
388 926
972 538
434 873
793 439
354 914
940 560
380 920
729 540
189 749
986 560
426 899
817 473
344 917
891 573
318 950
974 632
342 935
994 593
401 970
963 569
394 895
967 501
466 988
837 522
315 870
930 555
375 907
997 532
465 947
741 482
259 997
975 738
237 950
956 713
243 983
934 740
194 993
831 799
32 894
813 862
950 49
901 960
972 59
913 809
104 892
975 788
187 969
913 782
131 946
956 815
141 761
994 620
374 980
978 606
372 921
806 549
257 933
947 676
271 982
963 711
252 842
793 590
203 905
850 702
148 850
955 702
253 974
941 721
220 935
953 715
238 941
941 703
238 642
766 404
362 998
918 636
282 912
884 630
254 964
947 710
237 831
962 594
368 989
999 621
378 990
989 612
377 932
984 555
429 558
921 129
792 953
661 161
500 880
980 380
600 935
996 335
661 953
953 292
661 872
984 211
773 992
677 219
458 959
887 501
386 964
966 578
388 997
868 609
259 914
866 655
211 722
978 511
467 943
928 476
452 831
991 379
612 846
999 234
765 986
775 221
554 902
998 348
650 946
988 296
692 950
953 258
695 935
968 240
728 974
981 246
735 961
960 226
734 693
41 981
614 940
732 326
406 773
966 367
599 929
923 330
593 760
993 167
826 966
989 140
849 985
990 136
854 989
945 135
810 753
57 944
989 887
102 989
886 887
935 1
934 838
96 941
924 845
79 917
876 838
38 971
999 933
66 991
992 925
67 874
914 807
107 862
913 755
158 888
944 730
214 964
901 750
151 908
915 757
158 898
993 740
253 969
944 716
228 902
980 674
306 472
942 166
776 995
946 219
727 825
864 98
766 904
956 138
818 963
903 145
758 950
901 192
709 968
888 259
629 961
979 332
647 913
928 266
662 944
999 282
717 730
782 13
769 926
608 157
451 992
801 541
260 887
978 627
351 943
904 592
312 878
972 566
406 910
955 504
451 957
970 506
464 901
969 437
532 925
949 393
556 989
750 433
317 852
860 535
325 927
781 602
179 934
965 755
210 890
918 680
238 1000
975 762
213 979
981 766
215 770
883 555
328 846
887 518
369 803
982 434
548 848
999 300
699 901
753 202
551 878
982 327
655 913
953 258
695 876
829 181
648 991
840 343
497 952
987 455
532 975
816 443
373 978
934 605
329 811
799 482
317 962
1000 645
355 982
987 627
360 917
926 557
369 827
870 458
412 801
851 389
462 918
961 456
505 855
799 350
449 958
998 509
489 979
984 490
494 902
843 408
435 890
899 455
444 963
964 519
445 980
824 535
289 852
795 563
232 923
957 691
266 928
925 662
263 1000
887 737
150 957
914 807
107 927
937 820
117 986
995 869
126 970
919 844
75 920
896 845
51 946
915 895
20 991
888 971
895 83
812 968
979 156
823 607
216 946
903 730
173 928
976 755
221 949
952 728
224 980
951 756
195 1000
903 805
98 945
918 847
71 946
960 875
85 999
875 914
867 39
828 918
955 90
865 996
961 131
830 920
972 90
882 981
949 99
850 681
169 972
848 803
45 945
979 900
79 967
967 888
79 912
912 833
79 937
955 858
97 858
957 761
196 977
767 781
799 14
785 950
971 165
806 998
885 192
693 928
968 235
733 961
855 228
627 912
996 285
711 960
931 249
682 884
993 202
791 924
979 133
846 975
904 129
775 899
932 124
808 969
846 161
685 903
780 218
562 907
871 345
526 861
734 335
399 908
634 509
125 938
709 813
976 104
872 972
954 100
854 913
857 59
798 950
958 152
806 935
915 129
786 974
803 188
615 973
978 358
620 936
997 316
681 879
998 198
800 993
1000 193
807 670
137 572
979 435
544 881
993 337
656 969
976 313
663 991
916 328
588 772
879 184
695 990
977 295
682 878
983 196
787 984
813 197
616 991
863 375
488 952
838 464
374 853
892 479
413 981
823 568
255 978
765 723
42 947
962 905
57 802
883 745
138 942
894 804
90 990
819 900
835 81
754 917
925 163
762 982
927 220
707 992
991 285
706 968
954 262
692 935
896 243
653 961
950 308
642 990
708 348
360 958
960 598
362 941
896 579
317 862
927 545
382 981
982 599
383 933
936 550
386 947
829 561
268 841
987 573
414 893
999 479
520 939
940 419
521 738
809 217
592 653
875 61
814 912
994 98
896 915
596 19
577 942
799 365
434 981
774 547
227 747
950 520
430 842
992 412
580 818
936 238
698 985
961 287
674 979
872 305
567 881
868 314
554 972
940 418
522 984
925 462
463 947
986 484
502 942
959 440
519 1000
640 481
159 959
971 800
171 711
822 540
282 831
972 549
423 962
880 539
341 895
856 554
302 743
907 441
466 968
909 502
407 922
851 515
336 932
857 596
261 991
900 730
170 692
954 522
432 896
957 464
493 940
833 447
386 994
924 608
316 682
989 366
623 649
936 26
910 954
949 44
905 966
938 61
877 945
976 68
908 729
179 947
899 768
131 873
918 742
176 869
944 693
251 993
962 742
220 949
924 729
195 962
929 767
162 983
993 821
172 987
996 815
181 982
971 801
170 967
739 797
946 58
888 888
971 0
971 857
114 886
930 772
158 948
899 790
109 888
909 779
130 869
896 739
157 968
918 811
107 935
976 828
148 929
749 781
723 32
691 992
989 301
688 688
