9219375318176738 4593569875864610
436443685983086088 163666382577361627
481671524585077888 120417881649224823
988594998624924390 247148750363656336
296164139614884624 74041035408855970
158147848591568520 69189683914123027
280856494178313164 105321185590290083
9099705673537920 4518256645084602
653830657642141404 163457665070542920
104899808233114776 48079078870923595
359881734341645910 89970434104287720
1749947637050172 874388161104523
59042990433898692 28386053145965134
3458828831177160 1701520643953465
1201666873609597500 300416719183887537
165520605023634400 74484272400100110
15229615506965680 6853327039416886
1077189710379398940 269297428328929695
26408716558462368 12959833150497457
375379558544157180 93844890069271096
1363271729817137868 340817933280613077
573463792536276520 143365948730487171
9094068643342818 3789195390032026
338977410246613476 127116529160757579
40620500539503840 17771469081729387
130931650858473976 49099369261795966
314150753221512136 78537688824498750
205410597501157236 85587749167403137
360525420287961228 150218925365119816
1945015410715329260 486253853664996879
637320918978655844 159330230314686513
20473077013512228 9952190240798961
372594973830219192 93148743997095297
85003130955310312 21250783069034232
773418806933813196 193354702358260270
411775891660953216 154415959693898467
78264288489065900 19566072561097079
67871859645531234 16967965168923960
84864235275182880 41106114013587537
25642660585985814 10684442031368836
13350963949114840 5006611666873881
288184562603555488 72046141097467572
47515570533154614 11878892795215548
129148495845352060 32287124219841687
781321494390342656 195330374242603605
99234054008183238 48157702734595392
137371267998119580 57238028490561889
22862774106746216 5715693960410025
234914354878447608 88092883332924330
570114079162512162 142528520329795482
417021008135637836 104255252581105964
29042094638201796 10890785649163369
76446950948694040 36753341857240881
1081830092204670520 270457523787914595
601182676813293942 150295669823800536
54893527945877280 25731341298789327
254883711077544142 63720928194693816
64257278702299320 30522207440274450
112705282053858580 42264480961708357
1184642893818818280 296160724226702817
21699296126945288 9493442162482989
802576200582980406 200644050789076944
991370952569333784 247842738851142055
188671415983878620 84902137338127331
45594875698578876 11398719370007530
587221062949638092 146805266279588301
940618462173450446 235154616238346420
1099492952609608724 274873238894933975
597356095068264612 149339024350810882
1027961277743128476 256990320164194554
845780477724824160 211445120082774526
31060905681720720 13977407612508723
109150681227345010 27287670723203520
17722388793413920 4430597300031609
354457247182611272 88614312372115637
149390071329907712 65358156359309312
34696464709141976 8674116322396994
547631422348591772 136907856113222381
486353261011180198 121588315836145032
108564136221809332 27141034555404126
95874281398948576 35952855713717034
343885242543826256 85971311052716480
1002496946359348290 250624237300310562
921115704241283244 345418389570404211
91992782406199752 22998196124392716
285027182975388744 71256796129024518
265831390716146016 66457848160419870
40895765338753384 15335912187219672
2886194969793024 1437460388737728
60011494512866288 15002873869192398
169365240234738076 42341310359782155
341886494069266440 142452706100927491
892049362749216952 223012341355549902
436142714331381808 109035679109538225
94397250536570986 23599312851722784
75974209229029124 28490328627369281
69258126246712640 32464746745594184
547613542352562924 136903386115571715
93132685533919860 23283171604990485
60541632699769812 27748248404197031
108084250601657256 49538614964357959
565727138982775674 141431785291861710
89933766983049440 39346023188833239
1099031315195362046 274757829543817884
894948060233208810 223737015781520710
263359431684043116 65839858391846905
672931186879113488 168232797305604405
84345475425237984 40415540367287977
7301155216950960 3194255455874841
37646763012309712 9411691059202425
265775404993541310 66443851673622684
323464008310508316 121299003406025779
540187855756340778 135046964513634112
79367094990470670 35715192838188076
724476431057152098 181119108399512440
722875974664545834 180718994327932230
36621994316107356 17606728083766573
209270443316539560 87196018262797039
588679229606835210 147169807949426640
556373391278757314 139093348364938880
21050865181608840 9648313255148824
168532101489087504 78247047230683477
484679001057217856 121169750821698425
407341659610880136 101835415430466760
722631172276273358 180657793712526392
70096742725140712 26286278735116213
737393064220414854 184348266675087228
2272903776054584 568226129436140
166409548943197220 41602387733504055
78010913077747464 34129774574450683
996168911782546854 249042228668631060
1244465266203827640 311116317357597102
1214428838176908 604266779031015
36781192608134280 13792947468564687
675763904707887092 168940976759711550
2189777574011820 1087870273093657
327584667822553952 122844250724389373
87422359553697152 32783385042198812
168839617597727670 42209904691662052
59236254432470832 14809063900119250
1307402960357179268 326850740898783777
87121452607437216 32670544880293719
405088501240442408 101272125773623455
148206432013469200 64840314167718810
137695284505026930 34423821492903720
1344268363974926640 336067091818979394
236733078027800880 59183269950181570
299489232762576504 124787180546115951
915154325013460058 228788581931193438
64208579606098152 16052145270600075
828483013815956940 207120754099060704
339017933382979396 84754483771231014
2715961988493720 1018485789850099
5487657994706498 2696521612214834
84763960162272020 31786485328089659
1307413500576327812 326853375961493261
519902978536994292 194963617313275053
1049001605317575854 262250402091430968
775660058491914290 193915015263327962
34707879363147056 8676970239452679
319571242627932596 79892811175599099
36083085812118800 13531157274874067
410943271010488194 102735818283517890
332828118149709356 83207030004831254
17336516206163440 7584725941284999
1165853360647714452 291463340930646121
468372554591999186 117093139132050504
1323017799712973468 330754450743093155
630323305205424576 157580826880785280
532423082772936384 133105771261915933
18074540071035032 4518635199156575
226469832598386480 94362430449309355
644968322326557936 161242081196512225
148892962432763028 37223241001551670
307528596042069084 76882149523167670
67174425585214560 25190409808916211
4587244541079144 2129792179143652
434881528747631812 108720382685916861
50244994854178228 24639372507923835
70103486068033536 17525871705270105
310581645617198644 77645411877337380
19232926361087604 4808231689501500
202248115815335154 50562029334746490
675606176201646880 253352316492913185
538864814333684914 134716204110714330
168614672846480952 63230502543232572
1945986969052226410 486496743249471894
121445722768029374 30361431203934248
225823888527663966 56455972485205564
1236752267745636590 309188067724894212
314687584148070638 78671896436449260
1083023271436964484 270755818612524115
503614131097236380 125903533276150331
333367527973525836 83341882497362044
12566936100584592 3141734104414497
66143288265827604 24803733345539307
990429850127719938 247607463235673898
22661656254448980 10197745367873611
182662213185605484 68498330173663471
6044514776459136 2644475269238709
95939120322738 39974778197370
1429385615664115474 357346404770685288
33379732332482124 8344933246189393
684943508837995260 171235877794735960
224234237714679276 56058559944173430
598768750156002118 149692188102869952
335065103977126908 83766276423994117
118814618064950500 56436943660241661
103205808946661520 25801452474489307
1460489183547481576 365122296750218259
4566363801813450 1902651736641850
135569145505149600 62135858469783676
83913139755448512 36711998748450057
33134832563255806 8283708361066704
1175257163134858464 293814291552280873
1916648341690700 862491789763772
525496940245605056 197061352956884792
11636168763544618 2909042269148208
693233851695381440 259962694802161379
25341669574633104 11086980556179048
657148455603015524 164287114510597650
805268337164111652 201317084955109081
302993705464221868 113622639829569675
216667986889541056 81250495317207351
4814067587633196 1203516996629934
772766591606543520 193191648530530819
361594407067839588 90398602323774565
32110494171579552 8027623684090696
185315941869604322 46328985797111162
111906813508913516 27976703720185845
771422648390982764 192855662721954855
365444705966232520 159882059073980517
152215152437201560 38053788418461852
453153544555691960 113288386733262059
1167705413084653560 291926354045779041
20725670762467480 7772126617512474
215126117712182336 53781529797147339
3419832828558816 1567423420665240
512630334598872360 128157584158709080
79452377470948608 38070930929793102
73458777017088368 18364694474256395
217372587792117268 100922987314844997
469008956969179410 117252239754606696
33563134775199372 8390783872697236
1435467514110675920 358866879379636046
82981947754299950 37341876581494040
621409064159023088 155352266658794348
22145395432701640 8304523502522509
121559253960663696 53182173734662119
150258140596014510 62607558746661592
210244529469250990 97613531662944606
51565042815131870 12891260875353440
1112323725015973920 278080932024023266
43802286254560216 10950571952369280
28710266941065728 10766350227480002
168060569526634710 75627256417768060
1138452601095390 560045238747504
81867838524625980 38659812708203557
90296606161480 33861400219227
10657650906349044 4884756729764575
615102589399794480 153775647912932137
379443242963475800 142291216427376287
20352325696355442 8480135779071754
721038957899412030 180259740076579576
635126412889132054 158781603792866628
661767598597192736 165441900225159054
21999713517476928 8249892650306925
619757833264655460 154939458876906375
1331007419048367918 332751855583802280
215443624234194840 89768176967360947
639094682124039652 159773671130843175
2694617167204536 1178895034409641
36294385627842852 9073596543244977
30134099519454280 14528940879246420
292548565699789520 109705712413786952
17101502286624630 7125626006382196
307646949940082770 76911737948869824
503382803672799288 125845701502411495
431524614055419216 107881153981319760
27369133074568336 10263425012723136
48396513844697480 23098336201553504
40688446889678848 15258167685460957
285143929927788360 124750469534584189
956092242543472606 239023061360753004
498409011197087178 124602253375376662
1000524673601327182 250131169121378076
44450607904820544 18521086763014591
300900178399598140 112837567224602935
286682348426939232 71670587504583117
127565485711259760 47837057378673031
27303712728855094 12676723833861948
413213396659090152 103303349744502700
301209127726977600 75302282492694334
1135793663976819854 283948416747799580
11425858083926780 5141636171590691
13321448068616350 5994651706512336
290650411784244 72662634016438
215386543687003752 80769954157680472
25071341831282448 10968712114989418
142378226578981772 35594556918095516
95320753753525234 23830188824736570
868063486864233880 217015872384952329
121023705806565760 54460667725025431
346446870115972864 129917576588060647
100712186807530944 47208837653381271
339977723672849764 127491646681771417
41705922030409248 10426480663410682
346498808563241012 86624702676111132
1375732991240549730 343933248641840544
592749775271607516 148187444394346920
350260395295350072 87565099316676181
269804050491365820 112418354584761280
119145146013781440 29786287022405782
767882529700047440 287955949078804382
56142660559786920 14035665324019944
126500636847081276 52708598838752908
104634644893495640 39237991997005304
654544543213832388 163636136447571900
204573177256494342 85238824072683052
12707436807965152 4765288882949593
155415756856482668 58280909020109747
540477736954116852 135119434791010227
26327572786327560 11847407832352675
1122987444730811120 280746861956442882
343355092181809422 143064621983558552
166101511118954476 62288066885636379
21938078072537296 5484519684578220
162796158567468432 71223319534060104
566883592323508950 236201497108983724
16091888113132720 4022972130147201
490651339795414620 122662835445528829
1019384791529382334 254846198626025100
1178387674717549380 294596919451237530
149719801700574864 62383250871516063
234673651435451704 58668413272571448
56017961020103520 26258419288103716
2660918079751008 1275023276954135
74732270968272516 18683068017820615
255518072416869300 63879518519788069
1405896082495192680 351474021467952906
237070034416651452 88901263153106623
527340796440815544 131835199672425990
380393373613472840 95098343941274661
592555519738292680 148138880479219734
955888325148601656 238972081979318880
581911261576581066 145477815945321814
587604362552429340 146901091183335556
195467475210464470 87960363985150576
57642836942292840 21616063992728716
651323282957011354 162830821343078910
31956443974347100 14380399849301577
22992857256334100 8622321561806117
98576010432424682 24644002855064400
373243426523516700 93310857111314304
354326229720772838 88581557880313848
286684662533549502 119451942943489114
61218617540686286 15304654576551104
28818611616025700 12968375304820622
55985829591308606 13996457567718044
272225501739940008 102084563428021450
122835359424340944 30708840147023220
143298300422891860 35824575445600527
115331226674101200 43249210219611600
450457674268543022 112614419045848700
559084829776440864 139771208005579855
223078578714858042 92949407995211242
2224174998866540 1056483154986371
542089529183212132 135522382875070176
41403568323082488 15526338249562257
108328468803296280 49650548301224830
738519584562612784 184629896751197448
809855802135889192 202463951191638171
1441611577157500 648725223989650
5872802374216820 2831529740424575
418310138418374208 104577535145936920
81822706494122980 20455676830120494
54738999681680384 20527125086820017
14851004615519088 6187918721451595
93953131976058264 23488283418513430
260049045533141520 117022070654075526
15436272054326688 6753369108341083
740869776871589904 185217444828585570
35125851180883206 8781463116805920
1399735374876849012 349933844561238600
567435044371034160 141858761679257532
219361758831691476 54840440121851785
650994016138054790 162748504660272264
169523604128690052 42380901324559861
324589499113525992 135245624864160567
240329663272939332 60082416165546892
325639683633911440 122114881691624037
5738716677085734 2854567837211992
101447022200616708 48911957192660559
557579215848854010 139394804527466334
13084805124534052 3271201394274675
754122180391135020 188530545713402791
395304466240061144 148239175178894948
210345081916475046 52586271021651040
426730305430473336 106682576819592430
211129765203926040 52782441638463810
787748642634404084 196937161308812060
26269090540898112 11492727206264137
385426584841584 176653872670813
585209861344637100 219453698386747527
219124518462876228 54781129992190812
247669122482655064 61917280980075873
342943128871830114 142892970603974618
230999835800656088 86624938674591035
133147973180861828 49930490132648897
1495260198499230 727955629918704
492450190792560 215447030551410
385845434381759980 96461359078788249
316952314706567560 79238079080331495
40623793352941366 10155948696224280
374404747586316930 93601187355041122
269409774675255130 67352444070155790
216493510443646152 81185066650103962
29686874998563828 12369531331769596
87207083631656786 21801771345559554
1607058339058920 776744892248033
54202859080471070 24391286665466528
188946222949780740 70854833843259681
609846548282127120 152461637626773787
546441866140346450 136610467137308736
93226886809182432 34960082720648473
409105026968657532 153414385435899123
20444618177960652 7666732003703727
528480194218114376 132120049114743525
714997130972776820 178749283351748607
278127365765573712 104297762430830773
740168084512536702 185042021736647776
34450492320915236 12918934854383699
169581034619970320 63592888213718816
70124065237837908 34265168281141815
1754505770185773240 438626443484784984
708288232409920770 177072058703300632
915381182671040228 228845296351814625
206986791472154330 51746698225932750
1442750278507246332 360687570478627375
189366129705471620 47341532734289000
217139567606895490 54284892298675242
240345642607102832 105151218822643175
1056669646071489138 264167412265607872
85858960382360788 39863088837470997
493536808215635164 123384202556638983
633563079180080450 158390770361809482
671709801974743844 167927451073375248
417771659356937634 104442915296377810
659328588581760 319362291025852
267182950345845504 100193606653935126
155294007394392066 38823502238216160
308882329679141136 77220582813571080
51734613883119360 22633893701738577
1558902679595413908 389725670783391838
159020424266899796 59632659316739717
193362557610777152 48340639722763377
17274114098084364 7917302333848933
641728237573541888 160432059968410100
459419356197903530 114854839655769990
215518605068153556 89799418989141027
123046559823350610 30761640279974856
16404901467724764 6835375679585836
48725218649091558 12181305018191388
1188607201125250572 297151801076253750
54973957064392814 13743489440809700
1113960732276649382 278490183815490192
95701400238872460 43065630229007950
224418580481038310 56104645495084956
263766554998825614 109902731468397160
292464146253112614 121860061159912578
646789972805535100 161697493788231621
1674037093702903292 418509274340921456
191636103545489098 47909026405517382
68847787570920798 17211947367845832
31765461592946328 7941365841353140
217599752591102820 54399938587272747
297312608760832114 74328152617326528
3077360683159464 1410457045980733
464364517265998328 116091129810647295
96091575652676952 46711182660627934
587965143561642908 146991286432909575
72390452460478040 18097613476326720
31225759720530018 7806440073916408
387273935300316654 96818484276986568
961332266666992870 240333067382507880
6458867792135168 3128514102618495
166889810045946120 73014292039535587
495562574859196480 123890644285668306
194889125913019200 73083422446435702
877269338527864138 219317335323741798
62048038795162244 15512009892834735
291933984646333528 72983496552878475
3555216434401800 1481340208715660
15074058035214118 3768514635060252
1231392195756467976 307848049724265454
476657117162613972 119164279836775491
54116771115810060 13529192973051751
1355775789363077444 338943948171745518
66132227821298870 16533057145082040
252120703221101910 63030176278496604
348682613573532414 87170653959542140
29535301902542000 12921694666428311
117518415024178146 29379604026210424
173408730109481160 79479001420693902
465688729314273376 116422182877342419
29489371006383246 7372342882631064
386214792308675570 96553698557602682
492149365981067934 123037341995034000
447408863844960 223503259529404
23708556024047046 5927139249600204
1427388973870615924 356847244319333820
387346413050429886 96836603833773700
578887342685386936 144721836308228220
176696648782357040 66261243509709014
1381857043458329934 345464261701659100
497978462584570280 124494616226459646
1901633758720764160 475408440655292991
120521304927500360 54234587332068281
167991330020060544 41997832901342115
1116778805078716424 279194702035312098
312091234746965740 78022809107060646
541540174563442662 225641739701951572
132839621127142488 33209905549312648
611642428464627568 152910607669248633
703186862350192342 175796716258832172
973284175971630936 243321044716156630
523523654599744932 218134856378625644
45364005406539576 18901669024300689
744013683149474062 186003421420074600
283955591762153200 70988898326770554
50584004027012680 24659701998736693
171954887786474710 42988722321530412
340096746743898832 85024187116007025
666945685708993952 166736422047088800
77928341421032740 19482085727094807
411852662976427852 154444748937118543
117120970538799708 48800404534196851
134041524704979990 33510381622042344
337280992489997556 84320248559847750
50401062048406136 22050464747944701
541439795833288602 135359949531399102
287080192854875136 107655072625096492
200001727076726596 92857944833723859
334125617877748976 83531405020129749
495675585017180124 123918896827331935
651373208820767748 162843302808897490
132533258163347076 61533298531047181
353872489575713556 88468122938869525
243665985732817648 91374744909257227
194459641544859690 48614910703267344
637851044495121392 159462761757526206
187514367549557320 82037535956342181
26713030627048556 6678258068994365
192461016713593880 72172881487946576
116574363176061856 51001284037634526
193743325283673824 90817183836893693
776476452332062598 194119113709144368
358023304079153480 134258739368869736
691721201837418500 172930301052647357
34558469548881184 16739258721127143
68024534614353968 17006133846274308
393736096543792470 98434024658324124
70444794956933466 29351998008533158
206319532666811328 77369825039888700
225347915693435768 56336979365428820
468979354962791820 117244839266067096
222828127616414970 100272657580229796
734163363935512556 183540841597614105
153826671736110016 67299169027327506
88042319644318098 22010580354699520
374646552035582100 93661638486277422
461297115119961526 115324279301875644
19237969000624860 4809492439522900
102492285137440016 38434607111591567
568224313447729600 142056078947257986
123260828615052260 46222811001113387
541026632822742768 135256658766180408
9430607266042432 4420597201635487
31563132382488812 7890783225322166
1956469899356518008 489117475828198042
187558624369798552 82056898315929429
385877650015442398 96469413045500868
219053811306387530 54763453196911334
1515636588541580278 378909148012809960
547525740683927928 205322153134981860
176676257917527768 66253596929479977
91824466960745820 22956116956969131
24128060321427090 10857627193888138
13746165407820972 5154812187795363
432397375108451346 108099344252362600
93691935588361200 40990221961741344
217114306586520552 90464294601883654
319861578283303050 143937710406573316
331635333249381564 124363250289356083
13604710727517336 6559414132470766
77657454842346000 19414363933572972
128853590922822600 60847529133412057
263812962734715384 65953241051468485
70166515901023612 17541629445358725
289662002363822424 72415500983788075
466588662668961744 116647166151485475
586685048330922894 146671262683508220
117653641389639320 51473468239091085
379068954453371702 94767239131073352
27882520600400880 12547134334743552
432376282414159974 108094071099453660
510584081094663628 127646020781341737
1719678043616652 829130503460625
353903183436771360 132713694122820519
370503599997976224 138938850320332047
600870865219704432 225326574844987168
305021437526844588 76255359772738072
686431152303734756 171607788668360979
78896566140296944 19724141838701868
1511386258922945812 377846565606118326
61287360203191734 15321840247123108
188131210719342452 70549204239572123
404420695219202900 101105174263142997
24615513344665110 6153878481446572
145233914603010858 60514131240297730
930537144527696400 348951429680277771
109498829908849920 41062061479315924
199389558849423000 87232932155443549
2338959099741408 1096387090111686
124767895545419520 46787961105343537
304981187065505764 76245297214990080
897364127805518714 224341032645816128
708817492173735164 177204373671828548
1821033702026243670 455258426460836592
1233370242828890376 308342561493757660
449356177024595016 168508566737104471
183865570995133212 45966393054898641
293503917377252456 110063969314595564
527112890413647120 131778223186521249
109022812196310902 27255703389819300
354351752548158060 88587938566695462
317941290268234236 79485323015581060
1535186236620432750 383796560031550396
109617385304028 27404363888785
28978514941445498 7244628856942160
166100886591658788 41525221947361615
429607617134307016 161102856753384067
322455441782953080 80613860868406476
508448715189508136 127112179322791559
308382033590770712 77095508812613991
835504778162525130 208876195238498806
1033983896998879176 258495974984170264
181876912461403206 45469228488398140
10600386716704200 5035183713911016
6951170629163822 1737792789191900
375397072735102016 140773902595169717
382571822210731498 95642956005763782
11144699856624888 4643625075869611
26202367384647510 12165384934538332
83457222728773320 38251227167614114
199004510490255288 49751127943033648
806070430138127418 201517608170970910
529059810510120750 132264953148101964
538626292063236296 134656573569866820
98390138258342190 40995891081121192
72915071370097060 27343151902883121
20813875983150108 9539693230599745
184501087728448456 69187908183067942
57825215346872286 24093839827330144
69561092774286632 26085409965406073
59470733059304388 22301525066295825
622736293484821480 155684073944768271
8889123578357448 3703801530188451
115508504611106076 28877126408207544
35604788955333096 13351796102878717
110416619573294796 27604155129732255
698857293523937424 174714323997980475
425256158657376324 106314040243636483
1679343364168539560 419835841960860351
168674427663805980 78313127239546239
300597447542816256 112724043113361001
9007917560208518 4182247465956260
285843349252557256 71460837732347319
475609600461539720 118902400730615927
225649919717346592 84618720145263193
311657554721744564 116871583317686333
166369654598181186 41592413940109474
1166632172563509190 291658043909036220
906987862770272430 226746966391800576
12354037872284640 6113988143092869
171161473363634418 42790368849012402
14600599005644880 6570269646319537
10343392556663700 4740721631106547
731950723555865520 182987681510766415
4838406940304700 2370819416215554
6248061974244576 2863695130808984
905055577279662594 226263895006452258
162606411695956584 40651603321754443
188697833381900088 86486507095174177
216365444412420810 90152268708463450
277111346117572760 69277837008879575
647557871623854230 161889468482815076
586894216449102926 146723554656756504
333589190689068344 125095946808207197
6010589742673918 1502647588988052
3256210240323178 814052920672662
46031646094138530 21737166273418066
169415061603372600 42353765695187037
213858980269634856 89107908652443838
29945711225909028 14745994185635071
1540584312581041780 385146079025112096
33174441780398560 8293610717952825
34833233390682696 13062462617381784
436906212724457698 109226553722048370
163867198489637672 40966800124250081
102689749362812284 25672437581589138
814452555108902752 305419708617108892
142615524987710976 53480822140602619
132450810092433656 49669053972572942
467417237621239584 116854309890978375
23704236719812974 5926059387631848
1769626711162030080 442406678731302901
88856951011240632 33321356884347168
1649802585998953188 412450647410636905
365492588478249056 159903007674401051
242396546626020174 60599137154183368
7694808390103146 1923702224839024
107621703748659940 40358139073311051
19548167129727540 4887041925771816
87029001115125318 36262083951438220
428095202430375168 107023801129179655
1034887802324815076 258721951314829104
88195720747857456 38585627970784059
192359216192328588 72134706321260595
514040392097781314 128510098607465568
120258401879679504 45096900893949802
63657575355495810 15914394155426784
786331372795537576 294874265242558479
194790124843088368 48697531523702952
787778161186473800 196944540935719244
193347465917149670 89768466437405534
1840931348510980896 460232838087905475
7887319295536296 3450702259107711
847524462285052932 211881116222262025
404279175244795542 101069794261246500
557391221722169840 139347806008236525
52647443957482128 21936435126376521
477910198254745508 119477550133154538
607657378839680622 151914345356026296
113387274081922120 28346818911547869
11918160383874456 5214195215818089
1386356229695552054 346589058258269180
282883163746401072 70720791324805875
1202684219123414730 300671055563624592
400345600717408692 100086400665812350
17836907720646324 6688840509951931
207380814519073600 77767805736346759
1045120949122957224 261280238025616390
88276898193299106 22069224758523930
1289946909351084236 322486728146089065
11398306761571950 5129238120542400
66042602601214822 16510650844875000
775626070374747660 193906518218379310
137894244559954528 60328732152742389
38525917795004880 16855089104710474
137609439915418750 34402360253884872
460366712568584136 191819463848986812
322106168637877680 140921448979940125
377081217144115264 164973032717774718
205870430413212484 51467607949300080
1172233057795498262 293058265238739036
307823044435595166 128259602081867584
271841565229596360 67960391848927479
26237716049114448 6559429131434343
24061915280125844 6015478929722820
66717850881231088 30976145121075987
57722193255767040 21645822733321695
495375726587042080 123843932149242129
14686537413569364 6935309386294208
424271068034280168 106067767474691902
2164868190294290 974190783735386
437420005046873520 164032502246629176
4079048123778550 1961080847235780
75123210381669780 18780802939138965
814984845109174972 203746211974567500
340817416660343180 85204354637764460
318723412181141310 79680853448475804
776289187726229644 194072297558647488
475707735300886160 118926934391879450
78958772510595584 34544463079615644
143010589525896272 35752647657060026
3809213025729562 1818033514075510
293445824074683666 73361456500942440
1038063444702699234 259515861922389618
516445861112269864 193667198279025262
106484792816696406 26621198453791240
632825248433526096 158206312678483770
6056953454999712 2523730652975077
93331475691693890 23332869256060682
198362457074554882 49590614722992000
44430692288565968 11107673405009433
293042621094108840 73260655762236102
283297205713834896 70824301982800320
1609314730806660770 402328683599504312
694170358740871376 173542590317297619
110658909336494544 48413272955951214
408128158952064694 102032040197992428
82378383897902460 34324326810522967
311816248531974182 77954062574085176
694894458849002018 173723615313785600
373923204084938160 140221201849296447
360576422720958808 135216158831813905
1187441510102079382 296860378307280000
267158155953895162 66789539356155246
100926810134480340 25231702760196820
1805761389771173754 451440348393334590
533044499735644526 133261125481009784
1255519461226577994 313879866116396608
40614917543289378 16922882401318750
490018677138666440 122504669854608969
452991215168700 226147153650562
156497895256476384 39124474103850135
201570410537935490 50392603052274474
540729636638961092 135182409727749875
136220088460068240 62434207317866557
455295253388098768 113823813824384283
122868175983779288 30717044445478223
1076051176747019080 269012794953500040
418604931606648590 104651233438746740
308876950333663704 77219238045302353
352704942665882736 88176236112616479
168626580254981694 42156645377734888
137472447770733894 34368112207187208
1553741747345845324 388435437718829655
22917834161524576 10742734802182002
133997698958514980 50249137391968211
204361737756120750 51090434774827980
734783621177871060 183695905929388105
116755866502243410 29188967070283944
208791696680341698 52197924515070210
1353242136215829756 338310534878904280
651239749518337448 162809937959161482
172099863315388990 43024966163008596
122817512306225566 30704378569356180
2204065949400 1098791796430
852258577880701284 213064645122991083
62359102764165690 30140233051520982
161715809150989170 67381587333069974
17230796901095976 8502037959972787
267381840250041416 66845460621011270
870768609019307868 326538228848971575
147900358755335340 36975089961333085
343899850073462004 85974963055836690
462322950729283652 115580738181513627
103436396319721568 38788648843591475
9272197295104080 4608827486472459
74677881060666312 36356336876630514
417309609283124322 104327402799363000
251922748871585588 94471031104618715
924652059025404864 231163015436940730
47252066990414880 22444731874447161
172524900399854184 75479644072575879
1398028363747695444 349507091773409430
97938790590820200 45471581435374507
214507383842472108 53626846291563363
35959450547415128 8989862970425337
17551320044260340 8584884825716291
951611028368861432 237902757782878125
365876060524754288 137203523035007030
81882764343345760 35823709505769657
937834417529869732 234458605092149361
891540425619590730 222885107072557974
521277165725316 260334809347579
305716196312322880 76429049522424957
129576761110176226 32394190563720504
176667335888177148 44166834342982465
141575971530570002 35393993403926976
361030677406595668 90257669830584900
210674445953461130 52668612004379456
24678913566580308 11458067055426027
1686484186174661610 421621047463344054
438533992022509128 109633498492562215
42957144989273268 20652473593657951
28148654730886980 12666894685593297
508658883428323520 190747081644002987
214672262309518200 80502098663278990
679980933632715192 254992850524587943
5255662772913432 1970873626855647
48858137759195100 23207615489587095
106945303045248344 40104488807179961
915613027534457790 228903257589730840
6137334371603060 2761800509132375
17455052764028660 6545644865168477
497786783005484280 186670043982113851
345409421463411474 86352355896052810
83221607558442444 31208102978963823
8242823999862320 3915341420826995
406718830877327310 101679708225059064
72713808707925824 27267678401868581
99260897110680760 47148926198065167
15401660994293728 7219528636939996
16133917158711768 7394712085797235
36575730283039302 9143932763265000
311583846822128348 77895962182982430
418908786102992592 157090795129456617
61176954632370420 25490397915923356
561328022201766050 140332006093586040
24770672016217040 9289002154962794
608173401097960198 152043350847130680
1466645023963437512 366661256848153596
138458021672926396 34614505733722200
69300563507985526 17325141369675804
1372149566950833376 343037392566380649
93879588419862036 39116495328840473
36367213983135244 13637705448161547
96006278050061580 36002354426741535
19722085228423712 8628412337645142
21456854214484276 8046320518291389
908489308769202474 227122327904619280
88554292417771026 22138573331665920
568290229452421372 213108836433661807
518735588005973304 194525845873157902
803202933017841540 200800733892620796
234304754476910766 58576189046028024
50609226298755930 22774151907250246
982248421401526520 245562106059945675
318533715169428912 119450143502344597
5420820397167936 2672765625619405
202468095259479644 50617024169685785
109594402745055650 49317481340024786
351187534683958170 87796884225886894
856428596674334304 214107149829229180
216721054365307392 54180264022760875
93088741461732820 41889933757535728
266784974476060356 66696243984865104
1987031175729460 922550211504801
115558963509973774 28889741336073108
490175005336599352 122543751874032021
83738410373953956 20934602863186144
46440598492676252 11610149784966677
83098601626325880 20774650681162926
142767261700903668 59486359203128236
1294656414588359142 323664104456010472
47813177131272540 19922157293597005
48737766259116144 23933724531753118
592349392560877728 148087348743876880
637875010121373522 159468753095687112
119258336954200104 49690973901454593
846557432549420712 211639358814716316
74975689822523664 28115883879333507
258387582663668628 96895343753754555
305708188984488316 76427047638927405
163324937089165366 40831234583644800
178294042903698768 66860266337021610
142605821798333166 35651455971634420
76656496689200560 19164124621378452
2205067928038140 826900603714135
59652559245858420 27340756416865159
25481113798689640 6370278610765524
250445136492592818 62611284656523240
333590741523338340 83397685890337770
136164980823168 59572185666363
646175486982654970 161543872315260750
224094003341443108 56023501171561392
881269397383812024 220317350009857725
413053180252494976 154894942916121616
546571088585491760 204964158599782412
64991980672666220 16247995350402656
29715307588506596 11143240432813217
1321400993841324 550583769795298
456269600294776796 114067400644827234
19388490963304968 7270684182509722
143770287496066140 64696629493669743
80356141310005782 38632760303616504
4449689529694920 2193944156026181
238307990405146552 89365496705934667
89266243104038186 22316560991917110
15250422113074080 6672059739491665
422818401113555352 176174334064642712
616244207813256276 154061052537148285
59028940834311990 24595392119262994
38834558346608604 18338541499801108
105131900242660008 26282975308485450
1569551070946052376 392387768628478594
7975431813554704 1993858266040113
1350819452033350224 337704863830171488
306908367903109280 76727092459581695
133513996096917120 58412373426770982
46265529828515004 21847611374747983
538125255248939772 134531314413369396
46093927464648000 22086673621857595
273097595891741756 68274399455757180
1776414354809513840 444103589644988369
486129581245317840 182298593316461226
503665396802426236 125916349705480290
788730738124108980 197182685193925936
9962032805734260 4731965610013441
54120229632693788 13530057896755925
185787397135026344 46446849588742850
448349034939823996 168130888439633739
28409685843230096 7102421581069259
639689507886254736 239883565857258292
974983485419328252 243745872084807846
1062671979168049816 265667995524150459
153455424529179632 67136748372883817
