51416034
63160162
525628058
456803209
622813108
155207588
55401398
777749910
943268766
991896669
716209717
234163360
940554149
206193334
881463025
331153817
403288836
34300541
635983515
319649477
951620438
653222653
619506753
951519732
496976641
714031370
23283444
366177660
587897881
697537708
899092189
57501538
830744097
215161580
583544113
327859525
851349490
330704583
720995853
186018723
295805542
525890269
562873059
430147461
127672876
372107373
601053348
996883706
90420175
313987785
280877261
668944378
590138865
871878359
93269928
66129609
925341923
149153075
949745313
28241436
312427801
388181660
143363407
925059154
894553906
561999442
151696730
522427378
342212721
346794246
785802645
343167507
347109389
20542980
430935000
646909846
989585517
788621930
509601252
417515887
465373030
945832600
682582368
346091740
110492968
685074861
278664035
971246991
27395165
599458275
749028096
690093317
621474681
586451684
910399319
1519459
256621693
695889225
472726765
780543248
197339063
670436404
576366525
999400643
626357556
802071773
436579362
489396698
106948542
977588999
241312142
148924450
395693680
666195494
964552577
936459691
815939811
378026486
580444008
781235784
782880687
544995141
995514302
184453472
400174115
124556979
70394415
903253833
878796155
42865589
716124895
406940189
972491520
344079299
741385522
743500340
565037219
363586945
735153943
530506623
714906648
588032539
244294127
985518819
206987981
269145579
133708117
640854746
268771648
646873807
175221794
100061130
562447935
35067624
178430403
327474182
470727345
62354362
416552043
250696893
131933787
568539216
989489085
13513156
960278791
943944796
154431769
164650453
798495369
196531250
31264125
315265320
719877905
451307747
735701789
682409485
807707075
756230658
875272245
665935983
576662601
402490693
347353997
208704794
802495155
69319241
814176868
927809861
280927270
77932100
151840554
956660429
755412163
698758103
512670128
681783723
660825747
243954460
507580231
116710903
976702700
290213226
755926339
647257802
684331331
827876186
228494854
410968271
531886758
618752289
964510582
261348696
788940852
376026624
693699662
720923484
619351331
28207017
523609287
840508914
289590331
318023428
775331920
357759405
480360100
747003588
57770524
383016161
914014187
338862440
427819186
43728377
152160450
789600111
937115676
147741116
42819698
997988624
49422372
794664460
932588777
592169004
266233418
535432791
109950245
463054880
953339466
790291341
109265206
289226350
516274111
369232842
839041774
278948984
676353698
879269568
49171854
395669265
973799003
934040262
938146557
16131619
582301253
247461449
418421565
905394885
116105543
974865633
672966273
882630309
965520497
28847424
483868017
864765689
476993854
436915605
217950953
478732987
620151271
300256360
278530141
260975157
838140617
712935941
303223258
197964289
2784737
701344383
688787511
50416145
818473838
928995885
177345508
206309633
616879844
399911092
139159676
254772476
72846539
391052705
545847539
943968900
892125977
409896540
451734566
934160399
235786611
683846763
567462450
583369713
705396742
285383588
340556915
773040717
673050836
935442012
568415463
266617464
83351751
669568357
599963329
419464510
359401593
671820750
598273969
166524226
126843252
650645511
764808973
888280792
232090805
44424383
416389995
579175920
501775835
234830049
90343860
308132324
622585682
193860588
533205065
54274893
806529949
789120492
883600725
553043988
279506878
457815634
657480069
221368079
474198301
395366722
247509552
141199684
51899597
491270587
327799176
596937196
560231164
813256724
203326893
869238457
656322724
451924355
344094228
971024334
374010148
786085720
602814629
392101635
268995191
878403277
869036102
917428658
980632882
251494925
805057481
246500386
210629695
86623311
627509072
785642400
287163037
286816516
248202691
517534170
810011663
657250663
14593885
72309531
300438895
174487471
137686233
474590319
386393509
232868150
263364728
617967076
236905422
835653297
64631550
129205060
9427830
902357407
674291130
963982118
740302096
304354252
938204497
557950150
884845765
447925361
176858510
268244621
582925642
835373841
563984821
708360986
689782000
150274649
199992814
475796757
270402169
722067195
151975369
564898607
16688563
682410556
923020333
654990050
236331781
250357421
808836414
880343083
813161580
743963987
723512233
687043905
33656967
272113810
57623261
171976557
605705446
914674293
450432549
72178668
765702738
835047623
165707210
33261920
502467664
920987089
292148917
652167290
760562716
264816820
40253591
816120643
832813649
179566901
626717747
676806754
337002171
367677906
356782725
367270063
705974337
743713309
518062634
998071911
781058292
87951918
647456453
323825832
592405926
941799267
547847801
101329104
347531013
433595874
813467006
373533169
847771798
641227114
284510150
872521979
357975778
357508497
110087211
529526751
426510684
593849734
217719421
534712949
820094805
534644102
837608368
212874677
800044271
16997147
501156560
208288307
751724127
840145926
366667130
699982977
919971444
334784392
613468551
453557075
581113453
577579331
710771207
71932342
649021431
634751439
491949246
785662258
766663277
410174956
743983931
930568570
732596933
420878996
851038514
752638430
698801017
70455538
613948020
755273767
583070010
187282719
170919238
467516924
769763034
215948532
991891771
551239490
394690764
512977630
176276886
745493602
859584266
123085960
145996106
903409514
911445163
118915209
527350165
820482333
682320473
96608969
52000399
645933019
87487723
864806482
155643808
220206961
193569139
214064300
384836462
179946686
208788490
24815113
164613397
137851940
902849277
984127982
957844262
93565427
27453608
532927309
144710409
367855308
888002894
444820560
920821385
577107799
577249951
647903996
282048464
551602869
988440824
811386701
868646269
684467988
183770951
964667040
332654054
414520913
78882500
30513428
413296534
285363081
724731582
692701740
352858677
801996624
753147930
411997876
707669678
556320409
418600694
970939256
147250191
895009854
51437442
913295691
90279186
418251609
613436564
477546189
33279378
740693075
987481527
171680796
568703154
2376080
624421107
997535755
179887004
992333614
978976703
582056175
451442368
117860295
336857132
173804806
992212336
189823965
91653822
290970452
712350325
595952619
558155464
352135323
715820019
447158925
4175596
698909813
243025469
208037947
145285654
98007219
901997585
259401156
920936670
8185960
658309707
24736781
62427292
822735621
301149775
39471477
487756782
334016514
301973064
637321368
414086483
750765168
528734026
710500024
113433461
100596334
471954027
572879758
513197001
918385975
590482565
508339599
685302804
65584061
887342139
571106462
998764474
932847193
376813260
168199432
796634625
909533476
931252376
10631049
193711334
157870575
412582287
177492911
218877891
303543532
44196309
632668551
397579289
394362663
530336442
674587466
617180850
565233643
466757094
75643982
73919813
756480693
630264282
735718177
354585267
694379763
145865796
985088496
313114147
569632116
301799402
5966244
735291615
117707608
43189111
936842327
767468232
914222294
33450531
312446081
845494087
515937939
246477718
118278074
693934832
715786364
369692476
844787252
78661025
998340860
560309029
136012012
62163804
722713377
595989831
395986387
854381202
771203004
365336771
903330104
859502959
35397934
904243063
55651393
330121569
305535128
260245899
50906146
85538964
534406313
888529224
103603256
690803343
71432126
405841567
460036231
152045946
194876988
258293593
799586563
63673693
17077056
760850702
457416232
256473966
386488929
953882856
432920138
612829533
374784629
479476774
378724399
320034395
754750576
431579641
993695278
598456176
911447833
118951796
346434473
211225397
943399517
93083507
480756501
972521366
700839465
956781234
325743047
471473289
274881041
479410236
114395204
945904894
732863088
42146906
181464416
329099532
84851583
864791839
455970765
995928882
843435611
495086418
487982961
6773206
744261858
676784227
425454678
290303700
336376317
992015417
734189977
365420900
12870126
376124380
166962212
925850366
230758899
586387179
76257804
450001426
500395428
49398242
344664108
69208165
902341659
278775337
38257015
43507178
470957208
257508834
347677745
561436401
170549480
723936963
209244517
151657823
677104390
575923861
590039877
684104917
355129238
977295654
771531067
488460033
265408980
964413190
958510529
259154101
763885745
439288591
242468468
426646945
133755634
296825463
910514194
219732984
481611410
791536706
527729721
15076464
706434353
519727434
456450198
175587869
227420797
288168338
970819584
668458838
888728257
366488378
651523817
226178385
242701174
56121890
129749452
822582878
749830141
247573413
823643870
432593963
522352706
594069706
450159072
409282201
998807988
900725406
772458355
829042093
60022390
853083048
596233622
979218658
504018883
737756153
658048745
511338696
257038676
233437930
304439951
271187166
396074846
159979232
681183424
817072828
832364167
879331942
824450853
895372152
276257159
702797776
349949031
632385399
69599931
284919468
763381945
8015312
378079423
56927811
26716304
629475716
916648945
424976473
166348234
67679863
423689484
847502000
249276833
861404659
830286693
638778847
197040329
371984077
11811066
80449133
510709747
898096976
488507338
329296192
284217957
649745068
800717962
859034904
958384061
695710871
420915536
961034039
332475798
29856221
264731345
257658392
958955985
564854883
573163618
641818179
530166045
430185074
152228704
846110417
467904037
166680411
342544251
240263626
797160411
553077352
337423898
8491764
56634075
674004225
33653169
207984227
249335854
970145938
195407819
43388644
18154409
356099406
108189870
824515234
146438454
963724076
889901673
539865214
361661221
591841936
191722848
687439955
259926832
604642763
82112490
307971074
949431408
101594
124210770
589603551
990019207
898916802
18890859
201561107
977255650
62522718
341833269
