258331176
102696311
920047398
330196568
78704009
889149755
440688646
691016447
571582474
948824473
529023129
110860217
773004906
831055459
173567511
122248258
4544828
375035740
74912768
820336521
193408415
172293399
224462228
938831557
371875361
807167623
371229311
340575578
721186470
279633338
265086166
62861837
572992877
604018987
36740257
594777668
297806047
297609026
982232674
957834022
614834315
305918552
904619241
212624960
392166922
124244643
551778291
95117574
314229673
794915179
506115246
153650020
174257012
311234518
917978920
707842525
206161370
914241156
781826313
549360538
148673467
707358182
869487734
533112535
90328833
56365702
593975545
579729813
964643047
665102341
866161971
102603288
609034485
368292833
720362596
25258678
993367541
934356405
306624313
248315416
819062305
722912200
441832538
954012798
752568990
448853235
80664831
157547450
967060820
604564302
377066241
679134723
933313395
489879870
834161432
973106800
443665931
907069328
231888644
508793536
328778027
125861445
510688385
676567352
587788030
220532102
838672036
846436456
935627363
388275216
464963439
510150911
273297286
536922439
576502531
455942002
75828689
518539217
975526322
716298312
891230557
483019147
776005907
783811257
272369763
791050351
933291265
140868972
374939290
725323700
646441619
540948880
648777647
983281498
346531006
705976398
966206261
777084170
396715636
913090562
932136733
985128361
668615502
806368630
267437513
82973022
883805727
52482605
800582074
667713169
607881289
52905074
310791438
171691572
433231935
419367543
332237780
79745658
307303355
388153505
213123242
416322312
600149260
704545182
600514560
530975407
974960600
467452894
682954798
184381552
790949828
717971258
896494171
622656149
59795990
125565944
51683404
274978600
147917437
904166171
473986881
486912027
480478902
142506543
892080540
159870371
752653328
599720404
72803793
501987798
596354631
330053287
227792253
263184080
434604797
150387648
593867390
299560519
5280061
756417788
275740964
81425154
656563610
353740103
156456849
786103754
412771191
302951140
555832433
45267418
371909716
481829661
397896036
987883492
765637763
535071346
22069610
57562664
374122322
157276711
790417852
549296560
176983402
537628613
226344355
455802563
176963170
892575178
109962174
688173230
191238095
19904262
204599609
601673976
310855243
363496956
539017423
663073183
388161459
38930124
702018182
308627230
338674777
892155224
970263265
105954236
508899305
644645745
39509918
32075103
362642533
666399697
614283256
55674019
36503373
810227178
738723024
494808598
654614797
860998505
319079103
690540392
378605624
898144287
971834022
536448015
437845573
790493414
100972065
270836297
546499354
697705419
216260364
784437651
633539965
285427680
930520738
868226901
626409625
177723362
979734620
227443765
103104278
198761505
922873278
673095782
202730768
272539131
909133263
674677687
91331283
678961559
352576780
371470377
763383597
141164483
491571429
150503112
777113056
892449680
576588935
998010996
271968297
507757086
149155475
122009894
558275005
825268594
153747713
349158814
523451612
977550051
691802252
685308593
142793918
417276703
215116096
802207235
205328328
987203054
636000011
674595251
35976566
98627869
238610434
782848049
699465073
676319411
729768911
904468455
633435623
833687119
49502043
878195979
551531254
773797937
795122219
662366464
486893896
345929220
478688919
462437269
966830017
455878040
98906747
137557031
713092839
220732592
91524288
248293289
662138946
213224519
611609097
920299561
441896383
874005885
880349194
553046925
989379491
461812714
231025052
867065577
768481301
789403487
472469003
12842440
256649280
863912580
455833151
95254748
12851894
373752673
610016472
215917770
196283459
641648932
24361943
845069593
426182270
245703203
910829884
936858754
815197499
989441276
156183636
712154295
677437627
495151686
616527078
537285138
244343886
272550735
691811211
634247231
449652229
427132829
536353369
986700914
516304386
427726658
417036108
955621821
7416707
547763726
58013820
880454942
23701829
427230069
658501112
511145824
86874260
164982566
245528677
619779781
620879968
829602306
657992119
914502328
60420067
445665848
53026646
670658590
16692752
384713181
545845931
409576973
530617042
726286311
400591250
370914562
879688015
261156700
84487403
972311522
223616866
21164572
120281548
934500777
843347077
313107221
246892860
982397867
953740488
461298784
760102293
601126493
317445512
170175816
732086828
954370261
38707844
267020971
267861619
64156547
609005184
394754754
6054650
343200034
409483167
853244423
71056849
846228460
612642224
378609869
702043828
804283480
451043192
710553823
571633906
612599983
192435105
104670494
584001507
470542273
580348132
513428864
162839365
708612454
531608018
967170026
638452575
233904541
23259716
899239249
455471184
899662015
227281551
391045983
174414684
161595076
25215296
854832463
946093783
759130450
462188517
316786377
485263803
399155167
583430398
242721692
470292362
324217716
412188937
613430394
717112535
9612837
745595726
228442862
560167729
890019380
911251093
482385622
430331046
20100482
288913586
990821697
430983211
831303920
622886796
495854223
801573281
685362282
796945064
209933150
844499803
352765308
687860711
751466792
948049747
193976658
41548062
141739365
293682080
347320126
981547012
226755513
428112093
868723991
528546130
728747648
42406744
344366269
972007040
580122584
584149309
823536954
461396378
781015071
717077989
533782338
184536266
838854035
996157432
267572713
445375459
484601020
794705968
336593804
766124879
874897615
280028637
734007313
735215866
124941201
973948140
787388635
203595690
202860749
879410114
922506190
824347511
483265019
277635063
610406266
76098998
800231968
231938783
883917975
720136924
680320112
182806509
375794597
873134941
313784225
301745616
599491544
886612546
888600031
296986395
49101738
8824721
900280467
829963434
859352739
508570403
10902031
125466035
555892481
797010837
487550967
509361728
790596136
456407320
453846042
802910710
696866261
467265628
850980465
862409115
92923446
292753172
574595009
276429173
998686198
178495686
20046407
974876543
946957857
81633624
947544432
875036573
209852579
88762710
637964835
874672480
540268672
887127748
67652203
585815660
966856308
927528627
838682253
665477302
437661391
640023073
193184089
950669879
773734073
716228993
703878900
701916622
510989052
924421847
206819530
960060192
645889823
904802662
373855524
505777745
239953758
101236262
141082799
669208662
729645887
535999738
245138604
15904580
477173646
784548113
632166935
933522654
965612930
64852385
298849298
337822556
845073972
530458067
475952379
475504813
107054536
261865274
885198716
663835958
991222705
329336417
448868047
365446379
183360679
746022299
300996006
976839960
877026279
849814268
61636633
503133836
178058839
424404111
468276718
826416372
921247176
167827226
440350061
195713533
454344159
202294111
968514335
595640121
712090497
976204658
303383979
423262835
117781428
19427627
633718414
488122744
73460718
810390345
972439675
460000178
790217520
84332561
958162425
203630008
28981399
706113840
968796145
613296243
574359700
465913847
900914340
896125950
67863473
345287913
202226117
354767622
847212583
857984786
450035710
890370435
408110593
567114626
517880818
720894310
820274996
145483389
800042863
252651125
481479368
562492793
516832346
244052497
76861978
943109950
358832431
381460503
668846760
617505460
181376103
364909729
923924038
962595398
505766832
103571765
450084458
746721924
333802553
491109241
340312716
543850867
256526666
357928272
242087368
958439996
333236030
161663946
222223784
425034274
350109065
915090258
22776957
100176594
254925449
958936897
228949395
605167851
169453198
655477978
390127544
307413269
303647213
676867340
78877202
457774751
122371877
635168598
152981576
871992598
669825207
437264987
724204729
678291013
185332611
880113604
877911226
983539448
809822184
41545703
258363234
943099061
276548991
981725263
607624416
635464438
314897260
473427974
557823784
228834118
440918446
997257643
182797250
203443103
10492853
161592641
210606091
93228041
296729787
843515520
83317392
288283213
606627625
943777785
66794633
308116728
374821566
411733245
582114183
156896328
94267261
285882144
671902507
29365501
127831522
528400887
930054181
315248573
648104046
747482378
945599360
509918993
23502082
983535715
810218040
719129558
582754772
360664062
94033448
25349030
465340298
1933488
970665525
702599461
352595395
997857695
62663635
108921131
440468997
108714010
588170163
144082156
722739804
678044336
695865425
172642986
137878838
90445976
222041870
82388433
106868278
802017540
193280248
138165506
149406280
653094046
550869148
946573649
4356453
698757894
833566992
375732926
195931245
386851209
945546503
861190845
316565216
377740108
228386365
833651553
648376890
370892769
207485060
888015865
36047849
541416408
741312782
214824450
884815597
574634409
969771167
507358348
273110820
559696863
818615185
33740417
814651740
545944820
555449912
468129715
23931285
834077856
414474636
203238684
720137798
868932063
386092370
655429004
529036003
881588575
158796242
953677188
276641214
343432532
763898003
165801445
337779314
303929137
259095881
809452393
994729358
574265975
198027983
905739645
190516714
924470590
403546124
674785726
525231955
470397969
995940857
515690036
58737054
740439772
646566457
732530916
263571534
640420281
109526465
710626553
586970269
611546262
524520148
801805226
533160334
569651767
617354807
627011288
463336755
838630786
203678414
877996396
649003451
335631667
436566262
264886938
207633485
253410579
631202791
298010170
281519912
771437303
712243099
577195459
321886262
707243384
389325382
958300301
788643407
256834637
444838724
567687926
197530618
727386795
15069509
719189372
200602558
478436612
705899263
61618934
82432027
436046597
547251583
268643012
842008613
979693897
317715805
13173970
212510706
109626404
163738070
384001526
5648467
