358576441
21070301
722973135
461199699
930940491
737820033
755121857
499181731
958115264
482218563
15465399
713968840
873265721
466069166
192176354
968746799
94129030
835915247
164284409
360734726
229455645
682488056
508339529
363798722
658265478
690013895
105750021
615546742
223784659
172288324
280805077
945349289
905259389
261275350
801327245
365130848
940760540
806151192
933743672
61604970
241971957
545902438
260818058
333594783
33261409
72418566
107338825
906784560
442854286
885719473
62102457
123730629
199860569
496328669
612364158
614901472
819499741
687517919
761503940
561635349
635969354
39315895
132282447
331688815
676385048
418784893
168517537
515825419
867580570
493749319
685092707
949006364
523602202
944531079
929268793
583979613
913932190
697651935
180817614
26521445
108889080
592347940
525826422
572005615
517751105
141597073
278424385
896311197
70951859
930650728
27722004
626353340
453192965
955979911
35311578
530663042
820838584
427557967
457557504
903832250
388077319
69040998
63187075
566429404
168339871
56060150
169937068
707705667
521533155
156515635
567217357
576425036
75324546
764589854
658736497
437148090
589402410
867447196
700990794
183331446
352153209
222806544
172267616
591479883
811434123
349965525
711176886
763260136
255674617
651698431
985937651
976238920
545454534
258568866
603014923
666169892
279745223
992770937
479009410
638913644
295478173
243385191
883609396
129284687
979424105
579237737
797518132
268037846
291902723
256469264
558426935
393185342
638945670
981619158
814290989
151425741
705350850
589745298
36141695
124583640
543408539
226173355
903534778
892415593
326207326
544620911
770902998
614098596
556244799
91644591
943363949
545312025
815072840
784888344
254765351
976207320
113049020
149842692
601121931
143099138
132620735
318039919
271965277
780451605
992342337
627906325
618390249
286413825
758794519
139995960
128197229
805352023
870702544
628353810
570071021
541997150
296763249
666388108
379688332
244655596
476047609
974032023
400765339
101721359
855299168
565215037
376970449
232596339
840089121
54829966
365963651
473650208
99355283
376894256
92070054
482930327
883825516
365561990
699775798
984136709
57829092
301241649
731687685
957706598
341536959
332039652
177656621
493152499
548095244
719944472
947268565
557330460
135459856
284083212
134368248
287292181
971753687
387991581
46559753
231760420
468206245
973933310
724037008
193331547
146230900
305726824
249624297
69801067
507306291
551415865
173126972
574476457
476377471
3345690
370411741
355366441
572444314
528441635
789414202
187577665
571871697
960243053
25043704
300148671
124454638
808281840
632778197
993914831
315491723
851359709
616818735
358252824
623211338
49112010
877431557
821233075
926229255
283542905
1242324
436396489
770029806
138615685
475061755
210011320
340451777
173341845
967255095
192443463
21335173
949893279
77610514
415495456
48929622
452435958
446652130
950743417
885004729
913122861
642542620
904152484
316042312
234473079
170330859
629344409
288827786
211891685
847992711
288894782
764851457
490988863
287871002
345134316
461553867
446647572
861726761
154032390
4873149
330847856
244978650
888097072
338690520
290812844
569192592
211767041
624754746
663330941
152146416
761543718
389120456
450566090
828223808
799517829
601750058
625948348
908616811
947334613
517698784
511661220
428278835
884542393
507345044
347956207
995456233
644832281
288150443
716900232
884414914
457557746
19044624
359778883
162380004
80512887
618201414
432782646
253639603
260926382
729095102
343455557
492570889
123021224
33829010
83247260
107367541
32132663
562503198
811656569
31750668
764504824
71542735
948422263
435400046
367176305
920710013
860011636
425669407
427702955
70248751
140689525
803721900
316378793
749755053
989845413
686558435
91251991
857386946
755250995
828769291
790554048
370390054
609560321
647364391
904798880
943115912
193753861
246552661
281547127
218549274
180033136
305221255
53594749
317556987
568144957
620855886
580250849
153758066
422377685
169710729
17163777
951713150
505707537
660386847
284631656
123381353
569813277
998243768
176289291
262827533
385715457
119202489
441973759
716213943
526285496
309137425
195457272
981609596
691173880
191399761
148097766
958776159
645885192
902290510
177025064
456927367
541993821
577862989
601590696
504678733
500119845
686625770
715707603
452129679
225770170
344978678
521122220
622249786
806919818
997062192
479692937
105704321
483593323
702954461
931549357
662012391
587588798
413207333
438702787
334392405
471136233
155090223
375518341
954296084
20825528
212327710
839750134
127664547
721898068
67110351
114810679
707106470
676098484
260173612
407802769
393642197
317543642
68346717
818880071
774266326
557124069
686594946
284121576
355310047
439496277
209040985
124548263
951067466
481550763
823530229
318430543
707579365
393603036
296091806
387029537
159276617
53007914
248006859
151534752
488156640
860382117
700055484
753543074
315429356
780150588
438757340
188321831
649269082
764441088
789048794
438981439
865773416
782042356
225471989
310258285
662415947
998543543
657904581
655190471
134508496
369437965
717324505
903197461
971708404
160843083
78290911
419377346
778240715
861478589
511519876
815209193
331992748
936680455
659348794
834161430
485431575
558789379
895808441
513167648
231850934
670152873
395796443
806140924
571185679
945819597
243435800
366127795
228248199
400285872
65408425
16926024
22743050
36736748
137334881
91815581
463487731
653412847
43737558
916202643
513731041
41535644
311037660
263000070
567519006
4286961
965854957
190684471
540251493
945219634
733376931
762773640
561951316
539762819
93031680
128402457
788529392
39366723
723964036
2029117
545445999
699313334
529523525
578316028
584104170
750265028
58187809
175644273
204820470
981976023
854939670
645995474
167819302
669851221
914717078
502649262
642243632
972075902
688391322
741618472
315722119
508712262
904355650
754009422
146286685
446213223
902842258
440084126
659613307
109216652
997921126
904809992
241341482
600396698
690157067
292175843
723220137
264382364
9272065
13684299
454338511
256390376
233513990
511888000
876126284
241944066
478534261
552899026
105724802
957805642
888904913
552749166
879123673
306182264
475487597
715794838
419923959
987464164
467476516
18391736
420481941
72773917
981374220
126715453
470742007
661686289
606158471
523431206
831557347
808778776
78812696
646960843
936058400
521470249
903419254
386040994
831552275
214498878
363851713
777230180
743612508
287414694
329802672
74340590
692813042
950498674
948788209
785930397
614040631
316273966
560263863
628389104
148292593
782744966
183663516
684749469
45506990
95389931
829645458
237585290
769294038
651195059
852338680
188666872
749293765
492937047
296169034
258816082
986404122
792381316
123162477
708342830
78357801
417460279
561848114
911111203
210272136
43431708
134376514
8694061
519985325
820874791
401767698
475505119
152399852
275189773
274783058
929426223
191338535
864183046
896936726
129874164
47364456
28685351
766252310
29111811
580984886
379968720
363650470
692899014
919289348
552778709
827033076
294481534
158781981
547265884
963693077
916009799
272430375
226378600
32127852
275355628
241298624
858854754
326756261
195192684
102333588
84558803
705753965
458524022
801985000
820376531
709179365
168669769
492985845
549517926
81425870
600954868
932229922
236077635
917700326
355291907
866846225
709628308
772464447
854824628
34674669
747925855
908074739
666158577
683149602
629584158
679858621
177029062
79321869
377429360
927243089
548872556
171603915
650163535
672644172
373143632
953797053
918369402
865568576
434947405
991633186
434084036
68384117
594161014
341167946
932227224
975117318
165810490
162616999
75499660
753037582
765909161
289502315
905509693
283728064
70513385
184145484
107147854
945794241
555394964
691858306
673812225
464405406
436775141
101669896
276533023
627674828
450896491
118741445
493125916
992749957
326985432
880210158
974459180
931884662
502722962
620219654
810555390
874181321
214519135
531777638
470825877
267243157
593596211
894095865
196599085
401038121
480853227
380583697
213653389
66594577
35572398
28828519
36147496
242353005
332994323
774102657
102824703
541955196
27349501
381195075
241913089
88198829
941619348
11528037
296135966
311694797
954381257
497273353
776253764
42394217
86111252
945223176
372084271
788147909
718413661
569070671
224461600
351205030
642312627
686667999
132930254
638726773
753807351
157653377
586382592
386785424
172703705
279360055
986667662
894851231
401655738
753180233
875455865
550951704
61009798
803423808
639241616
53220987
573492710
923356417
437288813
168360126
938943530
255434784
626525729
839433508
337083306
687968017
232008974
801896439
39448132
364310015
85617528
233949525
79996407
962251748
608773892
431635407
12269076
802086504
183298975
336560113
581766335
745983497
607881470
267082023
645681508
35407047
602581460
769038417
310799309
225572857
795321136
307549019
850094182
375602210
281853964
664393738
143990566
114589771
288738636
358590496
939622925
399840800
696402878
403165157
868668126
363855934
293595425
431137637
577126298
154465472
879704462
375639153
859053494
327838828
676121140
542156248
366505297
86328724
71409206
520840398
598854614
569772799
459290100
645792280
136861476
968441773
863373800
609638616
145967057
991806303
86574718
824726283
827201134
586015575
728934712
648246199
787524264
514503940
376918194
670644822
344704639
474477099
61921392
256056137
728058774
811577404
366482308
428539662
371455066
279870346
74446913
926768587
148390527
208977827
98618051
855620177
782598998
386078913
217071110
657774066
603369874
156307397
564871535
427968007
592106385
852418338
946999061
697906691
444511442
613600132
268136554
425585406
866320968
46775049
201174921
228339528
757572019
867235869
881816514
789113012
882745081
68956301
289157008
885218167
621595827
