0 2 130 288
0 1 170 266
0 0 152 278
0 0 81 306
0 2 61 310
1 1 220 227
0 0 172 265
0 2 86 304
2 2 195 249
3 3 197 247
1 1 69 309
1 1 217 229
0 4 120 292
0 1 204 242
1 3 150 279
0 1 211 236
2 2 50 313
0 2 200 245
1 1 160 273
0 0 197 248
1 3 213 234
0 0 154 276
0 6 14 316
0 1 171 266
4 6 174 264
1 1 181 260
1 2 218 230
0 0 120 292
0 1 150 278
0 1 22 315
0 1 212 234
1 1 187 254
0 0 135 286
1 3 185 257
0 2 153 276
1 1 189 254
0 0 207 239
1 3 50 313
0 2 42 313
0 1 196 249
0 2 69 309
3 5 221 226
0 0 50 311
1 2 5 316
0 0 64 309
0 2 70 308
1 1 143 283
0 0 148 280
0 1 23 315
0 0 222 224
0 0 149 279
0 0 199 246
0 0 69 309
0 2 127 290
0 3 211 236
0 0 162 271
2 2 148 280
0 2 149 279
0 1 211 235
1 1 199 246
1 1 33 315
3 3 29 315
0 0 136 285
0 0 186 256
0 0 75 307
1 2 223 223
0 2 127 290
1 2 163 271
0 1 86 304
0 0 99 300
1 1 150 279
0 1 154 276
1 1 73 308
2 2 192 252
1 2 70 308
1 1 217 230
1 1 222 225
0 0 184 258
0 1 223 224
1 1 204 241
0 0 182 259
1 2 140 283
0 1 223 224
0 0 194 250
8 16 48 312
0 2 33 315
0 2 217 230
0 0 148 280
4 4 168 268
0 0 201 244
0 2 149 279
2 2 109 297
0 0 61 310
0 3 185 257
2 3 168 267
1 1 192 251
0 0 174 264
0 0 136 285
0 1 144 282
1 1 196 248
