2 2
4 3
6 4
8 5
10 6
12 7
14 8
16 9
18 10
20 11
22 12
24 13
26 14
28 15
30 16
32 17
34 18
36 19
38 20
40 21
42 22
44 23
46 24
48 25
50 26
52 27
54 28
56 29
58 30
60 31
62 32
4 3
4 3
12 6
8 5
20 9
12 7
28 12
16 9
36 15
20 11
44 18
24 13
52 21
28 15
60 24
32 17
68 27
36 19
76 30
40 21
84 33
44 23
92 36
48 25
100 39
52 27
108 42
56 29
116 45
60 31
124 48
6 4
12 6
6 4
24 10
30 12
12 7
42 16
48 18
18 10
60 22
66 24
24 13
78 28
84 30
30 16
96 34
102 36
36 19
114 40
120 42
42 22
132 46
138 48
48 25
150 52
156 54
54 28
168 58
174 60
60 31
186 64
8 5
8 5
24 10
8 5
40 15
24 12
56 20
16 9
72 25
40 19
88 30
24 13
104 35
56 26
120 40
32 17
136 45
72 33
152 50
40 21
168 55
88 40
184 60
48 25
200 65
104 47
216 70
56 29
232 75
120 54
248 80
10 6
20 9
30 12
40 15
10 6
60 21
70 24
80 27
90 30
20 11
110 36
120 39
130 42
140 45
30 16
160 51
170 54
180 57
190 60
40 21
210 66
220 69
230 72
240 75
50 26
260 81
270 84
280 87
290 90
60 31
310 96
12 7
12 7
12 7
24 12
60 21
12 7
84 28
48 22
36 18
60 27
132 42
24 13
156 49
84 37
60 29
96 42
204 63
36 19
228 70
120 52
84 40
132 57
276 84
48 25
300 91
156 67
108 51
168 72
348 105
60 31
372 112
14 8
28 12
42 16
56 20
70 24
84 28
14 8
112 36
126 40
140 44
154 48
168 52
182 56
28 15
210 64
224 68
238 72
252 76
266 80
280 84
42 22
308 92
322 96
336 100
350 104
364 108
378 112
56 29
406 120
420 124
434 128
16 9
16 9
48 18
16 9
80 27
48 22
112 36
16 9
144 45
80 35
176 54
48 24
208 63
112 48
240 72
32 17
272 81
144 61
304 90
80 39
336 99
176 74
368 108
48 25
400 117
208 87
432 126
112 54
464 135
240 100
496 144
18 10
36 15
18 10
72 25
90 30
36 18
126 40
144 45
18 10
180 55
198 60
72 34
234 70
252 75
90 42
288 85
306 90
36 19
342 100
360 105
126 58
396 115
414 120
144 66
450 130
468 135
54 28
504 145
522 150
180 82
558 160
20 11
20 11
60 22
40 19
20 11
60 27
140 44
80 35
180 55
20 11
220 66
120 51
260 77
140 59
60 30
160 67
340 99
180 75
380 110
40 21
420 121
220 91
460 132
240 99
100 49
260 107
540 154
280 115
580 165
60 31
620 176
22 12
44 18
66 24
88 30
110 36
132 42
154 48
176 54
198 60
220 66
22 12
264 78
286 84
308 90
330 96
352 102
374 108
396 114
418 120
440 126
462 132
44 23
506 144
528 150
550 156
572 162
594 168
616 174
638 180
660 186
682 192
24 13
24 13
24 13
24 13
120 39
24 13
168 52
48 24
72 34
120 51
264 78
24 13
312 91
168 70
120 55
96 46
408 117
72 36
456 130
120 57
168 76
264 108
552 156
48 25
600 169
312 127
216 97
168 79
696 195
120 59
744 208
26 14
52 21
78 28
104 35
130 42
156 49
182 56
208 63
234 70
260 77
286 84
312 91
26 14
364 105
390 112
416 119
442 126
468 133
494 140
520 147
546 154
572 161
598 168
624 175
650 182
52 27
702 196
728 203
754 210
780 217
806 224
28 15
28 15
84 30
56 26
140 45
84 37
28 15
112 48
252 75
140 59
308 90
168 70
364 105
28 15
420 120
224 92
476 135
252 103
532 150
280 114
84 42
308 125
644 180
336 136
700 195
364 147
756 210
56 29
812 225
420 169
868 240
30 16
60 24
30 16
120 40
30 16
60 29
210 64
240 72
90 42
60 30
330 96
120 55
390 112
420 120
30 16
480 136
510 144
180 81
570 160
120 58
210 94
660 184
690 192
240 107
150 72
780 216
270 120
840 232
870 240
60 31
930 256
32 17
32 17
96 34
32 17
160 51
96 42
224 68
32 17
288 85
160 67
352 102
96 46
416 119
224 92
480 136
32 17
544 153
288 117
608 170
160 75
672 187
352 142
736 204
96 48
800 221
416 167
864 238
224 104
928 255
480 192
992 272
34 18
68 27
102 36
136 45
170 54
204 63
238 72
272 81
306 90
340 99
374 108
408 117
442 126
476 135
510 144
544 153
34 18
612 171
646 180
680 189
714 198
748 207
782 216
816 225
850 234
884 243
918 252
952 261
986 270
1020 279
1054 288
36 19
36 19
36 19
72 33
180 57
36 19
252 76
144 61
36 19
180 75
396 114
72 36
468 133
252 103
180 81
288 117
612 171
36 19
684 190
360 145
252 112
396 159
828 228
144 70
900 247
468 187
108 54
504 201
1044 285
180 87
1116 304
38 20
76 30
114 40
152 50
190 60
228 70
266 80
304 90
342 100
380 110
418 120
456 130
494 140
532 150
570 160
608 170
646 180
684 190
38 20
760 210
798 220
836 230
874 240
912 250
950 260
988 270
1026 280
1064 290
1102 300
1140 310
1178 320
40 21
40 21
120 42
40 21
40 21
120 52
280 84
80 39
360 105
40 21
440 126
120 57
520 147
280 114
120 58
160 75
680 189
360 145
760 210
40 21
840 231
440 176
920 252
240 111
200 95
520 207
1080 294
280 129
1160 315
120 60
1240 336
42 22
84 33
42 22
168 55
210 66
84 40
42 22
336 99
126 58
420 121
462 132
168 76
546 154
84 42
210 94
672 187
714 198
252 112
798 220
840 231
42 22
924 253
966 264
336 148
1050 286
1092 297
378 166
168 82
1218 330
420 184
1302 352
44 23
44 23
132 46
88 40
220 69
132 57
308 92
176 74
396 115
220 91
44 23
264 108
572 161
308 125
660 184
352 142
748 207
396 159
836 230
440 176
924 253
44 23
1012 276
528 210
1100 299
572 227
1188 322
616 244
1276 345
660 261
1364 368
46 24
92 36
138 48
184 60
230 72
276 84
322 96
368 108
414 120
460 132
506 144
552 156
598 168
644 180
690 192
736 204
782 216
828 228
874 240
920 252
966 264
1012 276
46 24
1104 300
1150 312
1196 324
1242 336
1288 348
1334 360
1380 372
1426 384
48 25
48 25
48 25
48 25
240 75
48 25
336 100
48 25
144 66
240 99
528 150
48 25
624 175
336 136
240 107
96 48
816 225
144 70
912 250
240 111
336 148
528 210
1104 300
48 25
1200 325
624 247
432 189
336 154
1392 375
240 115
1488 400
50 26
100 39
150 52
200 65
50 26
300 91
350 104
400 117
450 130
100 49
550 156
600 169
650 182
700 195
150 72
800 221
850 234
900 247
950 260
200 95
1050 286
1100 299
1150 312
1200 325
50 26
1300 351
1350 364
1400 377
1450 390
300 141
1550 416
52 27
52 27
156 54
104 47
260 81
156 67
364 108
208 87
468 135
260 107
572 162
312 127
52 27
364 147
780 216
416 167
884 243
468 187
988 270
520 207
1092 297
572 227
1196 324
624 247
1300 351
52 27
1404 378
728 287
1508 405
780 307
1612 432
54 28
108 42
54 28
216 70
270 84
108 51
378 112
432 126
54 28
540 154
594 168
216 97
702 196
756 210
270 120
864 238
918 252
108 54
1026 280
1080 294
378 166
1188 322
1242 336
432 189
1350 364
1404 378
54 28
1512 406
1566 420
540 235
1674 448
56 29
56 29
168 58
56 29
280 87
168 72
56 29
112 54
504 145
280 115
616 174
168 79
728 203
56 29
840 232
224 104
952 261
504 201
1064 290
280 129
168 82
616 244
1288 348
336 154
1400 377
728 287
1512 406
56 29
1624 435
840 330
1736 464
58 30
116 45
174 60
232 75
290 90
348 105
406 120
464 135
522 150
580 165
638 180
696 195
754 210
812 225
870 240
928 255
986 270
1044 285
1102 300
1160 315
1218 330
1276 345
1334 360
1392 375
1450 390
1508 405
1566 420
1624 435
58 30
1740 465
1798 480
60 31
60 31
60 31
120 54
60 31
60 31
420 124
240 100
180 82
60 31
660 186
120 59
780 217
420 169
60 31
480 192
1020 279
180 87
1140 310
120 60
420 184
660 261
1380 372
240 115
300 141
780 307
540 235
840 330
1740 465
60 31
1860 496
62 32
124 48
186 64
248 80
310 96
372 112
434 128
496 144
558 160
620 176
682 192
744 208
806 224
868 240
930 256
992 272
1054 288
1116 304
1178 320
1240 336
1302 352
1364 368
1426 384
1488 400
1550 416
1612 432
1674 448
1736 464
1798 480
1860 496
62 32
