11040 2835
8554 2208
11100 2850
2068 805
4300 1122
7708 1992
4080 1066
540 262
16660 4257
1316 360
9020 2324
936 265
2340 1069
7740 2001
104 53
1520 698
510 172
7084 1833
1888 510
704 278
7134 1848
13884 3555
9204 2370
884 347
1278 360
5576 2129
5920 2259
60 27
8904 2295
1120 324
174 88
2132 827
364 147
1924 513
5568 2127
5986 1554
316 120
4816 1254
2220 859
852 252
4464 1888
6640 1722
4424 1160
816 369
136 69
4080 1075
1344 388
11648 2990
2850 1300
472 150
8442 2176
13580 3479
7896 3006
8740 2256
10512 2701
5478 1428
612 175
3094 828
176 74
902 252
2850 754
4620 1207
994 288
440 206
2340 996
552 232
4144 1083
760 354
656 269
360 178
882 250
2484 658
14790 3784
12782 3276
3128 1205
1400 377
1116 439
8058 2080
7810 2016
462 202
5336 1395
4386 1144
800 371
7840 2985
756 328
11224 2883
1440 693
2268 966
24 12
1540 726
4150 1092
560 269
980 479
4264 1113
2668 705
4560 1189
7350 1900
8036 2075
3040 810
3528 1357
5952 1552
9100 2346
1298 360
178 90
88 45
504 244
10472 2691
900 355
130 66
2132 827
570 250
2752 1062
546 160
11592 2976
1288 502
5934 1540
1800 769
1232 488
3480 924
12870 3300
6536 2492
996 294
11952 3066
2432 938
120 42
2280 610
1848 510
14852 3800
7434 1920
17670 4512
138 48
1050 286
6014 1568
4814 1260
1092 322
3078 1306
2760 1227
9048 2332
7760 2009
328 105
9790 2520
7452 1927
308 125
2024 558
156 60
13770 3526
2288 887
308 90
2982 792
8632 2226
11396 2925
64 33
1680 652
4752 1818
6106 1584
7320 1891
4800 1261
20 11
504 226
3060 817
3290 864
8 5
5568 1452
560 230
2130 576
2856 1213
4824 1258
5328 1387
3560 945
108 55
1638 700
480 147
17028 4350
84 43
15132 3871
48 24
196 99
4704 1801
1120 534
1836 783
2806 744
128 65
1392 599
100 49
550 256
1704 468
10988 2822
756 328
4524 1185
638 180
3120 825
336 114
7370 1904
560 224
7544 2873
3108 817
182 92
5922 1536
168 75
7050 1824
6536 1694
2520 975
1932 525
360 159
208 99
12104 3105
510 156
104 53
13746 3520
10416 2679
1298 360
924 438
10744 2760
4176 1599
1848 717
1416 390
4350 1840
9306 2400
192 97
190 60
532 150
480 234
2226 594
468 187
340 169
3100 1191
792 225
480 237
168 82
9394 2418
140 71
1914 528
2232 862
1320 357
1316 521
5292 1386
3458 920
1260 544
120 52
170 86
496 144
736 292
1040 407
1530 430
6204 2367
1760 806
5032 1923
9212 2375
312 145
624 247
8648 2232
1288 579
6120 2335
1360 387
5952 1551
988 273
5904 1533
3108 817
228 97
1188 510
1848 715
2136 585
11620 2982
7448 2837
4830 1260
360 111
84 43
1980 532
128 65
12118 3108
88 45
1078 510
11390 2924
114 58
300 144
4450 1170
6900 1785
3672 966
3654 1548
12640 3240
7738 1998
5336 2039
2584 693
4998 1300
4800 1837
460 132
2924 770
1122 306
6440 1674
4488 1173
364 105
480 232
1530 414
9222 2376
2244 603
672 307
520 243
900 435
7740 2001
7952 2052
78 40
600 241
9300 2397
5280 2017
11682 3000
56 26
592 243
1240 336
180 91
1638 460
760 240
160 81
300 139
10586 2720
296 131
7298 1890
3160 840
704 318
6006 1560
546 268
880 396
8058 2080
4312 1653
184 93
690 210
1456 399
5720 1484
1740 675
8036 3059
60 31
182 92
12328 3162
624 283
6790 1764
11704 3003
264 130
2668 708
18 10
11316 2905
2788 735
456 145
6068 1577
4234 1110
4216 1614
510 224
630 184
396 150
780 361
2720 1049
8850 2280
4218 1102
3216 850
176 89
8084 3077
1560 697
10934 2808
150 76
5022 1312
5084 1943
6580 2509
1488 580
3384 1302
5772 1500
2562 682
5520 1435
7140 1846
2280 1015
9656 2484
3024 1162
176 89
2212 600
2200 849
2772 750
576 277
480 227
748 295
2494 660
896 356
720 205
810 246
720 315
4984 1305
180 91
650 302
8400 2166
8904 2295
2288 623
30 12
1584 621
4380 1147
188 95
3312 1272
8442 2176
468 135
5628 1462
2210 594
6072 1575
4830 1260
5740 1491
3894 1020
1596 435
1110 304
60 21
5044 1323
6552 1702
6840 1776
1892 522
1020 279
1880 734
572 161
1224 481
8742 2256
5670 1476
1940 539
3564 943
4690 1224
3498 918
440 140
9968 2565
1800 481
640 307
6052 1575
8722 2250
160 81
2448 1089
528 230
5330 1386
5848 1518
7552 1950
1904 513
576 282
3306 1402
12264 3145
3552 931
1148 332
11850 3040
5166 1344
4970 1296
3002 800
7760 2009
2574 1096
1540 414
9408 2425
1296 558
2666 704
1260 540
3588 1520
388 147
2784 1071
2460 951
10044 2583
7950 2052
1020 279
960 451
3036 799
1026 280
2262 964
4176 1767
10540 2709
8840 2279
462 136
6156 1599
2436 1037
88 40
5494 1428
3168 850
3864 1483
1134 328
120 57
5412 2067
3456 910
4600 1209
288 144
2332 621
840 330
192 66
10212 2625
720 312
9324 2400
1290 352
7280 1886
2220 600
3774 988
590 180
4428 1155
2262 964
5568 1455
2074 558
6240 1620
348 118
4664 1215
8648 3290
4410 1150
10004 2573
1152 325
6324 1645
1586 434
264 132
116 59
756 301
2856 1269
286 84
3416 899
3366 1428
10324 2655
1344 523
1704 468
5084 1323
442 126
1196 467
12300 3154
2244 867
3640 1396
2698 720
1564 420
60 31
10780 2772
570 192
384 178
448 216
6390 1656
5904 2253
9540 2457
2580 682
5964 1548
260 107
1488 640
420 199
420 198
1794 490
9010 2322
408 117
1722 462
260 81
3392 891
5320 1392
16878 4312
8700 2244
960 264
4176 1095
4640 1215
7872 2037
3666 960
5084 1328
5124 1333
120 39
954 270
10488 2697
1804 498
328 145
396 198
810 354
1584 758
188 95
6254 1620
172 87
56 29
2460 651
8008 2070
7644 2911
248 110
1044 285
6402 1666
418 120
1482 400
1904 737
6784 1755
184 82
2184 598
986 270
64 33
490 150
5340 1395
546 262
4828 1260
176 89
576 261
896 404
966 280
2870 756
11284 2898
10370 2666
632 200
8008 2067
11058 2842
7462 1932
884 245
6216 1615
6882 1786
4060 1062
648 313
324 150
2700 714
3400 897
2236 867
890 270
3726 1578
68 35
2838 748
4094 1080
2392 927
8094 2088
252 124
1680 750
966 280
520 211
6240 1617
110 56
400 165
1200 342
2900 765
9240 2380
168 85
4556 1190
1518 650
2050 546
120 61
4278 1128
12804 3283
152 77
1596 682
4640 1215
20 11
6580 2509
608 278
230 72
3420 912
4312 1125
720 347
660 289
4620 1209
348 174
10864 2793
2090 956
3120 1200
2352 625
5394 1408
616 300
1824 490
280 135
156 78
792 313
15770 4032
6888 1785
8260 2130
11088 2850
1170 330
6076 1584
1512 649
144 73
504 229
2726 720
1802 486
1512 588
19404 4950
1008 285
4914 1288
9348 2407
2478 660
16 9
474 160
2964 1258
6930 1800
336 168
1190 324
1488 400
1672 747
3094 828
4650 1966
7790 2016
6460 1677
4836 2044
4736 1235
15132 3871
2208 852
136 61
1848 870
6090 1584
7110 1840
4680 1221
10080 2592
14560 3726
2844 760
1400 545
684 190
5208 1360
868 240
6068 1575
4730 1232
3404 1307
308 152
5076 1330
3920 1505
8372 2162
4148 1085
460 141
522 150
760 375
528 230
1480 399
5456 1424
2508 663
2296 889
696 307
10488 2695
880 246
350 104
9968 2565
1344 532
8160 2106
132 67
3332 891
590 180
4416 1164
4048 1794
372 112
1932 517
56 29
1292 351
4760 1820
5848 2232
3444 913
3710 972
7056 2689
8514 2200
1860 504
2928 775
2990 792
6120 2335
3230 860
450 222
3948 1032
72 37
1404 601
312 91
572 162
4620 1204
2134 588
5822 1512
12480 3201
3186 840
2268 615
2508 1066
4472 1166
2392 636
5278 1380
36 18
124 63
276 84
1122 306
4900 1287
12 7
9344 2405
3256 855
4212 1782
700 325
912 250
36 19
84 42
10428 2680
504 223
960 376
1530 430
9016 2325
1300 507
950 260
7708 1995
148 75
1104 498
800 387
3990 1056
2340 1087
7236 1870
2808 1080
56 26
1368 532
12780 3276
442 126
18430 4704
5952 2272
4320 1654
2106 898
1428 387
104 35
100 51
52 27
2280 624
1200 342
2052 546
2176 969
1800 481
17088 4365
1088 297
288 130
1482 406
384 130
184 93
3060 805
13944 3570
7310 1892
13650 3496
6188 1610
2448 657
3212 851
588 175
1140 319
462 202
546 238
1296 558
1140 312
1560 429
880 346
4692 1225
138 70
2784 735
13968 3577
11102 2852
120 61
5642 1472
5700 1482
168 84
16368 4183
1120 306
2772 1179
146 74
12 7
1196 329
3404 893
7308 1888
3192 1417
7826 2024
9660 2485
4416 1692
2046 874
80 41
10792 2772
1620 694
3534 940
30 16
8740 2256
284 108
2604 1108
1134 544
1530 702
9480 2440
5040 1314
5890 1536
1106 320
16744 4278
4416 1868
896 428
15484 3960
210 64
5904 1533
4900 1275
3276 874
7120 1845
1820 833
276 128
3306 880
3136 1209
12816 3285
408 202
5580 1456
120 61
14620 3741
360 169
1260 352
98 50
168 72
6164 1598
1998 532
1760 806
1672 652
936 403
144 73
48 25
9312 2401
156 73
5518 1440
8036 2075
3192 841
180 90
176 89
120 61
1008 481
3280 861
32 17
290 90
2800 1077
4400 1685
5084 1323
1032 412
4092 1732
504 238
744 298
1100 299
138 70
416 119
4970 1296
3196 1231
1296 621
1914 818
3956 1517
11468 2945
504 148
3196 840
11956 3069
144 73
1376 542
14256 3649
280 114
6608 1710
220 66
4200 1609
1820 707
170 86
6532 1692
12180 3124
960 387
10476 2695
552 255
1008 453
6142 1596
192 97
9212 3503
168 85
5504 2102
504 238
2496 1111
10282 2646
1450 390
5700 1479
3080 1184
160 67
2170 576
240 107
6700 1734
15996 4089
340 139
11592 2976
4230 1104
12060 3094
120 58
468 133
1276 354
420 121
5664 1470
1098 310
180 91
150 76
2436 660
3016 1159
6278 1628
180 75
6230 1620
3234 850
420 124
168 70
4600 1209
5208 2200
3350 884
5478 1428
5580 2131
624 283
56 20
1482 400
3654 960
440 201
3680 972
1638 448
2688 1195
6468 2467
11956 3069
8142 2100
480 162
2040 789
16720 4272
1232 587
1760 786
576 258
10920 2805
1504 408
10788 2772
176 89
4140 1081
4964 1295
690 210
4556 1190
144 70
1386 390
924 255
1612 441
3828 1003
11092 2850
112 57
336 159
4920 1881
336 139
14308 3663
