400056 166954
795338 199472
29250 14170
6000 2995
134980 50859
576290 144666
170562 71242
597042 149850
149152 65412
572628 143715
10920 5386
1191210 298582
3740 1869
24416 10751
1094982 274492
754196 189215
69412 17646
980920 245931
92820 43186
828 415
1241352 311127
523160 131360
25840 6810
617572 155001
148596 37515
238832 60071
345312 86907
1422990 356592
224112 84297
5664 2830
581560 218475
579684 145465
56032 26334
231132 58167
30084 12656
1070454 268380
630196 236731
938912 235421
6660 1725
412148 154907
412104 171976
71120 18126
12456 4849
263004 66178
21816 8259
58984 22243
44544 21615
1536204 384930
375452 94316
21190 5712
600960 225757
303012 76146
474660 178347
264610 66552
74730 19104
846672 212325
417060 104754
144254 68930
91542 38284
185628 69907
292680 110026
102980 38801
1078252 270300
79560 20299
731094 183388
902980 226422
931198 233532
47892 12447
176550 79584
139000 60945
1033140 259006
1428264 357918
545172 136851
467896 175809
770726 193304
142032 35775
33396 14048
260228 65610
112972 28737
113400 28600
45360 19054
177694 44748
540704 203147
222040 83544
98890 25200
87472 32983
156804 59001
304290 127014
1677774 420360
41976 15991
260190 65416
1510410 378480
9280 3535
614900 154287
138840 52252
30388 7740
485906 121994
458040 172104
166320 62592
107310 44872
55160 13959
199392 74997
138160 60579
41958 19540
74456 18810
1258254 315360
275652 69286
6400 3171
642804 241453
1255680 314731
203728 89304
311982 78556
708032 177617
70070 33740
28380 13750
2542 672
680190 170632
258858 65142
40320 18775
32844 16263
1100960 276012
516800 129762
739270 185472
170016 42804
588440 147737
824428 206790
462910 116220
1289656 323235
57720 21780
1074798 269440
442046 111044
41310 19564
658070 165132
5808 2857
671184 168388
702 352
75856 28684
538620 135274
15120 7470
48720 23815
5586 2788
858 420
850080 319242
616264 154623
155976 39289
119210 53756
17784 8443
51294 21466
3024 1486
79380 38419
159140 40077
369352 92781
135184 59298
393228 164110
73988 27947
1210260 303349
305836 77025
817404 205005
416928 156672
3960 1938
754236 189175
309472 77775
306 154
72656 27404
155708 39438
238070 107288
947762 237632
954906 239454
706314 177190
16280 6296
3240 1617
66132 16716
374220 94062
304112 76475
16016 7104
117936 55774
427592 107361
240900 108561
287040 107917
161910 67644
16692 4347
618792 155271
293944 110523
135660 34291
46632 21455
5880 2890
14880 5817
396644 99638
297440 130325
64078 16200
283204 71253
17820 4551
46248 20325
614572 230863
491360 123344
153720 57861
1772804 444143
111874 28458
205506 51714
1126352 282341
287124 72163
985360 247059
458810 115182
303674 76400
152 77
121660 30885
150516 69099
10360 4947
9520 4705
22504 5835
1920 961
96048 46087
364650 164284
30622 7812
623784 156505
112808 42572
578488 217317
813552 204091
280852 105637
616320 154636
184044 76891
226240 56994
15056 4239
755152 283617
260950 65604
126492 52852
31440 11997
450822 113212
21700 5820
35844 13611
71576 27059
89210 22736
1312080 328831
630528 158235
190422 79524
351648 88332
172660 43497
13234 3570
1369562 343232
330372 83125
29640 7546
84584 31877
180180 45586
184992 81087
3216 1608
14904 7273
48792 21429
1121052 281026
142926 36204
448840 112815
196348 49440
2688 1282
857176 215004
1043056 261519
173600 78254
66982 16956
1384514 346968
38940 18630
30634 7830
1307146 327600
378256 95004
283232 106508
20696 7967
443260 111300
136956 57223
335088 146808
23532 8907
168912 77541
2856 1404
124544 31655
290872 109357
221136 83164
65680 16851
818 410
9240 4294
175140 78946
884660 221885
691704 173530
11220 5091
219096 91482
64260 30406
602600 151200
429240 107910
86664 21948
27600 13592
1388996 348084
142104 62313
25908 6685
44700 11325
17316 7273
174264 79993
140784 35490
57960 14664
1144794 286960
53856 23646
344224 86478
55152 14016
140748 52995
283920 71487
1105770 277200
66792 29317
456496 171531
72336 27354
1315664 329738
17856 8674
81530 20592
23968 11190
164220 61831
1654068 414427
215156 54225
60144 26424
4680 1984
4062 1356
9234 3898
582654 146248
80772 20416
275930 69422
97370 24750
457248 114793
685412 171941
554356 208267
581224 145875
404064 151872
38130 9682
158080 59536
1252204 313845
540940 135786
71484 32863
782272 196200
631896 237364
87556 22290
156372 65354
62624 15860
74100 33435
97608 36760
534612 134251
84420 21597
224982 56592
229642 57750
64952 24557
606676 227899
7770 3874
83352 36577
310734 78100
21528 9126
600434 150728
88712 22631
137952 52008
446902 112200
927976 232704
1072852 268950
409024 102723
107184 40392
767690 192614
143100 64516
1804 883
91048 23100
350610 88200
781776 196075
593430 148932
45156 18904
437932 164563
695772 174541
398152 149623
482372 121091
340576 128016
159034 40128
311176 78189
608940 152817
28914 7360
181704 45730
68628 17353
767076 192390
202940 76355
276018 69402
22454 5720
243716 61344
95676 24165
587970 147552
139384 35175
167750 42336
162338 40922
568504 142683
380090 171236
487720 122451
100570 45358
9540 4111
596498 149760
75840 19206
296112 111328
672228 168640
737268 184945
6720 1749
61312 23248
281970 70906
249002 62726
170884 64321
50820 19257
42168 10933
110580 28159
1184820 296989
56306 14400
1046460 262372
35336 9164
835888 209622
583540 146496
125452 47283
532144 199923
89408 33680
371490 93330
452816 113724
676544 169793
148520 65135
1238228 310365
671490 168490
541320 135894
67344 29578
12012 5102
30192 14913
757596 190069
92288 23348
355012 89175
215260 54162
1016334 254800
17760 6739
7240 2175
781632 196042
155288 39123
421412 105875
244818 102210
183574 46200
168532 42456
144 73
239364 99936
173236 43605
26042 6750
383830 96432
44232 20341
526164 132055
91884 23230
36618 9360
21980 5895
27132 13119
655788 164523
19040 9266
270860 68094
772280 193725
67284 28156
39032 10121
442428 184621
481068 120802
651794 163530
28152 13714
24948 12265
63418 16302
309444 77803
702100 263707
1597900 400371
645480 161944
832888 208875
188544 47478
1314250 329376
551284 138450
71980 32481
304752 76726
25116 12284
556792 139797
704004 176638
528516 132645
684860 171801
461160 115774
29436 7599
104002 26250
156576 39550
628208 235985
17600 8549
189224 47795
177408 83266
1102850 276480
117432 29601
102816 38719
223764 56350
849030 212952
130050 54370
75480 19096
325760 81855
91590 23256
5740 2709
217120 54810
311080 78234
441672 184304
46728 17632
836052 209676
534612 134176
281896 105984
1187996 297774
12544 6084
1555606 389784
1928486 483104
1656 829
5148 1368
324802 81666
871002 218416
8808 2392
526464 197797
287574 120050
682660 171252
21320 5459
7420 3555
568098 142618
139536 35209
382394 96048
1075552 269652
450916 113274
355668 89355
799940 200646
505486 126984
49032 18528
69148 17493
11676 5494
21384 9078
40352 18977
138816 58009
428840 107730
52200 21915
89180 33647
71298 18018
271500 122341
8800 3885
52128 21835
549816 138010
352550 88596
120588 30573
55384 24333
41496 19999
448330 112560
113520 42745
22050 5746
650360 244292
176616 66504
528078 132628
45990 21412
26790 13270
453112 113832
1731648 433843
549268 137865
153912 38857
509080 191271
142032 53463
1478318 370440
121176 30550
185802 77594
641762 161082
221488 97074
1429628 358253
17822 8318
676904 169830
14400 7021
460872 173167
1120168 280815
142290 35904
221676 55755
88660 22596
785888 197100
201572 75827
767368 192477
21920 8309
709104 177873
113296 42717
545052 136851
96380 43481
1552356 388974
152772 57553
225768 84937
148216 64989
844602 211806
323380 81366
444528 111628
88784 33446
581898 146080
682808 171288
24672 6562
351282 88242
425068 106833
705600 265021
707168 177390
93296 43409
630744 158253
8400 4174
62094 15708
179832 67687
363804 136767
157872 65974
31080 11745
427344 107338
265872 110992
435912 163812
563570 141440
1074600 269386
8976 3793
130896 54699
22176 10849
9504 2478
348336 87514
195672 49375
203616 85048
39636 15061
199640 50310
58218 24430
310944 136239
224030 56376
1633086 409180
199680 50274
1380972 346081
199500 89920
322486 81024
84128 21240
36792 15409
42372 11086
644366 161660
71280 33730
113280 42676
814860 204372
616714 154800
35280 16254
455728 114453
204972 51750
87024 38184
700040 175644
17784 6796
93060 38905
279708 70305
509020 127821
313714 78888
199382 50292
100116 41848
279444 105061
6384 2863
896184 224763
5568 2778
337744 126961
1095102 274516
278320 69954
625636 156975
72278 18360
1376716 345015
56032 14196
342576 86064
368532 92571
22900 5865
99296 43554
1694160 424461
100128 37800
60480 29031
8624 3281
227164 57318
278604 70080
816912 204891
26928 13209
1780200 445995
1460706 366034
655608 164488
588744 147795
41832 18375
472902 118776
460840 173161
58384 14805
57072 25060
507936 190836
54976 14190
532 201
18200 8021
31200 14676
363068 91233
381938 95930
172056 64749
7336 3660
700520 175760
54684 22903
204892 51597
533320 133962
6692 1800
684342 171696
69760 31479
1512 757
173372 43875
967680 242649
112392 42322
81360 36705
373100 140219
14280 7069
164432 41400
62040 28510
31108 7917
1340688 335995
89386 22560
366748 92130
125580 31726
197800 49995
837790 210156
1300820 326025
24388 6210
35316 14797
66452 17081
100902 25452
318360 119680
388506 97680
765160 287374
1075860 269700
547272 137362
29000 10967
87096 36424
88830 43404
146280 55072
491606 123444
232006 58344
395768 99470
1109570 278144
325008 81663
147562 37350
68718 17640
29104 12849
825160 206991
666672 167262
111180 28165
35262 9156
3144 1572
6440 3167
1031040 258496
118500 53442
126820 47787
589720 147981
534248 134082
608388 152670
5660 1562
4116 1374
377762 94976
154394 38880
584766 146784
450328 169210
1402440 351450
30380 7856
21150 8874
398864 100233
74992 28362
23408 10299
741200 278381
86730 36310
241024 60615
425704 106890
22020 5704
806148 302755
81144 30673
1503216 376674
1331864 333788
110704 41752
1824 829
39270 17736
8968 3432
237808 59892
97552 42804
943588 236598
322700 81224
1338910 335556
70500 26571
839310 210496
239568 60277
95400 24327
440430 110644
105930 44274
279850 126102
32640 16137
797280 299427
230384 100973
12540 5335
506352 127102
695950 174600
238128 89562
52470 13300
771036 289579
394710 99160
3900 1651
144336 60313
786174 197200
157914 65986
421830 176034
364908 91692
32554 8358
378290 95130
52920 25765
26910 11280
1175112 294550
52244 13433
19920 9592
324072 81466
114192 54007
143108 36045
15312 7559
62928 23730
1257766 315240
587064 220533
686512 257857
187956 47320
1066704 267430
140112 64330
248810 62720
24070 6132
11024 4187
425420 106817
52976 20117
75348 34615
60828 23035
386802 97146
11172 3262
797790 200124
48678 12400
69484 17700
742668 186333
311344 78288
290618 73040
707020 177354
217056 81667
287676 72325
130800 32964
38950 9996
267880 67431
12600 6268
939968 235683
97384 24585
192432 80362
4176 1861
21280 9390
180532 45567
20468 7835
89208 37326
258594 65178
1464520 366987
632940 158839
403650 101376
185832 69907
225862 57000
95004 39726
633880 159045
1499550 375760
848788 212898
658122 165126
270320 118452
243514 61230
92120 23247
1644146 411944
97300 43890
1142632 286431
5292 2596
447150 112332
67144 25311
143090 36050
13160 6374
123120 54001
743928 186595
90240 42936
694134 174148
24912 10479
1863540 466851
381128 95795
6720 3331
53580 24629
25668 11815
125268 31570
1414886 354564
167526 42180
186200 88542
108102 27300
189996 47824
1227732 307717
61410 15610
155792 58658
772464 193768
217100 54684
7552 3574
14032 3951
30192 7875
554066 139050
150100 71385
186480 70167
104832 49227
227416 57354
890236 334311
135176 34055
313786 78960
1206370 302394
91438 23100
771784 193575
1169674 293190
882384 221265
485994 122038
136956 57229
919080 230451
294492 74022
1023812 256676
1258444 315405
139008 52315
14634 3808
406260 152667
136344 59809
433192 162777
666876 167365
149184 56146
171000 77086
1274 638
204450 51546
279196 70224
118604 29925
161876 40824
25900 11755
164328 61852
38500 17424
157290 39606
1535308 384705
200096 75269
509208 127813
64416 24292
151536 71133
79712 34995
110760 53316
503396 126405
2464 1119
1444 723
469914 118048
2886 1408
710244 178233
32016 8155
906308 227255
78720 34567
25284 11635
75582 19096
370128 93015
132600 33411
903408 226525
113088 28623
29484 12390
33390 8532
394800 99294
636528 159712
550620 229729
167860 42402
511464 128385
45236 11594
553812 139000
1336920 335049
126090 31824
12670 5796
1250210 313344
256496 64565
66240 16951
175446 44164
72488 18315
39962 10350
41400 20217
80730 20400
1035268 259560
943652 236621
243798 101786
80360 35301
549444 137898
312908 78650
449442 187542
531786 133510
110514 27930
8694 4260
189222 47656
954176 239255
1421094 356128
98988 37327
423870 106444
243460 61215
12972 3396
1958136 490524
21060 9565
447020 112271
15300 6937
201880 51012
12006 5052
288204 72435
168696 77440
112104 28413
416340 173739
527124 132348
310200 129482
785890 197112
176764 66547
598694 150228
96300 24354
429906 107944
40680 17037
37350 16872
1387684 347763
131492 33372
70004 17930
990 496
325680 81969
