999 998
999 997
999 997
999 997
999 997
999 997
999 997
999 997
999 997
999 997
999 997
999 997
999 997
999 997
999 997
999 997
999 997
999 997
999 997
999 997
999 997
999 997
999 997
999 997
999 997
999 997
999 997
999 997
999 997
999 997
999 997
999 997
999 997
999 997
999 997
999 997
999 997
999 997
999 997
999 997
999 997
999 997
999 997
999 997
999 997
999 997
999 997
999 997
999 997
999 997
999 997
999 997
999 997
999 997
999 997
999 997
999 997
999 997
999 997
999 997
999 997
999 997
999 997
999 997
999 997
999 997
999 997
999 997
999 997
999 997
999 997
999 997
999 997
999 997
999 997
999 997
999 997
999 997
999 997
999 997
999 997
999 997
999 997
999 997
999 997
999 997
999 997
999 997
999 997
999 997
999 997
999 997
999 997
999 997
999 997
999 997
999 997
999 997
999 997
999 997
999 997
999 997
999 997
999 997
999 997
999 997
999 997
999 997
999 997
999 997
999 997
999 997
999 997
999 997
999 997
999 997
999 997
999 997
999 997
999 997
999 997
999 997
999 997
999 997
999 997
999 997
999 997
999 997
999 997
999 997
999 997
999 997
999 997
999 997
999 997
999 997
999 997
999 997
999 997
999 997
999 997
999 997
999 997
999 997
999 997
999 997
999 997
999 997
999 997
999 997
999 997
999 997
999 997
999 997
999 997
999 997
999 997
999 997
999 997
999 997
999 997
999 997
999 997
999 997
999 997
999 997
999 997
999 997
999 997
999 997
999 997
999 997
999 997
999 997
999 997
999 997
999 997
999 997
999 997
999 997
999 997
999 997
999 997
999 997
999 997
999 997
999 997
999 997
999 997
999 997
999 997
999 997
999 997
999 997
999 997
999 997
999 997
999 997
999 997
999 997
999 997
999 997
999 997
999 997
999 997
999 997
999 997
999 997
999 997
999 997
999 997
999 997
999 997
999 997
999 997
999 997
999 997
999 997
999 997
999 997
999 997
999 997
999 997
999 997
999 997
999 997
999 997
999 997
999 997
999 997
999 997
999 997
999 997
999 997
999 997
999 997
999 997
999 997
999 997
999 997
999 997
999 997
999 997
999 997
999 997
999 997
999 997
999 997
999 997
999 997
999 997
999 997
999 997
999 997
999 997
999 997
999 997
999 997
999 997
999 997
999 997
999 997
999 997
999 997
999 997
999 997
999 997
999 997
999 997
999 997
999 997
999 997
999 997
999 997
999 997
999 997
999 997
999 997
999 997
999 997
999 997
999 997
999 997
999 997
999 997
999 997
999 997
999 997
999 997
999 997
999 997
999 997
999 997
999 997
999 997
999 997
999 997
999 997
999 997
999 997
999 997
999 997
999 997
999 997
999 997
999 997
999 997
999 997
999 997
999 997
999 997
999 997
999 997
999 997
999 997
999 997
999 997
999 997
999 997
999 997
999 997
999 997
999 997
999 997
999 997
999 997
999 997
999 997
999 997
999 997
999 997
999 997
999 997
999 997
999 997
999 997
999 997
999 997
999 997
999 997
999 997
999 997
999 997
999 997
999 997
999 997
999 997
999 997
999 997
999 997
999 997
999 997
999 997
999 997
999 997
999 997
999 997
999 997
999 997
999 997
999 997
999 997
999 997
999 997
999 997
999 997
999 997
999 997
999 997
999 997
999 997
999 997
999 997
999 997
999 997
999 997
999 997
999 997
999 997
999 997
999 997
999 997
999 997
999 997
999 997
999 997
999 997
999 997
999 997
999 997
999 997
999 997
999 997
999 997
999 997
999 997
999 997
999 997
999 997
999 997
999 997
999 997
999 997
999 997
999 997
999 997
999 997
999 997
999 997
999 997
999 997
999 997
999 997
999 997
999 997
999 997
999 997
999 997
999 997
999 997
999 997
999 997
999 997
999 997
999 997
999 997
999 997
999 997
999 997
999 997
999 997
999 997
999 997
999 997
999 997
999 997
999 997
999 997
999 997
999 997
999 997
999 997
999 997
999 997
999 997
999 997
999 997
999 997
999 997
999 997
999 997
999 997
999 997
999 997
999 997
999 997
999 997
999 997
999 997
999 997
999 997
999 997
999 997
999 997
999 997
999 997
999 997
999 997
999 997
999 997
999 997
999 997
999 997
999 997
999 997
999 997
999 997
999 997
999 997
999 997
999 997
999 997
999 997
999 997
999 997
999 997
999 997
999 997
999 997
999 997
999 997
999 997
999 997
999 997
999 997
999 997
999 997
999 997
999 997
997 2
995 2
993 2
991 2
989 2
987 2
985 2
983 2
981 2
979 2
977 2
975 2
973 2
971 2
969 2
967 2
965 2
963 2
961 2
959 2
957 2
955 2
953 2
951 2
949 2
947 2
945 2
943 2
941 2
939 2
937 2
935 2
933 2
931 2
929 2
927 2
925 2
923 2
921 2
919 2
917 2
915 2
913 2
911 2
909 2
907 2
905 2
903 2
901 2
899 2
897 2
895 2
893 2
891 2
889 2
887 2
885 2
883 2
881 2
879 2
877 2
875 2
873 2
871 2
869 2
867 2
865 2
863 2
861 2
859 2
857 2
855 2
853 2
851 2
849 2
847 2
845 2
843 2
841 2
839 2
837 2
835 2
833 2
831 2
829 2
827 2
825 2
823 2
821 2
819 2
817 2
815 2
813 2
811 2
809 2
807 2
805 2
803 2
801 2
799 2
797 2
795 2
793 2
791 2
789 2
787 2
785 2
783 2
781 2
779 2
777 2
775 2
773 2
771 2
769 2
767 2
765 2
763 2
761 2
759 2
757 2
755 2
753 2
751 2
749 2
747 2
745 2
743 2
741 2
739 2
737 2
735 2
733 2
731 2
729 2
727 2
725 2
723 2
721 2
719 2
717 2
715 2
713 2
711 2
709 2
707 2
705 2
703 2
701 2
699 2
697 2
695 2
693 2
691 2
689 2
687 2
685 2
683 2
681 2
679 2
677 2
675 2
673 2
671 2
669 2
667 2
665 2
663 2
661 2
659 2
657 2
655 2
653 2
651 2
649 2
647 2
645 2
643 2
641 2
639 2
637 2
635 2
633 2
631 2
629 2
627 2
625 2
623 2
621 2
619 2
617 2
615 2
613 2
611 2
609 2
607 2
605 2
603 2
601 2
599 2
597 2
595 2
593 2
591 2
589 2
587 2
585 2
583 2
581 2
579 2
577 2
575 2
573 2
571 2
569 2
567 2
565 2
563 2
561 2
559 2
557 2
555 2
553 2
551 2
549 2
547 2
545 2
543 2
541 2
539 2
537 2
535 2
533 2
531 2
529 2
527 2
525 2
523 2
521 2
519 2
517 2
515 2
513 2
511 2
509 2
507 2
505 2
503 2
501 2
499 2
497 2
495 2
493 2
491 2
489 2
487 2
485 2
483 2
481 2
479 2
477 2
475 2
473 2
471 2
469 2
467 2
465 2
463 2
461 2
459 2
457 2
455 2
453 2
451 2
449 2
447 2
445 2
443 2
441 2
439 2
437 2
435 2
433 2
431 2
429 2
427 2
425 2
423 2
421 2
419 2
417 2
415 2
413 2
411 2
409 2
407 2
405 2
403 2
401 2
399 2
397 2
395 2
393 2
391 2
389 2
387 2
385 2
383 2
381 2
379 2
377 2
375 2
373 2
371 2
369 2
367 2
365 2
363 2
361 2
359 2
357 2
355 2
353 2
351 2
349 2
347 2
345 2
343 2
341 2
339 2
337 2
335 2
333 2
331 2
329 2
327 2
325 2
323 2
321 2
319 2
317 2
315 2
313 2
311 2
309 2
307 2
305 2
303 2
301 2
299 2
297 2
295 2
293 2
291 2
289 2
287 2
285 2
283 2
281 2
279 2
277 2
275 2
273 2
271 2
269 2
267 2
265 2
263 2
261 2
259 2
257 2
255 2
253 2
251 2
249 2
247 2
245 2
243 2
241 2
239 2
237 2
235 2
233 2
231 2
229 2
227 2
225 2
223 2
221 2
219 2
217 2
215 2
213 2
211 2
209 2
207 2
205 2
203 2
201 2
199 2
197 2
195 2
193 2
191 2
189 2
187 2
185 2
183 2
181 2
179 2
177 2
175 2
173 2
171 2
169 2
167 2
165 2
163 2
161 2
159 2
157 2
155 2
153 2
151 2
149 2
147 2
145 2
143 2
141 2
139 2
137 2
135 2
133 2
131 2
129 2
127 2
125 2
123 2
121 2
119 2
117 2
115 2
113 2
111 2
109 2
107 2
105 2
103 2
101 2
99 2
97 2
95 2
93 2
91 2
89 2
87 2
85 2
83 2
81 2
79 2
77 2
75 2
73 2
71 2
69 2
67 2
65 2
63 2
61 2
59 2
57 2
55 2
53 2
51 2
49 2
47 2
45 2
43 2
41 2
39 2
37 2
35 2
33 2
31 2
29 2
27 2
25 2
23 2
21 2
19 2
17 2
15 2
13 2
11 2
9 2
7 2
5 2
3 2
1 1
