1 50
2 49
89 47
42 39
3 62
14 59
86 45
41 4
37 58
32 21
11 84
32 73
27 41
75 14
61 82
52 21
31 30
1 8
98 7
91 8
83 4
79 82
34 3
31 44
15 13
2 7
77 5
72 52
20 15
5 33
68 28
40 40
93 0
93 4
89 35
54 15
39 6
33 54
34 21
13 1
12 96
85 84
1 92
53 91
21 38
18 17
1 67
73 66
7 34
46 27
19 36
56 17
39 37
2 25
67 23
44 56
21 12
9 84
27 75
6 48
27 42
44 15
29 6
23 31
78 8
70 28
42 87
36 45
27 9
18 89
81 71
10 45
28 35
76 7
69 86
79 17
62 98
40 36
4 58
30 54
69 24
45 91
54 46
8 11
82 3
79 89
57 10
47 45
2 87
78 85
99 7
92 23
69 11
58 43
15 59
11 44
22 33
65 11
54 5
49 9
40 6
34 85
96 51
45 72
38 27
11 28
6 17
78 11
67 93
56 26
30 45
44 15
29 35
1 6
31 5
26 99
96 73
23 21
2 61
15 59
98 44
54 13
41 68
78 27
51 23
28 33
38 5
33 100
98 67
31 46
91 15
76 21
55 54
1 77
57 76
38 19
19 28
62 9
53 19
34 85
87 51
36 85
19 49
30 30
51 0
51 50
1 15
43 14
29 29
33 0
33 66
62 33
29 97
73 68
5 86
57 81
82 24
58 21
37 92
77 55
22 22
18 0
18 48
28 30
92 2
90 44
46 51
68 5
63 9
54 22
32 64
60 32
28 95
12 67
81 55
26 68
45 42
3 91
77 88
93 11
82 66
16 72
77 56
21 57
16 36
43 20
23 76
96 53
43 40
3 100
71 97
1 26
59 25
34 95
30 61
40 31
9 49
97 40
57 21
36 77
29 41
22 12
10 89
57 79
51 22
29 46
5 17
62 12
50 9
41 12
29 31
63 2
61 27
34 13
21 92
55 71
62 16
46 40
6 32
50 26
24 18
6 5
1 69
40 68
71 28
43 84
9 41
69 32
37 35
2 66
6 64
34 58
86 24
62 2
60 84
36 24
12 14
13 2
11 90
79 79
38 0
38 58
33 20
13 16
20 3
17 24
34 7
27 71
24 44
69 20
49 1
48 47
1 48
64 47
17 7
10 91
70 81
37 11
26 62
86 36
50 81
83 31
52 84
3 32
3 29
69 26
43 85
48 42
6 40
14 34
59 20
39 59
72 20
52 47
5 83
52 78
24 26
59 2
57 23
34 73
40 39
1 10
61 9
52 74
72 22
50 69
99 19
80 78
2 64
5 62
24 57
30 33
97 3
94 83
11 5
6 86
19 80
40 61
65 21
44 74
68 30
38 69
37 31
6 74
3 68
67 65
2 85
90 83
7 3
4 57
25 53
90 28
62 29
33 58
44 25
19 68
57 49
8 15
40 7
33 84
84 51
33 26
7 74
53 67
40 14
26 78
4 52
8 48
4 40
67 36
31 66
16 35
95 19
76 39
37 73
34 36
84 2
82 20
62 67
22 5
17 88
73 71
2 99
80 97
26 17
9 3
6 100
57 94
73 37
36 31
5 99
47 94
20 47
19 27
24 8
16 76
51 60
48 9
39 2
37 86
86 49
37 8
29 39
63 10
53 5
48 77
78 29
49 70
42 21
21 65
15 44
53 29
24 17
7 60
11 53
19 42
67 23
44 99
34 55
42 21
21 42
31 21
10 36
62 26
36 21
15 78
39 63
27 24
3 31
67 28
39 74
14 35
64 21
43 21
22 76
28 54
45 26
19 75
78 56
22 86
92 64
28 63
55 35
20 97
33 77
4 44
29 40
77 11
66 2
64 74
68 10
58 55
3 64
1 61
55 60
89 5
84 7
77 38
39 80
48 41
7 67
99 60
39 70
39 31
8 62
21 54
12 33
57 21
36 61
24 25
19 1
18 50
72 32
40 75
3 35
90 32
58 26
32 51
79 19
60 61
100 1
99 62
37 84
53 47
6 68
79 62
17 97
1 80
45 79
7 34
19 27
95 8
87 45
42 70
36 28
8 9
67 1
66 40
26 60
33 34
6 1
5 37
64 32
32 17
15 63
75 48
27 14
13 46
65 33
32 17
15 98
62 83
52 21
31 23
8 67
37 59
13 22
83 9
74 60
14 45
74 31
43 14
29 29
1 0
1 96
23 95
6 72
87 66
21 66
90 45
45 37
8 29
60 21
39 28
11 17
97 6
91 83
8 38
50 30
20 37
73 17
56 93
15 37
4 22
85 18
67 40
27 68
59 41
18 28
93 10
83 26
57 45
12 63
93 51
42 85
2 43
90 41
49 1
48 64
45 16
29 98
39 69
64 30
34 78
28 44
94 16
78 5
73 13
60 69
59 9
50 56
43 6
37 50
21 13
8 7
1 46
60 45
15 55
8 40
33 32
1 71
2 70
96 68
28 68
25 40
72 15
57 13
44 78
91 34
57 96
51 39
12 75
65 63
2 20
96 18
78 53
25 87
29 62
78 33
45 84
7 39
30 32
8 2
6 47
97 41
56 79
92 23
69 81
59 12
47 3
44 68
37 24
13 64
73 51
22 18
4 99
19 95
35 76
36 41
9 5
4 23
27 19
8 35
75 27
48 98
75 50
25 46
33 21
12 32
44 20
24 45
58 21
37 66
74 29
45 33
12 89
54 77
40 23
17 69
91 52
39 51
10 12
94 2
92 26
66 71
100 5
95 93
2 90
100 88
12 30
45 18
27 54
27 27
12 0
12 72
54 60
51 6
45 29
16 62
59 46
13 43
91 30
61 50
11 66
45 55
29 10
19 69
80 50
30 86
8 56
16 48
76 32
44 24
20 10
10 91
71 81
67 10
57 40
17 92
67 75
84 8
76 8
68 62
6 1
5 25
71 20
51 72
33 21
12 6
6 99
97 93
4 29
82 25
57 63
62 6
56 100
12 44
60 32
28 89
27 61
43 34
9 68
97 59
38 67
89 29
60 92
56 32
24 51
44 27
17 25
39 8
31 49
88 18
70 39
31 76
48 45
3 24
12 21
45 9
36 70
77 34
43 64
73 21
52 76
74 24
50 82
4 32
21 28
79 7
72 66
6 59
80 53
27 43
16 16
8 0
8 46
62 38
24 90
59 66
85 7
78 24
54 41
13 13
81 0
81 66
15 35
43 20
23 27
32 4
28 96
6 68
63 62
1 44
54 43
11 56
87 45
42 56
35 14
21 55
55 34
21 92
11 71
44 60
12 16
3 4
19 1
18 94
42 76
54 34
20 60
82 40
42 77
75 35
40 21
19 65
73 46
27 86
16 59
47 43
4 68
61 64
14 3
11 29
42 18
24 48
16 24
10 8
2 98
10 96
23 86
26 63
36 37
56 1
55 66
10 11
95 1
94 93
1 15
8 14
2 6
89 4
85 2
83 82
1 64
81 63
18 82
59 64
58 5
53 66
33 13
20 91
38 71
63 33
30 63
8 33
9 25
46 16
30 66
25 36
60 11
49 70
1 21
72 20
52 26
26 65
79 39
40 8
32 16
16 93
95 77
18 100
82 82
89 0
89 91
40 2
38 41
54 3
51 53
65 2
63 98
84 35
49 20
29 32
31 3
28 13
15 33
29 18
11 23
30 12
18 68
75 50
25 37
10 12
39 2
37 85
33 48
79 15
64 18
46 88
71 42
29 88
67 59
8 13
12 5
7 18
30 11
19 21
33 2
31 20
11 49
93 38
55 51
4 36
66 32
34 83
97 49
48 86
34 38
3 4
59 1
58 3
55 63
50 8
42 44
8 2
6 61
33 55
80 22
58 95
96 37
59 52
7 66
67 59
8 34
21 26
19 5
14 42
18 28
30 10
20 93
31 73
90 42
48 85
47 37
10 85
42 75
34 33
1 71
77 70
7 60
74 53
21 71
47 50
28 3
25 64
73 39
34 26
8 59
31 51
65 20
45 67
3 22
35 19
16 93
62 77
32 15
17 42
65 25
40 81
27 41
56 14
42 70
88 28
60 60
58 0
58 58
67 0
67 3
64 22
42 48
6 6
98 0
98 14
84 61
23 92
11 69
19 58
41 39
2 46
31 44
91 13
78 89
71 11
60 32
28 53
88 25
63 58
5 61
35 56
33 21
12 62
95 50
45 45
91 0
91 10
81 96
93 15
78 74
4 9
79 5
74 95
43 21
22 54
84 32
52 86
73 34
39 4
35 78
86 43
43 100
52 57
78 5
73 36
37 69
93 32
61 77
100 16
84 87
64 3
61 72
50 11
39 23
16 62
88 46
42 77
5 35
30 30
27 0
27 8
19 85
6 66
52 60
65 8
57 24
33 98
10 65
33 55
16 22
95 6
89 73
16 5
11 75
54 64
20 10
10 23
21 13
8 78
69 70
11 1
10 36
47 26
21 21
23 0
23 91
2 68
6 66
90 60
30 64
78 34
44 78
65 34
31 100
37 69
51 32
19 62
63 43
20 97
93 77
16 16
