16 815
9 799
52 790
9 738
23 729
322 706
967 384
583 207
376 397
761 21
740 867
881 127
754 560
194 438
490 244
246 978
30 732
300 702
769 402
367 77
290 815
219 525
273 306
538 33
505 866
600 361
239 928
744 689
55 987
802 932
90 130
398 40
358 235
123 624
827 501
326 911
567 585
322 18
304 192
112 199
888 87
801 594
207 524
521 317
204 141
63 443
590 380
210 349
553 139
414 530
30 116
933 86
847 856
3 9
54 6
48 601
429 553
404 124
280 101
179 853
134 674
194 540
281 346
16 65
716 49
667 106
561 585
608 24
584 785
403 201
202 74
128 947
750 819
208 69
139 473
556 334
222 633
251 411
403 160
243 510
261 267
761 6
755 360
395 909
667 514
153 492
635 339
296 474
2 178
733 176
557 660
711 103
608 167
441 30
411 736
18 325
683 307
376 933
63 557
156 494
291 338
217 47
170 491
713 321
392 262
130 108
22 45
772 23
749 737
12 797
853 785
68 642
165 574
720 409
311 914
419 603
350 184
166 303
574 137
437 202
235 680
800 445
355 87
268 266
2 187
858 185
673 207
466 424
42 330
408 288
120 438
188 318
85 130
86 45
41 620
392 579
920 187
733 477
256 416
188 160
28 982
539 954
125 415
546 290
256 773
255 517
858 262
596 566
30 924
21 894
462 873
112 411
332 299
33 425
11 392
829 381
448 106
342 69
273 607
349 334
15 438
586 423
163 490
5 327
123 322
577 199
378 872
699 494
205 921
378 716
650 338
312 716
12 404
793 392
401 471
233 70
163 429
651 266
385 168
217 93
124 911
336 787
264 451
860 187
673 793
324 120
204 95
109 961
780 852
236 72
164 432
123 268
210 145
65 561
334 496
374 162
212 214
981 2
979 999
284 20
264 551
889 287
602 970
546 368
178 932
922 754
168 878
929 710
219 204
15 291
255 276
792 21
771 253
518 138
380 206
174 24
150 209
476 59
417 307
110 511
496 401
95 562
215 467
525 252
273 940
291 667
850 376
474 663
367 189
178 699
502 521
775 19
756 121
635 75
560 839
406 279
127 922
53 795
193 742
632 549
83 403
273 320
239 47
192 425
32 233
930 201
729 710
19 974
439 955
931 516
415 838
178 423
101 245
739 144
595 150
445 574
816 129
687 658
29 145
903 116
787 845
304 58
246 894
462 648
491 186
305 331
639 26
613 650
717 37
680 981
487 301
186 656
158 470
400 312
88 186
760 98
662 343
319 98
221 540
520 319
201 586
970 385
585 912
811 327
484 556
369 72
297 507
337 210
127 120
7 969
470 962
786 492
294 332
385 38
347 623
340 276
64 243
720 179
541 884
272 343
193 71
122 778
132 656
183 524
556 341
215 819
237 604
714 367
347 11
336 576
803 240
563 653
772 90
682 488
194 279
232 85
147 498
653 351
302 205
97 366
909 269
640 142
498 222
276 738
938 462
476 475
1 599
33 598
589 565
24 98
880 74
806 431
375 427
5 52
795 47
748 932
461 184
277 487
561 210
351 136
215 988
575 773
667 198
469 321
148 277
83 129
642 46
596 585
11 388
134 377
946 243
703 955
981 252
729 666
63 1
62 705
145 643
866 498
368 619
858 251
607 775
153 168
584 15
569 731
434 162
272 509
702 237
465 921
144 456
46 312
691 266
425 303
122 909
746 787
41 41
907 0
907 861
46 278
149 232
361 83
278 85
193 49
144 660
870 516
354 2
352 601
912 249
663 257
406 496
764 90
674 715
669 41
628 582
46 783
597 737
293 140
153 25
128 967
1000 839
161 659
928 498
430 147
283 41
242 377
245 135
110 860
956 750
206 341
273 135
138 485
994 347
647 543
104 228
851 124
727 706
21 726
106 705
260 599
316 339
656 23
633 316
317 249
68 308
174 240
530 66
464 84
380 745
96 365
16 269
810 253
557 93
464 554
115 90
25 280
588 255
333 831
362 498
303 136
167 860
742 693
49 895
603 846
631 243
388 588
845 200
645 424
221 647
267 426
619 159
460 374
86 210
177 124
53 859
151 806
1000 655
345 139
206 875
758 669
89 182
97 93
4 445
149 441
836 292
544 446
98 92
6 424
584 418
166 589
357 423
131 66
65 825
11 760
887 749
138 62
76 866
868 790
78 352
535 274
261 491
415 230
185 220
713 35
678 90
588 683
943 95
848 575
273 314
776 41
735 780
31 45
575 14
561 48
513 219
294 665
911 371
540 488
52 799
121 747
999 626
373 43
330 683
782 353
429 619
549 190
359 437
469 78
391 235
156 413
931 257
674 989
366 315
51 50
1 526
577 525
52 605
869 553
316 950
137 634
476 497
450 21
429 828
397 399
778 2
776 645
131 648
762 517
245 317
150 72
78 457
732 379
353 943
981 590
391 94
297 183
114 90
24 233
910 209
701 634
67 960
928 893
35 780
74 745
569 671
688 102
586 131
455 473
180 18
162 810
44 648
772 604
168 904
989 736
253 39
214 252
727 38
689 31
658 161
497 990
474 493
740 19
721 577
144 940
665 796
751 131
620 573
47 577
778 530
248 139
109 28
81 37
44 897
529 853
1 324
708 323
385 65
320 717
38 397
902 359
543 295
248 395
839 147
692 484
208 252
115 44
71 571
320 500
466 180
286 452
374 166
208 338
565 130
435 72
363 354
9 140
205 131
74 592
439 518
340 79
261 813
312 552
863 240
623 754
358 131
227 338
120 111
9 877
658 868
469 210
259 192
67 38
29 436
237 407
169 170
605 1
604 881
141 277
103 136
902 33
869 602
267 370
531 103
428 289
139 452
882 313
569 915
742 346
396 548
884 152
732 302
430 627
823 197
626 44
582 391
191 913
161 722
599 561
38 525
506 487
19 912
501 893
284 392
170 108
62 225
536 163
373 165
208 668
952 460
492 984
705 492
213 580
276 367
182 91
91 906
903 815
88 478
677 390
287 930
19 643
425 624
266 199
67 34
33 944
258 911
509 653
320 144
176 963
511 787
960 276
684 261
423 945
269 522
141 253
603 112
491 528
840 37
803 553
250 612
172 362
710 190
520 102
418 623
231 205
26 492
427 466
328 39
289 76
213 646
707 433
274 840
761 566
195 793
65 598
291 533
163 242
852 79
773 940
37 167
259 130
129 967
471 838
541 367
174 405
781 231
550 449
101 600
441 499
936 58
878 245
633 362
271 979
546 708
296 162
134 570
368 436
716 68
648 328
320 54
266 418
737 152
585 702
456 117
339 387
844 48
796 414
382 702
323 320
3 127
923 124
799 887
951 88
863 392
471 102
369 51
318 230
88 49
39 755
813 716
97 329
703 232
471 644
588 173
415 99
316 311
5 154
622 149
473 672
951 199
752 983
42 231
319 189
130 228
761 98
663 763
838 100
738 448
290 643
443 353
90 162
26 72
366 46
320 373
691 53
638 234
404 968
400 564
443 164
279 688
668 409
259 55
204 367
606 163
443 170
273 580
207 307
62 100
216 38
178 601
230 423
391 193
198 633
780 435
345 997
618 652
13 34
961 21
940 269
671 253
418 158
260 528
617 268
349 93
256 508
382 252
130 149
401 19
382 609
140 227
162 87
75 69
6 227
63 221
880 158
722 220
502 853
86 351
617 265
352 680
94 328
91 234
310 143
167 408
431 241
190 772
1000 582
418 666
405 248
157 641
78 484
389 406
933 17
916 924
209 8
201 964
351 763
351 412
228 61
167 555
94 388
292 294
166 2
164 641
605 477
128 159
752 31
721 83
638 719
464 81
383 800
336 417
855 81
774 67
707 594
113 270
43 157
252 114
138 549
333 411
119 78
41 982
206 941
49 735
681 686
642 5
637 597
40 489
266 449
659 183
476 344
132 847
305 715
577 410
167 909
942 742
200 269
206 69
137 460
668 323
345 217
128 315
292 187
105 787
985 682
303 638
242 335
800 93
707 843
610 136
474 480
922 6
916 146
770 338
432 487
994 55
939 660
279 588
677 309
368 420
387 52
335 360
823 25
798 577
221 18
203 818
963 615
348 987
266 639
72 373
225 301
480 76
404 322
82 199
530 117
413 674
363 261
102 780
936 678
258 301
922 43
879 809
70 841
306 771
560 465
95 384
328 289
39 815
396 776
731 380
351 195
156 753
877 597
280 717
264 437
140 173
990 33
957 130
827 960
470 133
337 182
155 782
986 627
359 789
46 430
105 384
32 279
700 247
453 451
2 582
970 580
390 459
132 69
63 248
560 185
375 234
141 779
666 638
28 93
494 65
429 931
608 502
106 864
876 758
118 782
454 664
55 210
989 155
834 134
700 898
814 198
616 393
223 441
814 218
596 455
141 295
472 154
318 736
206 418
154 212
631 58
573 280
293 955
637 662
700 25
675 900
789 225
564 981
595 417
178 429
442 251
191 697
379 506
908 127
781 507
274 250
24 488
509 464
45 615
132 570
885 438
447 180
267 887
839 620
219 434
829 215
614 223
391 993
489 602
169 113
56 946
890 890
