1 79
2 78
66 76
5 10
31 5
26 2
24 6
18 34
31 16
15 37
36 22
14 95
111 81
30 48
250 18
232 85
147 21
126 117
9 16
28 7
21 27
116 6
110 12
98 19
79 23
56 46
10 200
68 190
122 122
87 0
87 35
52 85
6 33
81 27
54 6
48 21
27 157
46 130
112 84
28 55
5 27
221 22
199 161
38 15
23 105
5 82
221 77
144 10
134 19
115 163
478 48
430 127
303 1
302 206
96 77
19 185
63 166
205 103
102 50
52 192
81 140
191 59
132 108
24 87
271 63
208 22
186 45
141 31
110 80
30 4
26 117
55 91
25 36
22 11
11 37
136 26
110 33
77 230
63 153
74 90
118 16
102 25
77 128
11 51
94 40
54 26
28 213
55 185
30 130
296 100
196 33
163 187
82 24
58 66
235 8
227 1
226 59
167 50
117 264
20 147
69 127
48 58
3 10
28 7
21 47
5 26
138 21
117 72
45 12
33 77
22 44
159 22
137 26
111 46
65 15
50 44
6 47
166 41
125 24
101 70
31 6
25 8
17 166
79 149
105 70
35 98
15 63
19 48
2 29
3 27
65 24
41 195
29 154
106 125
39 19
20 349
249 329
199 80
119 250
108 131
230 23
207 25
182 8
174 91
83 75
8 191
49 183
215 134
81 89
7 8
22 1
21 168
65 147
104 82
22 43
37 21
16 88
88 72
16 104
36 88
105 52
53 252
110 199
50 89
125 39
86 81
5 153
62 148
64 86
126 22
104 27
77 252
47 175
192 128
64 51
13 79
54 66
52 12
40 84
66 44
22 219
69 197
75 128
14 53
20 39
69 19
50 95
30 45
5 15
11 10
1 40
81 39
42 179
3 137
86 134
99 48
51 349
8 298
104 290
30 186
171 156
15 40
282 25
257 7
250 20
230 1
229 18
211 1
210 103
107 7
100 65
35 15
20 67
104 47
57 6
51 132
25 81
70 56
14 19
208 5
203 29
174 11
163 26
137 43
94 142
21 48
23 27
21 4
17 22
129 5
124 31
93 52
41 132
8 91
37 83
50 46
4 76
176 72
104 129
157 25
132 55
77 40
37 63
25 26
143 1
142 171
7 29
13 22
105 9
96 7
89 11
78 119
88 41
47 128
42 81
57 39
18 43
87 25
62 12
50 43
7 86
49 79
60 30
30 105
402 75
327 75
252 28
224 2
222 55
167 8
159 7
152 32
120 6
114 19
95 34
61 285
227 224
3 74
84 71
13 105
33 92
149 59
90 21
69 29
40 161
26 121
98 95
3 46
141 43
98 70
28 17
11 76
6 65
29 59
79 30
49 5
44 16
28 291
2 263
73 261
52 188
205 136
69 157
24 88
154 64
90 158
181 68
113 7
106 6
100 99
1 14
162 13
149 127
22 54
16 32
4 16
5 12
11 7
4 36
161 32
129 53
76 37
39 55
20 16
4 49
21 45
36 24
12 114
221 102
119 285
21 166
68 145
230 77
153 273
36 120
54 84
51 30
21 86
192 65
127 8
119 32
87 258
61 171
58 110
143 52
91 50
41 58
195 17
178 57
121 17
104 2
102 20
82 56
26 5
21 82
204 61
143 50
93 13
80 33
47 10
37 99
4 62
6 58
195 52
143 18
125 4
121 11
110 14
96 187
16 91
151 75
76 73
3 136
64 133
95 69
26 108
28 82
7 54
107 47
60 14
46 32
14 148
124 134
10 10
120 0
120 35
85 14
71 129
64 58
6 2
4 8
10 4
6 83
141 77
64 34
30 7
23 118
103 95
8 5
3 13
16 10
6 99
73 93
47 20
27 135
60 108
137 48
89 15
74 258
1 184
90 183
4 93
66 89
15 23
51 8
43 20
23 183
39 160
185 121
64 60
4 17
12 13
23 1
22 27
306 5
301 9
292 183
109 145
16 36
70 20
50 71
60 21
39 144
33 105
38 72
39 34
5 25
16 20
36 4
32 81
125 49
76 84
79 8
71 29
42 108
17 66
38 49
38 11
27 14
13 11
2 62
120 60
60 115
202 55
147 35
112 12
100 21
79 19
60 101
81 41
40 366
102 326
137 224
36 87
54 51
3 33
150 30
120 170
17 50
12 33
87 21
66 6
60 45
15 28
151 13
138 179
7 41
4 34
14 30
15 16
95 1
94 40
54 30
24 417
31 393
29 362
2 333
68 331
10 263
61 253
5 192
15 187
2 172
66 170
104 104
33 0
33 32
1 38
110 37
73 23
50 91
147 41
106 148
85 42
43 81
99 38
61 144
20 83
5 63
54 58
88 4
84 31
53 17
36 10
26 84
195 58
137 106
31 112
13 81
80 68
12 204
119 192
145 73
72 37
35 62
75 27
48 27
21 1
20 52
11 32
21 21
51 0
51 16
35 113
78 78
67 0
67 85
147 18
129 22
107 21
86 235
41 149
159 108
51 3
48 27
21 182
128 161
25 33
26 8
18 21
159 3
156 213
70 57
13 77
142 64
78 134
29 56
2 27
217 25
192 5
187 50
137 156
44 19
25 172
94 147
23 53
1 30
59 29
30 42
59 12
47 9
38 115
148 77
71 279
12 208
184 196
24 12
12 62
55 50
5 368
20 363
188 343
274 155
119 56
63 15
48 372
13 324
107 311
165 204
158 39
119 1
118 152
2 34
79 32
47 29
18 65
40 47
11 7
4 61
123 57
66 32
34 75
203 41
162 7
155 34
121 58
63 3
60 3
57 67
223 10
213 97
116 66
50 24
26 102
57 76
311 19
292 10
282 233
49 172
58 123
118 65
53 34
19 4
15 62
43 47
14 4
10 16
260 6
254 19
235 77
158 203
68 45
23 32
172 9
163 32
131 62
69 34
35 200
121 165
32 44
80 12
68 88
100 20
80 149
10 69
11 59
368 48
320 290
30 101
11 71
35 60
30 25
5 92
33 87
97 54
43 109
155 66
89 152
134 63
71 184
19 113
122 94
28 7
21 140
37 119
13 82
220 69
151 29
122 73
49 36
13 62
65 49
16 102
97 86
11 80
79 69
10 321
5 311
60 306
14 246
33 232
279 199
80 170
36 90
153 54
99 43
56 65
164 9
155 81
74 12
62 46
16 189
91 173
106 82
24 175
161 151
10 30
149 20
129 24
105 41
64 57
7 132
6 125
183 119
64 141
58 77
65 19
46 30
16 8
8 20
187 12
175 90
85 94
57 9
48 224
112 176
8 64
232 56
176 35
141 132
9 137
189 128
61 43
18 245
11 227
31 216
15 185
36 170
26 134
52 108
85 56
29 183
82 154
46 72
55 26
29 66
102 37
65 40
25 17
8 188
166 180
60 14
46 139
32 93
29 61
28 32
54 4
50 249
86 199
64 113
175 49
126 144
55 18
37 54
54 17
37 18
19 69
13 50
52 37
15 43
49 28
21 203
18 182
54 164
142 110
32 71
121 39
82 147
22 65
25 43
152 18
134 70
64 136
38 72
60 34
26 57
41 31
10 61
97 51
46 164
6 118
45 112
94 67
27 18
9 62
10 53
8 43
45 35
10 35
4 25
47 21
26 9
17 60
122 43
79 291
410 212
198 233
117 35
82 153
47 71
104 24
80 58
22 44
4 22
105 18
87 512
29 425
123 396
12 273
4 261
230 257
5 27
19 22
234 3
231 101
130 80
50 204
86 154
1 68
12 67
105 55
50 36
14 24
24 10
14 131
291 117
174 144
30 13
17 8
9 38
32 29
3 46
16 43
62 27
35 1
34 79
109 45
64 42
22 7
15 104
80 89
17 9
8 325
63 317
214 254
27 40
38 13
25 93
188 68
120 123
7 3
4 124
88 120
32 32
29 0
29 70
54 41
13 92
12 79
6 67
41 61
49 20
29 204
208 175
33 295
182 262
123 80
43 88
93 45
48 72
178 24
154 114
40 120
127 80
47 13
34 101
1 67
241 66
175 30
145 52
93 272
116 179
65 63
2 5
41 3
38 9
29 16
13 84
140 71
69 156
174 87
87 50
37 269
118 232
4 114
18 110
39 92
53 53
45 0
45 162
120 117
3 60
130 57
73 362
89 289
4 200
94 196
81 102
85 21
64 101
3 37
142 34
108 106
2 18
7 16
13 9
4 5
57 1
56 13
43 78
74 35
39 34
5 45
67 40
27 47
206 20
186 131
55 5
50 341
2 291
8 289
28 281
139 253
85 114
13 29
66 16
50 8
42 22
20 297
88 277
10 189
17 179
61 162
14 101
42 87
120 45
75 3
72 120
111 48
63 87
97 24
73 64
9 26
60 17
43 5
38 93
62 55
7 31
21 24
57 3
54 36
18 253
112 235
51 123
25 72
19 47
81 28
53 204
73 151
40 78
160 38
122 52
70 87
11 17
96 6
90 144
312 54
258 31
227 70
157 218
7 61
2 54
43 52
88 9
79 28
51 7
44 7
37 82
51 45
6 28
40 22
18 104
5 86
123 81
42 161
102 119
81 17
64 138
74 74
