44 10 19957
47 43 21192
58 2 44808
14 14 28486
22 12 18781
49 25 35490
18 12 3758
3 73 12607
4 28 91489
71 19 31290
24 24 16164
22 10 23810
2 34 216811
13 47 20251
15 7 48958
11 25 11462
22 20 34968
6 6 3669
60 6 17219
31 3 13306
34 28 28889
65 3 108792
3 69 70471
27 7 31190
13 53 42713
70 34 493
18 28 16141
6 8 26478
2 72 126972
50 38 32692
17 25 9084
54 54 8148
13 15 2800
38 28 15371
17 5 11053
1 63 133541
21 5 16769
36 20 24586
45 1 18520
7 9 4119
24 10 68742
5 13 52722
7 7 58648
9 27 40632
6 50 24361
49 3 24405
30 2 78405
26 90 6079
2 74 64890
3 5 3025
11 5 39947
77 17 14748
8 24 8885
21 17 47374
32 6 14423
68 24 7362
20 44 39742
24 44 27764
4 26 32629
21 15 47795
33 25 20987
25 43 1456
2 70 161765
18 76 23654
20 40 34304
10 42 31380
53 45 9473
2 16 25613
12 10 12898
8 40 55460
24 84 29279
16 10 44005
56 10 48750
70 2 359135
5 19 59893
4 76 26193
51 3 2856
35 17 10998
26 30 23163
11 75 19754
23 3 84976
38 28 16792
52 20 36440
36 36 4319
81 83 22645
15 57 49707
40 84 16536
7 19 103843
28 32 683
18 16 48854
3 77 78183
36 60 27641
42 6 20657
2 16 300411
14 8 21305
58 14 30183
7 37 116634
49 37 24906
44 82 9816
85 35 904
17 37 10815
7 1 68230
4 4 68419
3 11 338885
16 6 8129
46 20 5468
10 18 77400
43 39 18799
52 32 42421
8 24 29808
11 51 10141
59 17 15137
89 15 3872
8 6 177889
31 31 3359
25 25 29962
36 2 43
47 9 2630
54 24 27569
5 53 31816
10 8 24928
33 13 54713
1 25 313932
22 40 1447
89 79 7306
2 68 319317
8 10 132726
7 63 56036
32 34 12634
6 22 6499
1 13 353722
9 3 6163
13 13 5040
14 26 14316
7 7 14784
51 5 24036
53 23 25838
4 36 344192
42 6 22998
22 14 69507
8 18 10456
3 45 131423
26 42 31934
28 4 213437
18 2 21286
31 41 7728
3 21 2426
25 5 56228
64 6 10764
4 24 27
25 3 125688
26 6 22899
25 11 35826
75 67 17726
24 26 16427
10 2 51610
3 59 21898
3 3 24359
43 5 32875
11 5 28768
80 42 5347
10 4 62356
1 25 24495
3 9 51410
80 24 7958
42 42 8219
35 5 73450
15 55 11576
14 74 6779
67 27 42999
6 72 46219
20 6 4366
4 2 58307
21 35 6910
33 9 42374
10 88 65134
53 49 16268
62 20 25772
47 11 20124
19 15 44278
24 26 7247
9 65 17691
5 41 129644
21 7 32832
31 15 11392
8 26 46893
2 14 80162
13 5 32828
12 32 89083
25 81 13862
19 39 12320
5 41 203402
6 16 85526
18 18 10541
73 35 6408
15 1 17111
46 2 157396
9 59 21205
28 18 10283
64 38 7451
3 23 21518
53 81 10690
6 26 23049
63 9 29230
7 53 12458
22 8 38159
26 2 21297
68 32 7260
77 29 6549
6 8 93231
20 4 35777
87 31 4078
32 12 52032
17 35 24997
65 27 15586
15 37 581
4 4 41415
70 46 19972
61 45 25618
2 12 18714
34 2 36790
21 1 48956
3 27 3457
91 7 127715
33 1 107218
35 61 764
20 26 22522
21 7 47320
22 22 15948
45 73 7311
11 27 29128
22 18 10509
73 21 1444
32 2 24513
6 4 43556
16 4 8910
13 85 17982
3 3 450
77 1 11800
10 48 16131
26 30 14288
29 29 21504
17 3 249
37 31 7290
35 57 1198
42 4 23170
3 17 24370
27 3 30212
3 11 2131
9 63 29912
10 74 20237
14 32 8527
13 59 725
41 29 7257
75 11 11684
76 40 16354
5 3 148385
28 22 21418
58 2 27526
47 35 11798
56 20 56155
58 32 27630
4 10 24987
18 48 16771
39 43 14898
1 3 86306
31 11 52468
37 9 4646
27 9 22307
15 3 24169
5 17 47514
33 9 45632
16 10 48401
28 6 87992
3 67 203879
4 6 72396
22 22 6726
26 48 20180
78 50 21829
10 2 221678
4 4 237611
29 59 35596
2 6 294770
35 9 19944
4 14 12473
36 32 33493
28 6 26026
4 4 14476
7 1 29627
3 25 45953
6 16 26278
7 7 6755
16 68 35786
10 40 11030
10 76 13430
12 12 51176
2 12 66017
4 26 57211
64 6 32092
11 3 89837
33 47 18464
5 5 1064
30 18 27077
23 25 34835
23 53 32862
32 76 16042
16 50 36553
34 30 40192
23 35 34529
18 8 36222
37 43 4374
8 8 7883
42 74 19365
44 6 38660
18 48 39033
3 65 93968
24 10 18690
46 2 30618
66 62 3950
75 17 30758
2 2 34469
17 11 28892
89 41 15710
17 57 18391
3 13 48373
24 32 23756
2 78 196745
57 17 44614
25 9 9298
34 52 17356
7 21 6892
93 5 15580
27 17 9646
44 12 25812
42 36 20550
16 52 25074
7 13 111916
20 8 12869
2 10 148029
18 56 4327
23 71 1864
66 2 5873
26 60 5920
6 2 41234
22 28 11963
7 27 16916
21 3 349059
36 66 10236
24 42 27810
38 10 65835
12 2 76631
68 8 11237
1 1 61614
10 50 11332
7 25 8408
57 11 34083
26 10 16924
20 2 161972
12 2 34045
61 13 8535
23 5 25419
6 18 119426
22 2 4181
21 31 20699
18 2 37800
8 38 32526
2 62 57823
3 9 153193
15 51 13903
34 22 10984
55 29 25591
19 19 18165
38 64 3682
5 59 9525
39 3 409
16 6 48797
15 49 34251
34 26 15883
45 11 22191
18 48 4939
53 11 15613
2 24 400638
9 7 10596
1 87 339400
12 62 42762
28 18 30486
6 10 11067
41 37 8314
9 31 7749
4 62 101129
16 10 22552
21 1 42583
5 45 65065
6 12 22636
22 2 45085
17 7 38393
20 42 32468
33 35 3681
31 67 9686
8 70 15392
37 11 10013
31 75 38185
9 29 33785
8 2 233620
2 26 95603
17 9 71485
80 2 137404
65 5 49279
53 57 8704
67 3 36155
31 43 14655
39 9 8584
2 26 1105
19 11 14484
43 9 21301
5 5 127899
7 5 69985
32 10 81147
10 4 68646
11 45 19157
37 31 12842
3 3 225684
53 15 57638
17 1 134692
38 4 52207
18 20 43422
4 26 40650
11 79 44435
23 19 47250
15 15 27720
3 3 46870
11 81 26611
71 19 849
77 71 10699
12 20 9272
24 4 20833
13 15 3047
8 26 94637
32 10 39367
54 20 24502
6 8 166645
17 9 10173
5 21 43236
5 15 25515
16 44 24281
22 22 28819
1 13 9928
11 71 18038
6 50 32177
14 6 5351
15 3 12755
40 24 1895
8 44 2507
43 43 194
41 7 57432
25 3 55619
13 75 20643
31 31 12920
35 27 11653
36 22 30801
5 11 153619
5 95 15745
12 42 35048
39 23 1700
8 34 76352
9 57 2489
9 17 50270
8 44 62924
42 66 12888
26 12 49064
21 63 20540
52 34 27437
36 86 17608
3 29 8638
4 32 15505
71 11 25095
4 12 17971
24 34 8486
75 69 7439
55 55 23399
4 46 27784
9 53 120651
23 31 9018
49 1 6871
15 51 16874
9 47 13041
13 7 17421
38 18 21519
2 24 27786
27 23 18847
5 19 4162
1 3 643624
18 56 28858
79 13 26141
48 12 67160
16 16 11439
40 42 4620
76 4 17736
15 33 7757
43 35 21901
37 13 6892
20 50 23630
37 33 11434
8 4 165184
19 33 26988
19 31 18335
27 9 25864
43 59 3356
38 28 19512
16 4 60947
2 8 29981
15 23 33316
60 6 16146
21 33 6213
10 78 5093
37 9 536
22 74 12159
3 51 1793
35 9 3895
6 34 4131
12 8 8806
8 10 11692
17 9 39962
13 13 57215
30 8 33493
1 3 129067
57 1 55796
62 24 1400
58 88 10670
57 9 32715
3 53 39210
36 78 1001
5 19 8897
24 2 176198
1 13 5892
45 5 25656
16 64 4361
30 28 8627
18 12 20976
43 41 3814
54 4 27876
11 19 52206
68 54 17681
16 34 23712
16 30 1025
14 6 92134
31 23 14338
10 2 32479
2 24 30542
4 28 2011
86 10 29094
16 50 22838
16 26 35015
2 40 46946
7 7 7707
28 14 52194
7 3 5303
7 1 942034
1 5 54693
8 2 76698
6 2 520325
63 23 14486
55 31 15134
45 67 24529
8 16 17651
2 2 38172
3 19 8571
30 4 26779
5 5 94943
21 1 10460
22 4 97286
69 57 8854
41 25 11524
14 12 73668
67 1 604354
93 35 15146
15 31 20108
3 37 43337
25 9 51664
44 8 10129
30 32 28347
17 5 2448
37 37 30529
71 11 11606
48 36 19087
50 94 16987
50 50 7848
7 15 70738
6 4 23673
9 17 5634
25 13 5620
72 36 8627
51 31 8665
8 58 39664
13 3 79275
14 24 5328
8 4 1803
11 7 23018
2 34 140086
13 63 19440
81 3 28965
58 18 17849
9 73 37186
8 20 60293
31 7 14261
18 18 16599
30 14 45712
10 10 30743
60 4 31142
20 10 72076
6 6 8092
28 14 43125
31 53 22180
29 1 371894
19 31 35051
10 20 44308
74 44 2867
31 27 38445
1 19 17648
5 7 191311
22 12 17950
40 10 20412
74 36 25887
49 43 25954
42 88 23985
25 37 8677
40 68 26413
27 21 33788
18 42 5002
3 3 61014
25 41 18603
2 14 495677
51 33 17166
8 38 20966
15 11 7923
38 24 2130
20 74 17358
64 82 11052
17 77 16473
47 23 1894
6 38 52098
24 6 29559
6 36 21225
12 32 28435
5 35 156317
3 23 16467
95 89 12523
23 47 6221
45 9 5629
5 57 30837
56 36 8459
5 11 5010
16 16 4649
4 32 99227
19 7 41272
50 18 33560
31 19 30150
3 7 3454
89 7 30483
7 7 130171
24 16 34702
18 16 12526
45 1 714646
5 37 146769
29 13 13509
1 5 115202
1 41 91172
72 24 30476
43 13 3939
21 21 20099
3 27 39390
50 8 16828
20 2 200819
2 12 77847
25 79 33619
33 25 24102
10 82 15263
71 27 10890
22 6 140600
21 11 681
76 32 11276
23 23 29237
6 62 53131
1 9 52301
36 10 8489
35 7 17974
20 30 6635
19 23 25105
12 10 96346
17 79 9019
12 84 67856
14 26 8649
54 18 3520
4 76 15673
6 6 35166
61 9 23205
21 21 37248
21 5 29984
12 6 33891
13 13 23927
2 6 123154
7 1 7309
3 31 32648
9 27 22118
6 14 92364
23 15 33216
14 8 31888
6 26 4436
8 14 10266
6 24 6077
21 5 128265
32 26 2668
41 3 132674
2 2 47469
7 23 41492
6 16 68156
47 7 5563
22 46 15591
4 4 41105
3 11 107343
24 60 34625
10 28 14547
31 9 19060
56 34 6580
3 1 55166
26 26 30551
3 43 57417
71 21 5698
40 16 21468
34 26 22661
19 35 12742
61 73 568
30 36 35075
71 71 5163
43 79 26653
5 41 85674
47 3 58339
16 8 75614
4 4 74003
9 15 30148
56 10 17844
2 12 122073
24 2 5670
73 13 20634
3 59 24209
29 9 3452
17 71 10138
62 4 123382
53 53 21712
9 9 144673
11 3 2136
28 12 9586
1 41 78567
8 16 66873
15 51 53848
19 23 43897
27 3 12857
61 23 1509
62 36 13210
72 42 21271
2 22 107810
5 41 42548
4 4 52496
21 33 14022
10 34 35079
17 97 29279
7 45 29955
16 6 13871
1 25 18391
60 74 3340
78 22 148
25 57 13701
7 25 49626
31 1 9592
9 29 24637
21 91 24511
1 21 8438
33 45 32121
54 4 68598
2 2 219479
67 35 6570
4 64 714
77 11 23166
14 24 54201
37 19 33183
12 2 25326
3 1 81105
37 5 25214
76 8 6427
47 5 46094
13 15 21116
30 38 12807
74 42 96
21 13 26636
10 2 504799
1 3 264377
5 45 56051
15 11 10952
79 17 11541
20 8 50087
14 16 36318
59 51 11416
38 38 27288
35 65 3873
12 28 43987
68 20 42978
27 67 469
8 8 79039
10 32 15765
3 51 11449
2 16 49883
20 6 67303
12 38 48135
23 7 33517
16 58 6809
51 83 123
47 11 66385
19 31 4123
44 40 23766
2 44 137264
41 1 8740
77 63 6527
3 29 39385
34 2 31844
35 3 54027
16 12 6597
29 21 1649
3 33 23682
12 8 31425
26 12 12429
20 4 51391
6 18 4459
2 4 44980
9 9 35816
21 11 44122
24 14 4196
10 22 110283
39 49 17532
2 4 361209
13 53 60204
22 4 139600
10 18 20370
39 7 13882
6 18 13602
3 19 41826
14 30 16378
24 24 20327
27 15 26442
4 10 12480
57 9 25558
31 7 21353
3 11 179666
58 16 68827
46 6 17199
78 2 94261
56 2 23729
38 80 27231
25 65 27421
7 7 7825
7 7 103776
11 5 14518
53 1 656772
10 2 61004
18 50 4827
40 56 25652
6 6 59716
49 51 6097
8 32 7280
16 10 102013
18 24 2131
32 18 17062
25 9 42036
8 6 54342
36 6 28199
9 23 35676
2 16 16278
10 10 68603
34 64 33109
14 20 5772
25 15 36447
30 8 47469
40 38 18064
24 84 29199
2 36 48074
2 2 2376
95 11 13536
66 30 1723
57 57 493
11 7 75502
4 4 47463
20 30 4411
24 2 32442
12 36 31212
4 2 57787
3 29 101933
3 57 15331
79 59 16542
21 3 13640
33 13 61984
10 8 58741
12 12 33743
18 8 41374
11 35 42314
4 2 1359
12 14 72150
28 40 15481
2 2 44279
19 19 21416
44 56 9484
2 42 63483
55 35 21731
22 20 15745
17 15 89979
14 2 26184
44 6 98886
2 30 137846
61 31 10685
79 21 1865
35 51 18580
3 47 10822
49 5 11684
30 20 6
43 7 39541
26 32 20566
22 12 79722
67 29 2979
12 32 28320
20 30 2692
53 1 63740
65 65 8004
73 15 11444
4 54 17307
27 43 11117
15 73 19768
13 51 15818
1 13 39428
64 16 30201
17 17 34752
3 17 397984
15 27 25572
18 6 151992
3 43 24615
42 14 20833
77 45 24818
12 34 7
80 8 38784
17 7 199
6 74 124995
10 8 39901
51 9 6519
19 23 2283
18 18 5247
20 66 49943
78 10 12383
34 24 22580
17 9 2844
56 16 3055
54 42 11342
12 28 1337
50 18 3365
13 1 5054
2 48 859583
46 2 33944
9 57 75507
30 32 4511
35 19 3105
2 26 10273
23 31 19080
35 7 13193
42 22 583
5 35 32107
9 51 10996
29 43 12126
34 24 16886
16 60 33029
33 13 29301
24 2 16729
15 13 4857
44 8 9994
13 7 75509
22 28 38696
81 9 35120
17 39 38592
20 30 42388
83 9 42069
7 31 9787
35 59 5386
35 23 13020
19 43 3301
68 14 29791
17 3 12588
54 8 20560
14 6 44318
16 20 28718
43 7 77820
28 62 14674
72 14 21085
27 47 1251
9 7 8930
2 52 3039
