46 38 11308981449267310
21 63 5093984884912221
34 10 38955008431729860
38 22 10808857568634846
72 4 2752961752166931
31 73 17570792757924401
54 42 10454690183954044
93 19 703081112526211
2 16 18304145457955169
19 11 72542354657000056
12 78 24817775938359369
60 44 27393228502124150
14 20 38273511370799277
36 44 17618267305678560
2 2 14481638635246957
16 4 75639244052916287
19 3 23659727556602991
37 81 17898257621056238
5 1 196992987264802006
43 59 8148094596075335
60 2 149439064696051878
80 16 25902948729921862
8 64 32852210800978238
5 81 45555824868000249
18 92 17796453812484109
59 5 158197238499153108
52 52 21549830873544755
19 11 20545791199705020
2 30 7720864206581823
4 46 44045311181963382
5 1 122307823263037141
32 6 29189423504568260
37 25 31728345661620669
5 25 152573095440288864
8 2 79779580787064150
40 12 10134589644497406
23 31 24676272091596807
44 24 10354623093074164
19 9 42168202308349201
70 14 8923956973806486
6 18 30959999338682319
22 68 29460795407051308
85 49 10806409931984905
11 63 41570400973486808
82 28 1008777515594350
4 16 56956976123509263
84 44 26126078659702001
47 17 17781338957000773
22 22 19524096751451860
20 54 13227363071602568
9 37 20488638681642332
70 46 9068601179781673
29 11 80736327102534971
2 22 969907992100476549
25 61 37493791092036451
64 26 5265143401742170
1 51 87341852417260132
17 5 6516545812231053
58 12 2539321160064931
56 32 10894849948128878
15 17 11937651290753630
6 8 82753319042031489
5 9 54104264813425961
24 2 1219910300523300
12 28 8802137660017376
2 6 196958366825439866
10 30 72163942034086329
53 53 27086915654543814
3 1 80539604552789983
5 31 20125577784217688
18 4 128883986317911759
40 16 30943869375130956
10 40 26458879078607210
9 5 131857352314307006
20 42 30604765456788188
2 2 1608183626564215
2 68 36675053217425205
22 4 19452761097697335
14 12 98829534942365200
23 3 21321257610017139
10 8 32775327848052121
33 37 28922511256894363
66 30 26195975305120736
5 5 9357214731973163
84 48 9790463965395719
30 72 1277078697544161
2 22 68249329191245685
1 45 3736954127205407
32 18 9887901686811053
43 55 9467810843300813
16 82 491573694869515
48 30 18307812116152249
3 63 77347186514725363
3 41 32948162144734794
3 47 5675062130530923
74 20 15389552579717512
62 44 16668092601128488
19 3 513335494390827129
22 2 39204607532023444
12 4 76186453971814087
3 47 25098880405544132
16 10 61479614420057045
7 19 26224386003367760
53 3 208144238737262281
34 44 2939683896543488
38 74 7400018402157237
6 80 80799853864792827
46 40 39944948726373326
43 21 13082563519898139
75 15 1446819771964158
20 8 105974607980031866
53 51 1303026376647193
46 2 742496882142789429
7 25 143316606170816546
17 3 39392541381202993
22 52 14207661932984943
14 2 6827296830479837
4 50 66692436642158572
68 74 18261573354002619
45 5 36508614077977192
7 19 71574621444575491
42 8 15225561468291149
65 5 19706770048860169
6 8 93614065562352017
27 17 49417919730459178
47 29 27753335137329843
10 22 32836470519823264
31 11 38743607108552522
8 22 11957372991305726
66 52 3848753908317110
4 40 11313468350682486
12 22 19043322576838970
18 80 41932137812286451
41 5 18345481480550567
73 37 3515139253510147
4 8 73828895943684811
1 79 19513188852461547
75 3 15665909850759439
37 37 13032259952635674
32 26 2439359871274376
14 2 18494782307890922
46 8 81886965973522637
31 19 13134627641301516
3 9 210332194605470401
6 4 109125080571449237
44 52 17964500037040992
34 12 19685307042169189
41 77 13449313339359657
8 28 65918188516387458
36 66 7058284697227958
45 3 21446663858487953
70 28 16256201133059763
4 14 10586337161355516
48 68 6301024339729854
3 7 18408926902470785
29 65 13101096868495291
92 14 3047287652389010
12 78 13335409998546335
25 13 4901302951260822
44 4 13339058125153616
13 29 13537770526821297
73 53 586649152348222
26 6 85880536335429573
13 69 15833738409815820
91 1 18551068647369542
47 21 8009730344179443
12 72 27223819293947835
1 95 16476836227251123
67 7 124155978086577265
3 47 229370426168277662
7 53 24555418394508659
9 29 45963440366681189
2 28 16962013793870911
46 48 28098990076309696
35 59 1191515641201627
42 38 26952122168078538
26 14 46379039993978893
17 5 45163852703007534
71 3 543306611583946
10 80 4601108411593323
3 7 32374254402824523
48 40 18045118532389560
19 3 92448915299760064
47 23 20665576199840593
1 73 167758591674607854
7 53 22075861095979585
12 12 58859802364899576
3 31 356303759895863805
14 12 13785599117881059
56 6 44742651962303344
3 63 92704655679829087
1 13 18992807628496809
46 52 26249601472960380
22 78 41099260970847059
56 46 17480262808921477
18 6 47697076509022983
31 37 9668663330246021
44 36 10885711322686961
28 6 22869341110117802
62 50 14328180343838057
4 2 190273174245634473
15 31 32936780162113374
10 64 21184604367158420
38 12 35473747019854759
20 14 19642584001373298
2 52 6696436479563141
12 6 51791047233500059
75 51 5897607895192218
16 46 26291241580453170
16 52 19455577962709774
5 1 5138946193219618
11 71 43067018319953652
68 2 324104067638440727
39 5 1777404963530926
12 4 86553746394858492
38 24 15158013367212923
6 6 4534410402637874
3 63 11336392329489317
5 21 11575381913899642
6 4 77999679787381954
70 46 17990981957787194
36 6 89626425616495310
15 1 76129294708868015
16 2 19258791428176176
29 45 9813934028012801
84 4 79157993881466467
17 33 12476345780243363
45 3 210518868168458036
22 18 23638895694804925
17 35 17638855635986307
6 60 37844365860012523
30 20 39800000173880557
37 15 36926418336662563
25 11 64309075053232625
16 34 32845959187691318
60 14 23721428847453603
3 3 108309528317912827
68 12 31903276982844068
2 20 81215049678963617
5 79 60205687464570888
17 11 31727281720971855
4 30 62520368137048936
72 2 23156111734367849
67 27 14197911682241767
5 65 661520403827292
94 34 30695314853049320
43 59 14676220033981827
15 9 4695376536672774
3 23 17130619862501735
25 19 50125972641281237
31 55 36137118421699308
32 36 21037398438306463
3 29 57582328021537137
66 6 6827677820330697
3 17 5412554210665337
4 56 24757998095742002
8 8 68342970345276018
5 3 42932580151177207
21 29 5484475956107884
7 27 1594337170945700
48 68 5990570824547534
4 8 28965150739195535
15 37 9796737576995728
20 20 26155178120437932
2 36 118980947857971823
37 15 14817249521020932
29 29 5074873929879683
48 2 20475997409979967
22 4 312151670002662731
18 94 8481296718972346
25 45 16255563494719848
18 24 21881096589771046
1 45 1675017767666779
10 50 4326175404222469
36 70 2551229259084249
10 10 34308922519384579
45 35 25969666884201719
84 4 10575561177673850
22 26 17635926402576230
17 9 53308000217827992
19 3 45288178970017668
3 1 112178486127414186
4 24 42981297712572832
20 48 31132408444371186
29 9 20383305674161622
26 2 13413240038758228
19 3 440506842255861241
26 6 11650528403149740
1 15 33827102794802904
9 57 12650908881477595
46 38 12339224741687279
24 24 21654180085049688
16 24 50606092795369899
24 12 41541605247431819
3 41 11763548289878305
2 16 2879387984540532
15 31 57367959193505039
11 77 35495411906373331
36 6 51569969618469525
14 14 12536380934596824
63 45 8627608060495791
65 25 26488651411701446
4 2 20132788433268913
18 10 2799662149588993
79 79 7194152455047276
100 16 54183107452115495
39 35 19076744454317946
9 71 36836912333648430
55 45 11301200628184521
1 69 125219913253330080
14 6 53359359578976704
52 26 762444459785829
7 19 61031597103581781
17 7 15534830665243831
36 18 23297208097665261
43 65 1131779389810878
10 20 85583984931523722
17 1 224152733857714612
6 26 37590632408000095
27 9 25369406914842076
4 4 12777713352105007
21 45 25861188727836926
6 20 79523295975944017
2 8 22402485077352977
11 3 181627827420613373
39 5 13423474525311979
83 5 71164003711347728
13 61 3242357055239210
18 48 19500661414960398
26 76 12870138646276536
64 4 171582120651426698
6 12 41642889501440420
3 75 28055607061826164
14 78 12917165810456546
22 38 52760336727134966
67 85 21185732831926779
20 52 51912606885938993
6 8 16824630442523419
2 8 5839358029777792
38 40 30927231111558287
32 22 17543197234800205
5 29 8996925786722863
9 13 26556073217043676
32 32 7110517616124891
42 32 9754019431951413
31 7 138744490512163015
57 9 4195138284405697
31 43 10461023444013218
2 2 167901524025354512
4 70 14365706989921511
72 16 60556908715610964
12 6 20751525602354313
8 62 61039338297444302
31 25 23176778699593855
49 21 10225155190712659
48 26 10480259729921065
10 12 23700007760638863
5 39 24391553008738141
64 36 12586929526440982
2 80 16208229955541097
57 27 31875200064613389
48 26 12928808047927762
28 14 59032507736613005
45 19 13763006393881584
18 56 2063871106010537
42 6 51682473555191627
32 10 15667406808971027
5 1 707672226633771596
14 6 26394976586423696
16 44 5576306566507067
9 25 56568830430368351
35 7 28247957093206743
55 45 22190267602211198
43 7 12745871401232017
28 58 7995619843072956
55 67 24395800816298639
10 24 12674136926408324
3 39 80662893512799990
33 9 9630860738361875
42 4 24013215533333274
60 60 1975301829377755
61 23 7994778840219680
10 56 19066664426179092
5 7 94599855313821948
12 42 24098825375883279
34 8 45196142614903954
77 9 41508578196903967
10 2 406111163747635955
11 27 26996670141928455
6 32 56655079758482153
7 35 26497527298027777
4 16 15671411985730027
26 20 9417052771232545
32 46 16110704250977342
65 5 6202679427724149
12 54 6255992023613179
12 76 1006501014516348
36 62 25179587012837180
92 2 2683140347425569
71 21 44228460448669973
6 22 35531154690965503
10 2 84013339289007494
7 39 43774255371207447
22 74 4795716964096406
34 32 19811083844834637
21 33 4207984615263273
35 19 32842357432562626
9 31 9425958790015829
17 17 12932906627634615
3 9 303909168673046618
84 6 3327625793900229
9 9 37874458145377312
22 70 28177159703438934
7 73 36874025978185039
20 58 7028133680512684
53 51 14724475678563843
39 3 6813716229597224
12 2 43121482118866405
5 3 123730117269613091
1 13 296384702460275372
14 18 4827727308722428
2 32 327313236646069089
29 65 23448354053135177
47 29 6004728292157850
15 11 1671624270598842
11 21 12198176905848178
38 52 15599540218878009
6 6 27964310832125892
17 21 61124324215551824
77 3 10100022061944845
8 14 12699160670150912
6 70 23103874711291774
70 86 4335769287049559
17 31 7472813935353704
37 69 33137044790430662
75 15 13881852183068586
19 43 1134395210244791
30 24 42656291780842706
10 4 113483199260966625
8 80 12723993302522170
46 16 36330091252790662
12 12 11100790253245123
22 22 51400719902709363
39 7 62244537665164684
30 16 35904592265489700
27 1 57248489733290317
12 2 45572926979197133
44 8 63279442218695440
3 31 335641020226554669
76 2 150678757838054502
73 41 22652736146828390
82 40 28276711597609089
47 25 15672150024622586
16 22 44056098262147057
6 2 42059437634974881
14 12 9714554136460366
12 2 17735834512003390
27 13 18736980631095975
22 64 26692014211614266
19 13 47416890626662395
15 47 15974694633629578
2 56 170030350589177359
5 23 18325045607755024
21 75 6814907654240770
27 71 21575974000711478
2 2 303837889445355568
15 13 24964545680041289
9 19 26990365800777320
37 53 20951196858644140
36 68 11404367659496302
9 25 16003466842086706
58 10 5536825368970991
7 7 56690374819432730
21 71 13268557925720941
57 21 23495928039274464
15 27 17480346725849276
33 17 11723761400348565
6 12 125424663324480854
64 40 13914732695045450
82 20 7883945730662212
1 9 128107437215453662
30 2 6459402442000868
48 32 35211567481406260
36 6 177382209869271593
3 15 55978533372046121
81 27 11413344086470281
66 14 41863419385465442
19 19 34351117641629089
8 14 4090720760185320
5 7 50167273899085847
2 2 114713058758650207
24 28 21934775555016965
22 52 911831578016105
12 2 214105966012315133
28 4 49150837249203904
26 20 7878896333070148
16 16 19664000653870579
2 60 531763585414100453
2 16 10572733383462823
3 15 18627198472692967
45 21 4009018240486674
84 54 25815056968557706
3 35 43417474414512947
38 2 21294093518423175
3 33 322260182429679036
5 61 63528978716735570
21 49 12191140813228486
10 10 27814740042396120
25 25 2633950506115518
23 41 35597416785047061
65 5 5517834635669268
18 10 57314887024287973
5 13 110486222654758732
38 10 80048374274531668
27 67 7256100735975297
55 15 23973007689943213
4 14 2255772006784914
76 82 9915839167603273
11 51 66209205181381912
45 29 14436084995692094
9 89 70369088406884615
17 73 20323374564599840
36 14 22093136647625745
28 96 7496717233587390
6 36 22092697304014257
54 14 67704519401696159
25 3 12833123692296460
38 6 28836736126850124
6 16 48999257314823299
7 9 19333349565490713
12 12 7515892158231527
13 5 12087288163243651
8 10 75029422328624986
13 7 6686080533336745
13 13 8193959131257683
2 8 9948872430425697
28 42 33214781978387399
19 3 115515884062995258
38 26 13409795318332445
7 7 31859850025209659
50 2 13342907035788996
26 42 38215329984402390
11 23 7235070446121455
6 4 202511032346938641
17 41 48852294580391030
6 12 67073840365783365
23 51 25838865819105880
60 90 16286088079405790
44 2 182578679776777789
50 42 17216074346156817
23 11 33492500181302229
4 24 52408180835154518
16 54 6843200238102365
69 1 62082526095983732
42 16 41811261903228143
19 7 10804795163698769
60 4 4187268138437545
34 10 8886720598072641
27 19 40562383549893345
5 19 31883104551950411
43 7 62903415065241533
80 2 19270481767220542
28 76 23410207761442946
10 42 23068447848640495
11 31 73527832369817114
9 61 48679213423635445
2 2 784004175073512
3 3 14525391986118929
1 65 20083633276170841
8 2 117825513696042099
3 3 6133909257668248
8 32 29554589137849589
10 8 50115594997779588
7 95 21163600930254914
82 18 14440553108519408
37 15 25860981367859846
62 2 20295858771117044
2 2 866262901227291809
49 17 58292828255063677
24 4 19177571393761537
41 19 27592579865806254
45 17 11788438553221743
18 4 1535122953798723
1 19 108552035105854868
20 64 25390260978797604
2 40 91601634554864666
3 19 22271529347905872
33 49 40838138026347767
4 12 17008953497334628
1 19 160755124469885731
37 55 24335172531345962
24 68 29639461992436173
1 5 21635989830483775
47 17 13291267701968098
1 21 360059706174750760
11 1 11889339126380830
6 6 86399304125264676
43 11 10941010787666698
13 45 2371508237710785
60 14 37714585763440327
3 37 23755466808520823
14 2 24376071398099804
28 8 51595148989883507
59 9 25912182027006949
65 1 451521150215472300
3 55 39386957136620382
41 11 18206938138219262
18 4 22575867264009574
52 38 14331501461466098
53 41 6341461430948152
16 26 3678013985373951
7 45 15621989737202677
83 3 150923760049661620
40 2 81771905147669763
59 21 46031510165366966
23 9 17152798867969596
33 21 13546322492524710
5 5 7259007208931800
40 10 13740936045795476
4 16 117768528173109166
65 49 8669023944799706
11 1 53952884839002041
2 18 97142849370347182
11 7 13187720053967689
3 3 174176454359398899
35 3 401616899969495383
6 2 72983307333245373
6 14 104789783502379480
10 70 5956664184809859
1 7 36512335473680007
22 10 17376702011718567
12 4 16719021228656299
8 4 23275425086617455
16 62 43582823529125155
18 16 11323296662402683
4 2 221338071485232090
8 46 50486339314570071
19 1 319029008754353349
4 14 29612473369052759
23 59 3264751584350111
4 4 248879082700773340
12 46 21484600174674682
1 59 453468901241043382
10 20 19619866405994446
9 9 92341068574771735
27 25 24908144131205123
8 8 54273177413302034
84 18 34108438332226635
17 3 35709659659227830
6 8 122036283972443681
81 37 17508146863696459
3 35 4920775291127550
32 32 33197220950397839
16 6 17424546625217292
6 58 20494672629622268
5 1 60823712800407112
25 25 19503326712750428
1 7 293026607658906320
10 16 45898738316060444
2 30 6145051141043620
10 24 2006757636395793
16 16 44674910057943911
4 64 11931803086933804
40 8 11345931208747404
6 14 56384664795138908
61 11 21126542944526950
16 10 3392355142211373
19 11 75129127363057595
12 4 39940440619160572
74 16 16782127968666270
12 14 12679012424483677
12 2 162732318660994017
9 27 27058996342743482
13 3 42951484899525382
16 62 34295701943834106
15 1 72295575191598444
16 50 30241239297340225
24 20 55738722540003339
20 10 92317203906222085
15 7 58820715963158343
4 96 86138258491691679
11 67 16263738306819364
23 9 39529340348001751
76 30 12910751589154142
7 45 14544778969451796
36 40 29663573106028352
11 75 29208001015559401
24 4 66745426026475837
17 3 96244794869252968
17 55 69854607667987550
5 21 29086864743349665
1 3 869129705520464050
8 18 3792658963516431
41 9 16753245067230744
5 25 21595415257340029
26 28 21143882769585834
14 10 67112929409401994
10 14 9192273266243460
6 6 28001353308561047
42 44 16526655049292474
23 3 109207533882958357
19 91 3650215848092231
32 16 37210814482285211
20 24 36261225710042067
2 18 118146379420138587
2 2 772914266058409957
19 53 32855630691270440
5 3 97856610701013135
5 81 44427566841018076
26 10 7550692324700049
21 39 9193014860067802
47 7 13279200743264623
61 7 12036589794619559
93 7 73057911857698049
6 4 9917272844122438
2 46 813373028772346033
8 10 118175239030021783
11 35 6041354396788383
10 2 8424823135913579
27 27 50373931769057829
26 58 12531152075792857
56 18 15591356379570969
35 1 56562066948621399
21 37 24835093401848063
30 26 19688882971116573
65 63 4606410448648964
2 24 3134000735101679
24 96 24909239125646664
11 49 26054864014156869
46 30 6617666074336375
36 8 32078350890580973
1 21 64601709527917687
16 30 42927889691249254
47 17 22731601047951913
11 23 33634106006453969
23 3 37811927732135658
12 30 4019556590209854
63 3 22654145719599910
6 22 10984385951385406
22 24 20303803412517945
27 15 21211706030718248
1 65 109307004038511832
31 1 16803082727627884
8 30 1348325855375871
59 5 3483045689840980
45 1 114096450532703731
31 17 28730359331308969
8 70 10156692728992802
35 3 26173996927765839
47 23 19613857715457818
1 17 341936024473068888
24 4 218036675853477859
19 15 15990450804241290
4 32 9784643540056828
23 83 13385407920095993
29 27 21563701304271644
8 40 35575921969988129
9 9 10566396033201805
17 3 137718415629947442
42 6 36929243558355297
11 53 16764393023079167
91 11 44049054785063190
12 46 41786637980583409
23 23 25773692004399984
20 70 13672330098748681
68 28 1830988929712709
16 40 49696366661794539
13 11 43707170096262464
54 16 9040892713808366
31 1 775891862026850314
69 13 9959528324118361
6 12 121472320740238811
11 5 9775588315950087
8 12 1459495661495745
4 72 17229405127994000
19 5 61665669779839582
19 7 82923763710186898
48 16 61209311957331026
20 38 6711069999178422
14 4 7335303983499169
8 2 865487114230292209
65 45 11135501739495789
11 35 68365616090987905
26 26 26304860407799687
45 65 7350485609484804
82 2 17028138598771960
65 31 21808655414572253
33 9 43213091359813547
33 15 25241989032445039
4 4 1769180871292611
29 41 11517257804007340
83 33 9005406566393473
34 8 18015479001859082
22 22 13117314722364187
22 8 23366961966422218
2 28 32344770972529905
8 32 32665331890143800
49 57 9833087912374166
3 73 17954986815085983
2 32 14089442683068521
78 2 293730061988130921
19 7 6235516837418556
20 48 4716439743818829
49 3 49980198963938467
18 6 23602184655338488
9 73 96132072698137176
31 3 23138257425220284
51 13 5692268740764020
13 9 10708554465735048
3 3 139280877926851904
28 4 75485678618645242
6 10 20266042049679430
15 49 4500071169955985
71 7 26161723069180510
8 4 64518079697765527
59 25 31151488313323892
44 68 5453391515861662
22 24 677270306246023
2 8 2352185475533788
24 58 14904318040395657
48 4 51531371574742101
7 1 38221604680018966
24 6 73937136351152930
25 33 5939332230497820
13 7 43741519156719677
55 61 9872144353109414
81 81 5600246232750938
63 65 10323993303026250
29 47 6336112236397159
14 88 26316928065873546
2 42 40183304158319974
27 25 28225050643122678
21 41 19908029225442190
22 78 2286480778765604
19 5 62158353250334635
4 42 3758255112803793
26 26 30812448614913939
48 4 111565598742824182
28 80 32809863266541566
4 58 111666791105949040
19 3 199340574027417556
21 37 32034440391758348
49 17 21506447724027715
16 16 23595734544837327
11 11 14200033978123118
3 19 41204877200361712
3 3 12031958309946607
23 9 47303729293598077
42 56 13013937507760689
14 48 11958164451758446
15 43 22227824439344660
44 2 934558716618849097
51 95 19224186198060825
54 50 29770659534643816
34 10 34456898586747853
37 9 7050602871660593
53 73 12800648140429257
38 46 8099189381609016
50 44 9931294607244116
50 24 24035923022078505
13 77 42890176616430638
35 11 16067052367213777
3 1 177940552993512112
26 6 134677804383630602
4 4 60416867226413524
4 74 54054825641229129
51 11 16562075294686017
13 43 34601062321694881
15 7 829639282816258
2 20 395102810313287925
39 5 73585242436041005
2 6 80750754087604592
25 53 15094860498566055
9 9 43880488690509038
13 13 50601556677180159
3 33 40955452197910775
30 2 9718354387359299
2 2 10760288179929497
3 41 75748932379889713
65 29 8328774628799382
73 1 27096126050899514
2 42 140237885603286836
53 31 27178112746622176
4 40 87541682388104664
19 3 316813198458181801
64 32 6061010597498394
12 30 35386298802851727
48 18 18672085228197890
36 2 40436019667359435
25 5 6932735968767688
1 85 84360769140463432
5 69 18545757374556432
4 34 321252026127552899
5 1 17118601205501395
4 52 2662551247930719
27 35 18880927645094266
7 1 63285441137856808
35 5 32721841102394564
23 7 61922251060443902
19 7 3008215812437757
3 75 48213208964570066
61 47 18075837242238325
13 21 26644939130686696
10 6 82575063196382821
88 26 3343845801083610
30 20 36778082703544438
13 25 50048412314010791
10 8 3945341451358435
31 43 23177323291673101
10 6 131590996950795883
10 32 9223010179271107
47 1 872613800548937242
9 9 6897637604567027
66 56 13541242343804107
47 33 26457362635818012
3 13 11034328794907159
6 20 66693920625608268
22 20 36792286483053958
3 23 87996250365255242
79 7 2154083594355104
4 8 292371051047555351
27 29 29264545777488469
2 94 3464199880803359
32 22 51806799180920626
12 18 41065333166629281
30 16 30573935364023895
37 5 30000587873089582
38 2 546356256920224159
14 16 688811738083550
34 32 25337668756067085
2 8 45302400763031412
33 19 883471523350597
54 24 14404442267683962
3 9 11252650712045071
6 42 34856446112277328
21 5 61915972156510886
72 2 107016836974147929
8 8 38585195093514960
28 8 32491639218956512
50 82 19375049928526563
7 39 49914262967587161
35 7 68554097679581362
12 42 15090076626505869
30 2 61731028519517725
29 47 28737607936788267
6 2 124796113279202218
29 21 3366412418806000
50 8 16514988739500051
14 42 14400775367224217
18 6 40705018080607458
44 18 14872220650139242
9 9 36670743136190087
8 48 9801175979703903
7 13 58250692544713464
11 27 2900815832385938
23 1 111166277406013300
65 5 27387007655415545
2 14 44615988918403197
54 38 21808253291856724
15 61 2453308836347554
3 3 2287681663246191
7 3 23460103174040012
91 15 4724146194910633
15 15 8592649127035450
9 5 122192347024819589
8 28 14369979449757411
10 16 15507749773094409
25 59 19918624872355564
15 33 29521709601316927
40 16 39979146284443873
27 3 35750402236376436
1 7 421703714809173616
6 4 169342906867838650
12 12 6316686594640788
23 3 151967236038181523
36 12 29861316578630248
19 43 19362790766876183
17 3 10880966277746493
6 12 10178277036818595
60 36 39300688875230115
21 17 33478379416901101
16 62 9593055584844308
98 36 31062623975509613
7 11 38541511975229577
36 6 8684910586491257
15 7 30711755895035102
3 35 6852184115532680
21 25 8823190680601096
10 26 22956146043768200
14 16 6370057458059571
22 36 23927580867967682
31 19 54151922370984475
17 13 42222590166005577
4 16 24098521919916312
3 25 56655286785504866
13 9 1914704498353164
14 24 20106789228344543
63 15 20308923989280645
34 16 28331933165428977
11 17 22691480876738621
