240585320 52839190 2057425021
217954163 12870155 3524413635
35582163 362786153 2617604023
317277332 106938268 1615569520
720047384 67469370 954075664
134457328 424248796 332900880
432115658 481046916 1528087073
432069322 47327510 12323713066
194263352 246796258 1893497726
281300890 523528486 3201386930
54328589 120555909 4222393631
306017594 291011746 2233941598
87626811 40296515 9054512745
160047122 456984962 3024939008
444046666 443770686 3319017671
188952544 350038514 4661706630
390357406 488720900 2181638351
236237637 40297663 10536312207
34488060 134865478 152617362
311538022 14545588 12642284702
96174629 29562591 3089374472
164177201 352650155 2165052374
290043653 1542861 29874360516
79061671 558038687 997901608
520677146 11992440 18440445514
270719816 171847242 3152942420
100823866 241624890 4210935069
26603953 485335881 362586926
716914451 157414367 2658244472
89773440 29711706 3379557403
57099466 459993672 3202749500
33531012 698230238 1098185374
445983975 140362295 1925657216
423188001 27858975 389969195
87091068 133907266 573888307
59716299 41405339 6149934723
1147683 118301927 16076647161
219220752 101992480 3031508927
146408880 313165482 5866556743
577277362 128049192 1167817511
76569546 7453454 806381335
34515246 50578388 7252661168
225897787 71358887 6526212848
62130799 706029961 1935247127
152761354 70224422 1066612231
88861198 271882792 6196504739
445547329 344113369 709459670
206590583 120621507 5357884731
91426310 154997480 1157409658
603909047 692317287 1716366532
706447853 48794907 592900574
159791281 240541041 2639966123
267483158 274842174 152530552
140049401 426628805 2423025930
422360600 290977652 3250826045
39811791 233692337 1076506487
759659603 113389317 2062966891
409771532 134590354 2981281870
374765763 37410683 8430779060
260114977 218051465 1255415124
394565658 680268394 352459181
56721971 361926205 1328003540
86484439 841983627 3795920131
144992759 70757895 2507775207
957120828 382150508 550367703
1779428 221158158 15207035232
568737515 18153223 2994285882
179212414 45611534 2882676823
123442039 47508721 19068585047
429591081 206900169 3504693081
232953332 345926638 2566706208
107438933 433815815 8080354650
111092339 268880621 5414233489
30827500 363642656 2093519736
498450041 415279893 64635885
147860652 35890860 9395527894
216876386 283707900 2360087774
509472879 498311 41885777683
186091064 152600084 9160065492
73169704 116367990 4603806245
259964889 401588515 1401666320
206627787 7536353 1912204870
183152128 79985556 123427594
176389406 383195658 3226141617
96423317 42581379 2070002694
42229626 34569860 9278779810
309785086 427777716 451616172
629759022 145954158 549896022
136785062 280342406 5015730639
597998334 45588090 363565632
114571379 118137135 5685919458
337267503 284013993 3228835661
227784250 280620836 892320043
54074069 74727795 24674624516
117728640 124763530 1182614296
194726078 322615430 160147764
38495 493110563 1701279681591
58661199 69536203 17010316773
115924632 80892036 1208812880
533372287 65696347 1138710557
31874256 666623712 59336754
350314555 396667633 757807137
282040456 379874676 3911982299
433964869 214471509 3740266941
170364087 38977241 15767304958
467468882 8806498 16295048133
302794318 322353480 2624153710
29758587 160060775 911976184
5565993 406742857 61739426958
896907956 168008786 521813309
371220170 161602468 5248687320
452561145 57255731 540538356
363201271 218721027 4464731871
365353336 62348356 3269523905
479193157 59730773 161188098
229829442 431515002 3463353135
136816233 92735987 4438702444
241897062 15137658 17441862144
75792609 332008215 2823215481
30757893 13401901 16863406200
313575168 31321972 789296174
64216173 272810987 315526660
457457962 40534506 13017220793
363884751 110269561 181642953
443127197 46558973 164832765
131898772 128465724 1445285657
614417119 89512487 2293876324
548634007 572070429 2132135256
281253055 162509527 3278888901
46345689 700619089 2646846519
256746028 298049532 142031662
42469604 110977444 3367837570
286106273 358038641 502558880
123141246 82318136 10893136705
115957240 73073854 2312826057
20860687 349064137 3928813606
124776479 489487943 2114855651
386848166 495257194 284752004
640015943 593251487 1331344360
123402042 156419978 1224487040
48441550 48227956 4684121844
253981350 141349196 354948527
620565169 371981 112770577260
145884772 186148530 1368769115
66128680 52829738 5132825659
375251937 192619905 2429604398
89196960 657995936 2220354192
65704113 77426905 11781683966
170251263 322742317 2630781995
163023906 30338536 4533523104
151201213 194518045 207109271
412123587 15939199 266172169
309376795 493415749 1591699289
124953686 605563558 1155385568
263227397 299267393 4065672606
2335839 475282933 7439835890
643565321 7794813 1735865392
112223424 1702192 11287556843
850504810 715619914 1071274252
251271553 195718795 2169569444
558961592 386604262 549334596
477161420 378028504 2402797536
132136347 3030459 3882039009
60482211 119690995 5210484212
230329373 54988541 1490466440
1887332 103248366 3192296199
498889406 352882736 1361766931
85848814 61536890 3063622270
470820126 124763410 3869343541
411512947 51159373 320643738
36260571 229780089 1850006675
49019234 248373698 2535863660
320423284 32097928 636275728
222596061 120480711 2612773047
511668045 253403513 2140079418
54053883 350816823 5284066458
92037830 110235826 2881654414
40138239 509414845 3432452086
226539564 74195948 10936544135
83492529 150952261 2054529044
330056321 16226753 2283465132
606903135 73268445 990221652
67859720 386561846 4370874290
5875485 600411071 2262422154
488405990 68921270 133420062
206755358 198531558 103638186
595456228 545925542 1086329583
722733973 23990581 6862685238
254953151 54859845 4438969030
305647623 226385051 1734064782
418275427 206217475 2846664923
189412231 134591117 1369280744
40708878 172950762 3993527322
355642426 247309706 1305682183
295179920 179123766 2336947216
22626293 274636429 724568104
3509495 683567043 130243256836
32060474 353998236 6393044590
355333446 285181850 929628867
79424462 131077238 13485310
516317836 299386406 1156493595
167864251 22163583 11833947132
108182217 155372575 3205678551
318702421 19902949 615180302
349890348 13314078 18927044329
483497370 576278980 2240592139
256672419 147201111 2700785572
111657733 262029785 208596405
369952200 646450944 2067341504
370860313 332675383 2759225911
474279156 6749736 7486282698
73864022 589802364 2469036516
605732950 323048214 2474589774
337959239 164158973 6584400156
666585104 140923018 3083480958
66964568 475469624 4146130268
816540720 131579730 1875960048
223368104 180575906 2263843564
330235104 61240576 733148064
96601861 424166077 2918103527
358424725 329046091 4978286784
534379348 673600024 595008575
300957286 133550040 4369391991
148099953 625894743 3047511907
98280621 10463293 4122225741
32965326 276949776 9731102396
28334696 6721662 7460425635
188222907 17366703 524546378
224968030 154340990 2035832044
372426660 303292780 149531998
441257098 6175602 43733124632
137352043 277694627 72787611
282313963 109581081 4124448616
409092771 31203873 214644250
592762 4081102 10971854900
338652366 682688824 607958563
195150270 385386860 4091768376
175655070 332618730 6136733784
84642839 45273633 684808414
387957265 193338413 199097396
203005208 344866364 1882786968
502397078 110700816 673704494
153088718 113757328 1152657586
148712967 38472005 6973528525
270269222 198598672 436261595
91819603 452480939 3313330931
64530150 284268022 2911545857
500315750 173122968 758649528
125803513 277670453 1493556645
58518433 1265075 897351590
84489798 62550676 5714101804
98906743 346945269 987192739
165788589 349582129 1832791139
703715727 528376937 2729022707
715286077 436445677 1574028901
441583206 91784758 3556080918
690796977 593303511 1823837345
259202780 337991206 352041530
501266873 76223799 1104040406
206256726 746339516 972275141
542045549 327285095 2805106461
108799105 446048949 3661690286
15440305 157749785 6153634178
114887581 348454181 3815546799
384804751 174419133 4616316972
87795273 150273131 6565932211
78032013 554331549 82175817
363922482 299006616 3716947611
683022257 150822963 1019482717
220404011 48316457 1681214444
148196931 201349839 5396668029
122204695 114346303 1105071269
308036515 24329763 2886289931
471661033 127147275 1408704297
469579857 752853077 774066625
350526965 164800673 1743494920
23608923 162312865 15471207525
251259125 98292577 3373546160
151384195 55801955 3337584143
6580854 788486132 8326474052
385518554 191574320 5791947698
237124964 180120872 6657078328
455616885 302884109 823479247
214710047 125013307 200372228
330447494 336442256 724586623
413433386 123529782 3490881796
96188871 760859687 1187141303
828781572 317676536 1227953506
157172454 22055458 8501276507
115350412 173322886 3836834827
20567554 607128178 3819439502
85624774 499337154 6647088677
318813263 417416521 2063327737
213953840 913421638 3433011518
110225538 53445178 1028538357
399824225 24774245 1976766777
170102556 94214764 267278116
98884602 176708806 1855017154
469773 230145763 11360753043
206855822 617548588 1568833274
67722237 52517413 2844211518
314660303 47561063 5544607365
529913297 160987135 3163097157
377946614 376641148 1274667851
235264284 208991494 2195079500
642304702 523463172 1055242559
67968617 36427825 5542116485
632701560 8047544 4612119673
98908010 285947526 8226975530
47659556 138690870 1987859313
573582233 219529537 4790498166
133495632 128808756 1667869719
182664919 11646729 66482936370
269159784 140080464 1414780237
7151671 732082723 4837476024
93898985 367649685 814663380
242584857 419195567 2802481368
18203651 206335089 967148651
513721708 311718334 394558563
751931773 559785773 629524426
120975299 233359461 2832880127
17540303 78109855 9017834644
58107641 57687009 3199178563
195697059 44906055 900425614
96274831 160228831 6072170826
81198886 451855238 4828036216
574115200 700169044 356638281
233133530 36092866 1415670807
508431163 273333879 1869682607
80349397 15669979 5145699281
578702339 79323253 2877367226
9307414 352907322 11437990070
56719625 197739609 8463627148
34672390 564848462 9390125134
16766656 282201796 4953849793
93066108 547061384 2789116066
317422133 225137739 2761263269
263941518 174653748 1762336905
509682391 37976217 3618232758
296218 190175550 161948235398
84247313 122934801 5466787157
631605002 439295496 90060919
305894143 113456479 7610669981
108117283 20949335 2542512958
120662712 363658016 4174406917
42615242 469292412 4068994977
312462270 286219736 462340543
454096600 12717088 346233341
637379097 30405529 1536055118
157915576 6275996 22230732847
122510369 221480657 6620097838
375841492 553165548 2154737054
161449462 103268484 4093637942
134687455 229721369 1907502095
61827081 179845635 3753958725
15092310 679110520 1164578138
23746955 238268027 15552407685
190501246 119808174 2743099897
43328976 7657224 9968993559
59965796 37735222 21054657492
325498503 167545475 3045482385
644376826 270052708 223930055
371028562 338167716 3433756552
82539590 122765004 5143189272
133166200 36024566 7678042068
187153904 540592284 972524340
115507568 82076578 1488060571
352792563 124063343 1993585212
217649139 440148751 535574460
414657076 493933810 2145953529
182127355 877849287 204827834
51898940 36189838 7816075764
466817267 46012955 11771056924
106169931 55938069 6497167090
433455828 2283634 12420895960
243366776 192597222 1785116647
528438729 78961583 2541254521
38684972 94908362 1289152322
110640992 356796874 1068358583
197283234 29167516 1381114442
770001043 586632051 2045336301
71752601 121097401 4123982030
179856080 105972108 3543536263
313736076 87369404 346625897
133557453 392395915 1055396229
831416128 550486742 2063285438
4787718 527564022 2572280148
939055357 3349435 2375963109
719001106 60729564 2995376965
9238527 337501479 3028903083
316303035 265451607 1140605623
637442089 926700625 827481282
384457076 91884696 796139648
740401537 97580877 1276435603
116022222 8472086 8193180469
68425461 4262189 2170761326
633885385 53388313 4018585269
90761547 167432643 1897884410
27817879 383539245 1835319119
722475524 107214508 579314826
350859421 83587037 3972291451
14104323 375620399 5740974833
33544962 191425972 13228385560
774024450 317114300 601661969
259933253 9954273 137702018
14687586 551082468 21099443852
859664651 579481811 1656707455
315438150 621050828 461073194
123770915 172061043 667568056
239170838 124890678 6145976686
336649061 12839283 6042745004
655436697 189232237 1678968509
89860385 300684137 3231627880
270006400 139768066 1607186811
182711463 822601739 2467707429
231655436 63024412 1560447118
19532345 25761991 11523130455
375107907 379476839 1164646353
419477172 241914670 2897451180
289160072 108961760 473366969
573394507 152808309 969944324
2051822 404614756 2325563321
63383691 745975169 3540033602
709790235 389566331 827652024
352491456 526304516 3240372170
193514982 79269610 4945329476
253560636 215096 53788831565
93197611 218266955 3344966451
28290516 242963606 7118768753
47018015 547530275 3342932254
673086327 221638803 833364734
90303080 117902894 1764649851
120040136 189000130 601011445
141264085 261614309 1173807584
47834067 33556457 11454508797
425807999 19558499 4470286092
3322257 16742497 10797376243
816790108 587315784 1229090308
24655287 664392703 24540765307
41358276 603112002 332209895
68958924 195496356 1630397423
333415 92466091 18116167908
81689257 68954533 10134013556
362420794 701389686 586383691
569243640 55846780 2397548171
95815315 515537311 882167730
499356494 101133782 2057021334
123523511 415170971 3771163689
58966687 93593781 2353360452
84834905 262985877 3016556407
320374390 15284804 3290844672
429247550 500874042 1196423653
34445975 12390377 4630475453
83316172 149263682 8834162590
772648704 84998506 2278119039
72306996 275932982 2248998689
7602296 168001776 851755474
157596174 153235134 383435480
172095089 81907357 1503299312
98025820 402971494 367799430
755502624 273045484 617605992
7222506 161443076 22106130783
11507224 4371448 110185332433
437537453 103554811 3575576790
26988028 480257636 1954930429
111779789 126050945 1254482223
37307859 11479327 62553802504
222219845 14045969 5655149647
616992264 672202238 2259916755
23276742 73932848 4049359736
73511537 16756357 7743528606
683574231 149305289 1221192671
63365428 187754854 1575554569
35309643 896125337 27183481
537379249 199185443 2494726988
87049790 8686586 2638075031
291162514 2788006 1844838721
243036509 20184557 722241504
148006723 756196513 1847891116
282266571 16248909 1820523102
656921175 206754495 106235936
198531430 114427480 2842428394
227877722 83418752 9314149490
247959852 470595058 1978975255
660569650 316536788 1299742519
159937009 523293033 3829864323
51012113 5243793 17866182644
1415560 95317782 12315389286
10076528 55515102 9136186159
57267412 229024930 2012086292
492889673 525945025 1742010136
74829319 33548653 3121670594
24401894 167246530 1067814926
154135947 9542231 48614299010
725932920 32868376 956564406
209356537 244457647 4485781526
525358645 452307445 971170972
767252541 307486977 741762784
490544326 861101126 541168181
470054854 91926894 351910301
87347303 155556257 5826374929
34812817 67691419 7716458109
73370775 251045473 4061989456
446401048 270819208 882439789
55300031 787971363 2046466595
422017989 314732621 2734189692
256661986 114655422 1714934131
893351519 108147401 3062223941
308704720 19780382 3306692086
185966605 3037167 252278006766
185005325 9652037 6437697854
629969526 677789854 739678904
317210679 438219627 3207487867
344983990 47448374 2101242848
118592040 326364392 1413013550
99511636 650656306 748744470
215226148 64134386 5761760353
967168679 426392925 2070729934
105846255 196682683 7064455140
55327473 67565953 13720494714
379379553 262971961 1599768190
201304161 420614597 2870852462
557926591 232992599 1702610180
230624329 617438773 943235194
566069471 134786351 3608245387
69555378 479066724 2246970701
163822564 127406632 1799376480
675876028 39707708 947396177
47852492 113869520 7446667462
133867992 303162460 1859508043
80105126 103560586 5018102447
11153364 508578604 150961970
523289754 505553310 2609652025
539616250 522620684 624325604
188609046 686960188 2395446868
197194923 427421715 3188281716
577531547 248483475 4042752937
339651099 14202199 744063234
284504952 367576832 224434099
133503425 528670117 1035902287
8068265 274396965 708825929
280306921 189849461 3021607925
714557 167164093 32784251730
51734920 52136240 4464624456
48073680 179822304 3238123559
193381728 133394702 5331570818
12490492 559344742 24154251589
214796105 111574709 78637053
97527624 38416920 5380015969
446342181 497386977 1562064322
127032363 8727767 3791390177
19958231 637185883 994532277
271687348 649462292 2269556048
807018618 73895762 2504546507
11099311 382086291 50233062350
120681605 561742801 7868287738
634262819 88768811 3029067963
187467804 304445460 3870634707
363115477 390780927 3012418889
151452479 69201899 4370148125
375721477 267836219 665956801
680753816 32962032 7015903685
74365961 107412567 14558702901
290995788 52552754 10266509837
264174051 282999875 946946822
327053449 699703445 2229849481
176644473 125781361 2686521963
13816377 463955175 12837841606
680773534 509983036 1196230707
765339824 293254926 219268288
29118719 91654623 1308307307
254568287 331354463 4651398443
240760989 49094965 12348931944
283634580 35455722 4187839813
139198396 328914448 1228059834
251620349 59040493 2186563579
382999192 16033000 1171321858
21233221 251297079 2855450235
89541218 22595670 5587952935
246184605 91019711 5114076635
286560523 40861245 953469798
634127306 712066410 931318856
722461904 235213764 2883121366
21597352 163575632 1322842557
51768896 123570202 1634107686
56421869 9234883 5936881586
71526761 52375361 12672951821
25339109 149086259 7898169945
39888907 359027867 562554847
253371949 231206089 592797000
131457764 164584720 1399301744
17916266 160889944 2358892016
26793919 32655679 4625684025
7074017 317244509 1939978968
588809234 316271490 1537576168
101321041 175903699 253734967
154625614 176768764 2416734248
131660503 68299279 7469322854
646488626 596758352 299903576
130711086 478136824 2233785619
299772813 608340697 2017393142
492921229 236367125 87803129
240997252 444932680 4435816364
330558062 431632994 994002961
255196670 14608802 1587397488
580697591 341490575 3095666246
430261113 5360909 818885989
67953689 100191961 3271867663
484569640 421015078 1229375127
271595468 16539384 18075452999
155577864 44815856 8350014886
670681982 17427174 1112306954
126635831 234163707 4972006243
46674194 79212864 4569230492
220931404 130098058 256865609
234214697 12507729 3195366564
82349813 65983929 7017629283
20645697 305449635 8100866080
47795736 609667710 2379994512
264637906 314662698 2630221673
154625464 447175620 2628080192
651550225 594920173 65955276
500907601 80417795 2053245818
535180717 521492453 2503657280
646884722 8775056 25387195084
566763406 5826696 6381162980
58408366 107227850 22362554969
72582275 150014055 1512569290
75758250 253645186 3423965941
100326735 652739863 2627562336
141419633 365116429 2391070830
193926878 392240268 1791660210
45898888 267368430 2906095981
17035296 299255894 37102517
202847172 918491068 529483114
61003904 725146064 1968120397
128388830 27906104 4314397380
402043007 720039327 2314431634
407971826 98660010 3428783694
7133648 233570204 2041513545
3503424 31794500 1550669726
54750040 497303094 1719243599
619417959 208499979 76458687
333926465 37190749 1466445609
155198795 874283455 2791045227
14336961 73589505 4938881632
68237324 161536214 2297713144
5855553 127855017 32106173624
35782963 368798487 2933311343
79000212 340572976 3642397621
116693971 289928387 2613939576
546281143 418393459 1607269343
1010709 193714073 110065214577
44735459 609221 4929069795
14570840 60655330 11764999206
32082703 231558571 1346535609
50604613 400538397 287394790
435693835 618845887 402644092
286011674 339156582 4021706933
371946336 492816004 1172011904
583012466 231598524 523427707
79611115 586041715 3925745190
30460865 268634221 4957777526
9617036 1391504 9938582467
213408959 735980525 2530803490
97107573 647445201 2212971974
379585228 19219314 7372045054
72678056 16113108 1070570843
226455491 425062307 2697323516
620874639 246602057 2257213114
4353103 9563343 38496882
589164926 729888232 2056571065
620455093 603903989 1893350403
490278281 484325593 2423719535
325046555 347403995 322090826
2110960 451658044 3449661845
59492491 371127229 6102662023
218084733 58168145 2018115285
156581271 75255843 976896076
37648460 544570318 4342924670
33355249 137740545 23222819778
30670131 44882169 12384017534
158002639 193149047 624851547
82592420 172285804 75024049
238551172 57158360 2117317291
81895118 623261268 643009342
235421116 161210150 296561888
10653076 107360380 11941907976
558467415 2190507 75519979871
105790694 22437042 8878212421
20443116 22390578 8392113253
489286260 549430228 2016085184
138670777 681166927 1621523473
86362082 87406386 1467917196
152009085 176337597 2057801719
438481695 295668287 1658922224
234710484 59706316 3920010747
895147067 88272867 4397953347
12281532 33090266 200535547
105118621 24140093 1006064042
941091224 209729756 1935643577
554429041 8821753 54025144718
516438265 220753477 2013897188
46087158 933239958 1605365325
244880842 78512 607739257
559454967 24943411 8432191078
432550897 40443093 17334001
82778770 69493048 7404078838
175706204 197868934 2367622431
841570585 81385545 4626431276
382764704 530243244 586862540
136846545 24446931 1190548668
328786945 509262549 482490004
38563756 487133248 5794329540
204677691 128926193 6747638371
51520944 19991438 18046138163
603022549 505062753 2115891625
173908406 111840690 5780061296
70119599 770646141 8011022649
295427536 93071824 530876727
103135052 796603918 4093117955
414616053 768311217 1324169892
402397788 1285542 1989915093
510595036 1480012 7631916713
666515793 16944369 461670302
434515331 116432563 5882424235
17363257 39131303 12954559438
13584355 17125917 37611695752
358677851 16236835 30899999377
332258778 113644152 7666403703
322198681 62495039 748231315
33872259 254786987 1263489930
284808051 560671379 3273845965
107263753 305885929 2854312782
738079896 193275448 390141032
496415851 32779307 9577485624
382099924 35659998 3649157031
238010645 142858761 401277647
319839420 82411476 8391326695
289664236 128088550 106456097
241026216 132686444 2431294893
740676218 78466714 618948811
11240271 77831817 2685961170
99381806 836310662 2277943558
82253131 31687935 9305442906
512409920 432466260 3648212904
209932278 152749440 6805634820
71246044 55776430 11789954900
465691083 39574439 7647326602
40497516 486910616 10641806654
151184907 305461919 1970562892
34351844 713588738 92302165
601869575 396930133 1451960682
516535887 57838317 2144262386
293367310 221196568 1699562567
212834 480908308 4334859221022
210902604 487425364 2170203589
374023177 25469067 551924508
93959540 739900294 4234208515
76221020 473471732 1749901793
108962685 378387341 2821988249
212025685 10111373 125845120
20254553 655939001 14132845110
343304810 10277736 5320088917
550536533 268906371 2786219877
190672013 349738639 2633227148
31657410 102818568 2572762098
110021534 39294138 8776301309
16490682 651624090 1141064356
136158744 324432034 3441369478
288229402 155494178 2018952716
97678263 30447483 13980132302
182686591 480979251 445153009
106496042 425829536 4665697169
97692634 34141084 4413921540
20440440 155886074 15162833924
306421404 5682264 115886198516
60462217 219714279 4450960814
98456032 236843214 161698452
570342193 797060789 875912413
2248791 17535137 26649797654
519976266 171366204 2226740841
284331793 39229119 2038647217
174224239 59995667 354579485
90334512 21913022 2422828181
2365937 167085441 4785755329
37238623 399046757 2762107717
76042211 102168951 15035473
196863936 637418516 312618430
220679736 13661652 11984090612
168971392 551227636 930173664
41379160 114497752 7532416084
20389730 162827570 3806457274
388903637 373490571 2218587952
270145352 509404046 4284009890
342152238 244802592 4548848657
50722220 177551540 6844152812
431591810 86713740 3473743347
209661443 203269791 2067111276
593109507 222838119 464049035
214486318 149792632 377555332
332824826 336763500 3002773244
126491795 465827731 3233126157
17693962 204794072 816082698
825065533 65584603 1093335306
33123902 9254792 1806987299
112939176 172524934 2476536710
174371143 242662737 6386379111
727677573 5008109 2812879622
413443461 199157411 4217243439
846272316 461023346 1514242420
543323111 277004855 2451723158
21926964 370061740 10083998499
420604036 158795500 5879585669
94826579 250642589 9354976561
57885085 236111573 8911072641
398970429 377779827 2197263436
279460587 667333705 1520130627
641443559 265733631 1561379476
463555282 37109538 21955068149
224598392 99110890 5403973194
21312483 56210641 26389268645
48321904 12137128 3494374321
57176696 33453458 3429759349
84569099 85115897 2237680134
79306607 539397697 56216445
221563608 174688766 3879394109
7861375 352305325 18952770375
110824986 94411906 8327038714
307873650 663809376 1191702192
854343964 111908790 3626290516
110596124 5936272 332889705
242260426 408065672 3061258133
477170971 68991655 2976376854
353461201 12632153 16857716439
301095486 170349026 4624312177
51112623 433730147 2059506636
452853173 599940289 172133188
68134913 168096337 3819371192
606009279 379096047 1154116084
538830195 7443683 2521556500
410438147 152123659 493224880
383259773 65255795 1281409269
22812135 23042803 9440639265
353910951 134280973 1633540087
1059621 578856321 670077234105
205063779 355096761 358303036
551949156 26606782 4492653445
54569207 219309599 1211333734
41348194 360520666 176434940
178833294 52508510 2112220151
27429443 40490339 8311215359
79075935 6600119 10581849495
61332360 16907930 7547835876
163566122 559263002 823744128
345910601 832568065 1210354507
106187972 145412206 81497876
567641618 18300372 1682214323
86858080 81436420 3348111764
177112457 198517027 2836031484
150173834 246182686 3728297474
175362607 17048873 885992835
292649458 378289196 828783095
393094378 550106010 1093705086
545428823 402736539 211795560
371345821 258294431 2093351490
412122688 482490956 923836004
778724534 47536054 11417466844
19575271 257170027 4604013586
6501583 291025121 971757357
523031688 331397390 823862187
65325767 903018619 4321166286
151039008 11713840 7258293830
23488279 109944153 5893307758
168588394 97414822 1079480223
228643290 468345372 388455268
172994479 27788935 3516584995
111693163 165143693 2005856074
387583132 526503490 663758176
8298049 391406585 4090522958
694577164 2746788 65828717984
349614319 996187 765853481
181635160 142507444 574943701
88900571 8058859 7324069805
408072258 643039428 83132211
735385964 396356902 1990712704
688491013 377226115 305274085
213849367 334875713 47655277
87722060 33351692 2873310684
297506850 102095630 273852625
655828444 177993274 2956039820
602283222 30109020 8956973732
2138962 109381138 2541587393
98378199 120273651 545823127
811328910 35854644 1073971447
443669480 321834908 3449364141
26981850 203930098 1691226823
471098031 393330487 2090388529
91616849 88083961 2471919893
7630003 130345297 11221790174
3670770 28970238 11367871847
264820800 406617474 1517015165
76577926 141943986 1895783493
72233274 58956902 6687937432
61953788 141162492 4069275567
252331941 42661771 2079246233
906291343 124291699 3062909907
433863249 82705985 1194376935
114010847 406305509 1342502823
273562481 224164167 1242196957
272348441 269272349 768322177
195262732 567215402 3170558202
132793230 369464522 5191439867
140021717 217653465 3417217595
142964231 271922481 2520153236
168098244 772639166 274532395
257134613 54436667 7746395384
154224708 44026394 458574627
61351124 588935534 3738091159
232055218 1529898 16633195204
294354384 581338388 3955708144
43301472 533420024 15333005333
51821739 14364047 28843461840
210230745 205576981 3915922793
345877569 30125729 2722281730
149091482 43713606 4267493368
659839391 757545155 2216237454
138363154 110139738 3131519251
51943474 539830334 551328321
311322852 67142530 2914943136
408775216 126527356 1899551577
450390177 468760227 3117633296
247032922 218104030 1632743228
272325971 249381847 2872454309
661337196 2309410 341736154386
401410091 435398507 2445920838
68030513 852541507 1085226126
314750272 546275488 1161464050
77144400 14462628 9556061195
202716237 347925653 5320651847
91837703 99516063 5200007712
294935361 132739017 3192032027
634817136 113478198 3376658728
409849014 313043012 3192781152
264882544 1666290 6429304679
293676837 40615773 9195213893
65914435 162495963 442481834
20419945 11777779 8162499913
20038601 241082521 3328571810
16299822 205930430 11754803246
163189716 76960616 1462103314
87826576 22550114 2472135406
6335022 631306842 5087106563
9409150 44669504 135878765
389065615 378327751 1308485944
140979085 4317707 8445077478
95976306 12839910 11915824951
206157103 115774519 1835062671
276526385 101183445 5421719859
27053159 504080221 1823061128
156991164 731814 10931236641
296759599 457120397 760569868
386073847 217252467 78588623
424611318 399094196 216841594
194820004 268664870 1984198104
59425673 327066147 4220890157
4377354 131019182 20485360348
111444065 29064069 216568526
577974142 4169064 12189446516
927172950 208099280 2803058176
167533543 405638049 3236457081
461453073 505938087 1517167883
120622617 406594925 8095855553
100435905 164877211 3379183316
607902085 361006713 2069936036
255480329 58302605 513730075
334881956 99049180 3551325221
246350116 93829924 9856575437
606087947 33103123 258507501
720744232 285586824 79738566
404090628 175547596 1506773691
150097138 596185436 3547235928
46464299 248119937 4022828437
290268394 290551772 339016431
579131580 62918994 1894435665
12862927 45239755 9255624116
458860187 40729487 6924913939
273844427 6503551 381984179
6019737 133788229 5847667609
917766909 555704221 811525019
128263660 182595876 777364066
14268866 439748180 18667157452
17195557 639118225 650678132
462428573 145902749 4350630632
205394105 29068085 635999619
143849776 445593776 496961523
81727365 5867511 13996472079
715006036 4118018 120281731723
40715552 35959916 16574277168
69539233 418556337 919028791
