1
0
0
0
2
0
0
0
2
0
0
0
0
6
0
0
0
0
18
6
0
0
6
0
0
0
0
0
0
24
0
0
0
0
0
144
96
24
0
0
96
168
0
0
0
24
0
0
0
0
0
0
0
0
120
0
0
0
0
0
0
1200
1200
600
120
0
0
1200
4200
2520
0
0
0
600
2520
0
0
0
0
120
0
0
0
0
0
0
0
0
0
0
720
0
0
0
0
0
0
0
10800
14400
10800
4320
720
0
0
14400
75600
90720
36720
0
0
0
10800
90720
115920
0
0
0
0
4320
36720
0
0
0
0
0
720
0
0
0
0
0
0
0
0
0
0
0
0
5040
0
0
0
0
0
0
0
0
105840
176400
176400
105840
35280
5040
0
0
176400
1234800
2222640
1799280
569520
0
0
0
176400
2222640
5680080
4097520
0
0
0
0
105840
1799280
4097520
0
0
0
0
0
35280
569520
0
0
0
0
0
0
5040
0
0
0
0
0
0
0
0
0
0
0
0
0
0
40320
0
0
0
0
0
0
0
0
0
1128960
2257920
2822400
2257920
1128960
322560
40320
0
0
2257920
19756800
47416320
57576960
36449280
9636480
0
0
0
2822400
47416320
181762560
262241280
135515520
0
0
0
0
2257920
57576960
262241280
307681920
0
0
0
0
0
1128960
36449280
135515520
0
0
0
0
0
0
322560
9636480
0
0
0
0
0
0
0
40320
0
0
0
0
0
0
0
0
0
0
0
0
0
0
0
0
362880
0
0
0
0
0
0
0
0
0
0
13063680
30481920
45722880
45722880
30481920
13063680
3265920
362880
0
0
30481920
320060160
960180480
554577913
476195833
780554880
178899840
0
0
0
45722880
960180480
907589092
620771770
976757050
507332452
0
0
0
0
45722880
554577913
620771770
922235352
534918907
0
0
0
0
0
30481920
476195833
976757050
534918907
0
0
0
0
0
0
13063680
780554880
507332452
0
0
0
0
0
0
0
3265920
178899840
0
0
0
0
0
0
0
0
362880
0
0
0
0
0
0
0
0
0
0
0
0
0
0
0
0
0
0
3628800
0
0
0
0
0
0
0
0
0
0
0
163296000
435456000
762048000
914457600
762048000
435456000
163296000
36288000
3628800
0
0
435456000
334335965
203609467
864447734
206527657
27743727
889983881
639686379
0
0
0
762048000
203609467
689727146
25725522
837852164
733244850
548510915
0
0
0
0
914457600
864447734
25725522
111767278
491890329
604273473
0
0
0
0
0
762048000
206527657
837852164
491890329
714243786
0
0
0
0
0
0
435456000
27743727
733244850
604273473
0
0
0
0
0
0
0
163296000
889983881
548510915
0
0
0
0
0
0
0
0
36288000
639686379
0
0
0
0
0
0
0
0
0
3628800
0
0
0
0
0
0
0
0
0
0
0
0
0
0
0
0
0
0
0
0
39916800
0
0
0
0
0
0
0
0
0
0
0
0
195423986
586271958
172543909
441561474
441561474
172543909
586271958
195423986
439084800
39916800
0
0
586271958
207807356
272790891
519635020
497461584
118996982
344024426
402051320
831519440
0
0
0
172543909
272790891
91396817
278197037
460037048
361313117
369820253
183083650
0
0
0
0
441561474
519635020
278197037
841280187
259364698
117089722
889066085
0
0
0
0
0
441561474
497461584
460037048
259364698
423497504
576250479
0
0
0
0
0
0
172543909
118996982
361313117
117089722
576250479
0
0
0
0
0
0
0
586271958
344024426
369820253
889066085
0
0
0
0
0
0
0
0
195423986
402051320
183083650
0
0
0
0
0
0
0
0
0
439084800
831519440
0
0
0
0
0
0
0
0
0
0
39916800
0
0
0
0
0
0
0
0
0
0
0
0
0
0
0
0
0
0
0
0
0
0
479001600
0
0
0
0
0
0
0
0
0
0
0
0
0
614105383
380351265
105790341
369264547
597475306
369264547
105790341
380351265
614105383
748019165
479001600
0
0
380351265
740532387
754555438
471240396
726893524
283891324
513172336
947694844
738798527
15499950
0
0
0
105790341
754555438
193523594
212074611
561333616
343029497
627058034
364045418
219726053
0
0
0
0
369264547
471240396
212074611
286086522
449505420
430459928
25515344
689045068
0
0
0
0
0
597475306
726893524
561333616
449505420
491820078
980068402
661655774
0
0
0
0
0
0
369264547
283891324
343029497
430459928
980068402
62038408
0
0
0
0
0
0
0
105790341
513172336
627058034
25515344
661655774
0
0
0
0
0
0
0
0
380351265
947694844
364045418
689045068
0
0
0
0
0
0
0
0
0
614105383
738798527
219726053
0
0
0
0
0
0
0
0
0
0
748019165
15499950
0
0
0
0
0
0
0
0
0
0
0
479001600
0
0
0
0
0
0
0
0
0
0
0
0
0
0
0
0
0
0
0
0
0
0
0
0
