0
840940051
341837368
0
0
0
0
0
853055627
0
474762675
0
0
0
0
0
0
710577165
0
631568208
0
0
0
414894270
0
993569654
0
218843519
499400177
331410634
0
169971808
0
0
0
0
0
936616733
385628762
688802633
107604776
0
918327635
875996140
79197255
0
194096634
995853140
4454704
0
0
183124144
433486406
0
32964578
0
385716158
0
409111668
428578436
658379337
0
0
638694362
143351855
0
0
0
0
474839338
0
238176549
0
0
0
950966122
0
0
0
748489117
224665780
0
0
0
644995157
0
0
0
424610477
313156560
0
0
482270581
832986772
897330082
0
0
0
388117742
0
57002043
769688227
84143875
186735130
0
0
933675184
766424239
0
0
0
0
308361465
790708316
378676998
0
706245441
0
0
0
0
20543658
602357245
124066508
0
895082901
0
0
276964879
0
856431457
162435140
662663543
0
706804548
0
0
84473131
0
96774457
808689414
506443291
336177767
0
365830780
297846929
0
53933005
345105058
0
0
530639637
859790070
0
0
0
665360420
0
0
674342
540213877
0
381045331
151382951
0
0
0
0
0
600203294
0
0
0
407292341
853126708
0
0
0
290622146
0
0
0
729171920
519863685
0
0
407097276
575387453
412747791
0
0
605933759
0
576130660
503749386
0
0
810044525
0
922715824
339334771
961988699
665841938
0
466836204
872162876
312299932
0
0
932618582
327822291
700217272
631033261
0
985832800
0
791590882
0
566854139
0
0
0
84113484
577573326
420169599
0
0
208379092
269956646
0
0
524282019
0
0
55096942
0
335037180
398140205
314885963
205666106
0
0
0
141112608
679959599
86098241
0
0
155168692
824031596
0
0
889685551
228440211
900743237
0
970206794
795487995
43226800
0
0
121774280
0
0
762168097
622444996
501848619
485390563
0
255937073
996179661
0
0
0
0
0
767827444
0
0
0
0
962268514
927136045
754980940
0
0
0
0
0
0
0
0
576978702
0
459488250
0
0
0
859536574
301352945
0
0
62016227
460046677
802577700
0
0
0
0
0
622956975
99492034
914835884
565330533
288917109
529452613
69247054
807403440
0
0
0
611727418
0
106664730
685264259
610766356
0
0
952951262
0
661602564
0
0
664378269
959289113
925526689
271210354
880437858
702536767
0
75631963
388594741
0
0
0
0
921670935
240195764
0
0
0
0
0
0
449945172
395346259
0
0
0
118911793
0
0
481253878
271801142
524918214
0
0
482760430
42212290
0
0
0
863535042
0
0
0
912320660
0
937174220
201169996
287363928
0
0
0
608099013
0
583628814
0
0
0
753885556
90035495
0
492143208
600548378
552515837
0
472998356
0
0
919501321
0
288336257
542187016
956019531
716063399
0
430358851
451197853
656377954
0
99124878
0
506897255
700840420
917272771
108114945
0
704080504
0
754933596
52927175
930780156
953240211
350418262
473051466
0
123955849
630753106
0
320113466
0
0
959917884
913252462
983853972
791721452
0
59031959
995535007
158111530
0
344753339
295044804
0
88109021
125189509
0
0
48712037
0
0
868433163
0
634954183
818434828
441897787
457343531
745844291
254070801
825187481
0
535599059
0
530489619
0
0
0
174221650
0
283092362
0
0
0
404540414
269144846
0
900617469
0
897660677
0
392952157
892371564
517223621
411284098
0
0
143243417
0
20660857
0
143797544
722436088
0
525382367
0
853378157
901260359
0
0
0
654966408
0
954490057
687374532
605808526
0
330175933
0
6197284
0
214793474
287098183
0
963607417
787818905
997524450
617103378
0
97043562
0
0
27639631
375570951
79263012
266949817
0
0
0
884228233
329523048
0
0
563536087
462181314
0
381376399
972662085
750631059
0
0
550760713
774942829
0
365071919
131079295
0
854684881
0
0
653318435
869443181
6375818
0
0
326759951
759308636
651107757
159878837
152828743
0
0
510873031
0
0
201916260
92594042
0
605744188
950500843
704137989
374989692
0
0
0
310338579
779621429
0
0
0
712391560
823064406
914320945
627538147
0
0
0
344732957
34413906
702765901
170200373
294253503
0
0
0
0
266602463
0
0
195502085
0
948648144
381975781
391943708
0
0
665830220
344238947
0
0
675984709
0
651062454
0
0
0
0
448279169
0
0
0
666227708
0
0
0
0
691848289
398195104
0
699887274
562668971
0
839693335
0
0
0
357853426
0
261680755
0
0
788242831
0
0
0
238615115
879569360
872152990
0
471353237
636185871
0
0
657776830
785889079
142307295
27916028
966833582
385452346
0
0
0
949438349
206318254
149917269
0
0
252047906
0
0
293030634
279374714
0
42002977
306348638
481179657
444148685
0
0
343469886
335356352
513590784
198747906
590400219
0
515809464
473305183
948575010
640576668
724700122
848371388
329913683
0
339552267
0
0
697578415
691064973
861569189
0
645795710
581904391
126166252
0
390355955
0
211681780
0
116405961
936812348
0
474664926
0
0
867060628
0
684845950
0
0
0
841743531
0
507188728
0
468078422
0
923651372
0
0
638380577
0
0
715765757
0
231380872
17318647
286294165
211376136
541568209
929477249
0
0
199663651
408115623
192593286
0
500101986
0
103722996
918883620
0
0
0
0
0
0
953155533
71338544
765549538
807448470
0
990821450
370137600
0
961232156
0
693731315
759184922
0
186491707
0
64999569
0
0
0
734949352
0
37569222
5315820
712873388
434794197
412440795
0
0
0
398168389
0
539039946
450544036
0
861475877
242657237
0
780151435
0
39827491
0
58287791
448975032
0
921256831
457877449
838761197
550936809
101221473
0
0
791565468
0
0
509168492
0
0
0
0
0
0
0
269009074
4855025
898076761
966168901
746796743
585253302
611023986
781269845
747257739
0
0
0
0
719193417
0
0
792541854
517651912
623571199
0
0
0
727980510
823078220
0
883716925
0
49365861
177833887
0
66907062
77132839
0
159625880
190739485
614421950
0
178534845
0
0
0
980363115
573116503
0
699055355
0
0
916962286
0
385820521
452331111
578857295
119512840
948827843
0
0
0
181855933
0
0
0
0
182464175
457808423
118217691
445414265
612334800
904541843
0
0
0
0
0
0
680460479
0
0
585750162
0
462388349
0
402817284
157852880
0
0
622391905
332431033
764561321
0
994047610
0
0
343077634
0
0
800589490
186846288
719515446
0
0
772830310
0
98596650
65399549
0
0
0
919280662
0
0
0
0
464649448
859335512
0
560000237
708938786
631445
0
564951064
0
171739470
212131166
285673840
405688707
0
376475442
0
541572232
919673673
0
533121955
0
0
119546870
463543495
0
342995362
875934745
807900745
0
474323546
848889494
196718152
0
0
0
0
0
143312345
358364741
799179538
858395186
0
0
0
442540669
0
485319570
0
0
21515045
964512299
892059917
0
0
936340379
0
0
0
582826288
0
616963416
673600063
338219641
194443573
0
812622823
0
910085317
146504674
0
