361286980
145896585
567898042
602318859
460159614
23632217
844754425
628560418
4557379
161549395
392027336
791027279
987655483
103616962
372297226
224093044
247513086
181563114
78364683
261641374
538062137
901197441
465034310
89581422
565317285
952237593
441871644
102323919
207667158
634283491
839386017
694047112
185679841
119977491
189465593
82016603
933923570
272494355
248309011
725703100
131621455
51937460
403461391
814318314
75162235
521670849
9601223
261958549
805447831
563070886
667017119
86555267
815097556
829327337
755606413
596379972
420846984
570282618
686361103
156158334
609106309
546388220
863287040
12144241
150202934
901768186
230736597
314718778
134211471
651508636
155245651
497698982
791712217
186491957
744657451
394175899
502202836
868630670
325860519
345512981
286176937
62652353
946546829
366408545
931121504
5140544
858222718
543256446
93456218
416102010
724707127
133524580
682275755
239780759
899884716
850596579
984899298
444760693
172064359
492900420
680635663
318656046
547999421
910200782
662391876
14918546
214586994
416597903
129610295
993162972
216530853
545560559
706804085
204202185
920354746
499374734
80582758
521804209
969250478
344282919
776554323
982932163
733877113
329528791
929954822
858763029
129142256
425617059
48279257
156833230
204078455
671072989
357754988
687362362
21748866
231323173
709662179
492898965
480796814
506612946
989851095
349865635
210030550
259902946
229971531
175655773
279384356
177856350
471349361
314614723
232737792
262509000
352514424
361279969
207054350
130421816
142768087
413341443
614946542
768573027
466044233
244630650
609405068
675585333
760363849
505082974
314673225
340533751
973011496
999543937
592341558
658398819
890100594
240158926
269918255
323110325
988092237
770099520
111407532
418002250
371770361
587743741
213177255
774952127
98279614
658244891
758109486
806910635
616839942
448495402
401092326
312349939
789534016
863417891
491641182
526088114
896438429
990424133
556475188
601624645
705086630
100466872
130225142
283658928
644188130
413965283
265289052
358661039
319693448
169156169
801570509
555299024
531828838
843925738
951425423
754516313
405838934
877686494
807887789
945309097
681225002
167693834
152083470
711120797
139152192
143347895
880373367
294622460
162122821
657023622
353172068
756003270
389906411
691294384
218377316
976794440
116120304
478263483
364459256
343819601
794568367
953595751
425059839
29945797
448416821
23336385
481624259
289841863
970682749
790001435
72468304
322454133
907879357
440582626
265027908
114104960
599855211
945742503
638838402
570784909
995344305
536525062
636852740
227749776
924344112
323313993
573077387
52756009
916264919
172502410
161437201
675741480
18793991
703380724
809392314
467975365
805909137
358590046
241917990
794170235
58581787
610492539
967239081
493126251
64178391
246782063
602749677
921422305
275349118
409280102
131968548
563358140
566062024
436586627
981475110
337959776
738285491
278100049
411686667
984098302
860138339
224114015
486329082
421102563
556473296
482162600
999187948
187352405
904595780
695742036
657760070
724893170
719009046
58803270
490849377
519542935
850221207
407279775
126001612
750647684
485582193
323334075
532946910
217380039
496175415
193711893
689871345
147692406
59885100
898362403
282101726
868647204
988834268
316643052
482789465
838808034
689460662
270817555
818076679
112492004
144240545
143641020
271520801
251437713
771102476
310915757
35900701
192664375
239863614
536062119
407293442
932684924
701187012
612224936
282639299
106329057
736391488
335381973
550444777
892371856
465565557
58527256
839579293
897716891
411573740
180764270
255935026
743759450
155256506
670656065
511635374
476082607
482958315
116818330
122104387
681269351
981958550
468234683
132504888
411306950
928033056
814334964
383035332
14261434
918138872
100943167
31824220
416306076
312015279
507953933
321777063
958592956
309325296
969812601
741400354
450851291
988262372
591969785
629420632
430337303
333038833
161965560
507865775
304245495
273124657
66239402
517428187
840168265
217449611
228248165
981657075
295265644
653160244
519012265
194053737
749351390
125550403
753899770
709448288
58123072
592829897
736635012
116306549
627193699
158927683
980512412
618135372
86419596
313878570
203855591
804539577
201935616
603190801
470100709
563219549
416484600
600943830
708393652
298327072
384887600
161382814
210928701
229576127
715038854
896254064
9209150
194803838
802941394
391403476
317437789
134404101
12607385
291327379
773029346
18235251
95938774
49654527
186690157
439172425
60833241
864203014
922664885
344223453
474808528
121949954
805347589
175475729
40615220
232222788
368404697
408519776
840600780
235153735
127828767
74412668
793181282
481632925
495296737
2621278
518003791
913085782
731551538
876307822
184787939
572980260
535004016
124849259
72761537
52410847
995666238
822274957
19599706
151820592
168541879
206978623
896772864
236271422
486823209
218903293
489019362
296184293
597813496
861304999
729766681
517428680
810336650
18916689
643791891
510575254
256602917
351890724
336814148
682407034
844520174
430484307
378946672
382903768
669843026
550484979
848718446
630518409
173952367
247958865
92344912
805702023
349810612
579377815
372892418
654506819
353463028
683139119
830075057
219258320
674870021
588042688
203348009
977549554
24339517
253917148
790071733
908001111
906066804
573386863
766089746
248593056
519628121
453824070
765571245
730543934
242004598
472524696
336369731
626743139
382880397
380064053
672886743
46868266
185395780
899272847
808579887
285047249
970584464
272377040
483437656
859107303
693182578
660599084
827686224
828229451
908476899
143251105
177182227
889993509
879668865
891723781
568990105
766470717
538092724
511797205
789576036
650231464
624521878
831999580
292319828
37851120
492184666
31204331
26217727
814554529
142204391
792228622
41860548
283916413
497956927
601505183
165041721
935361278
557416435
153557296
283161549
146612641
385254033
344005085
848042293
196739851
315808180
10351803
610503303
638811839
988085543
135414423
808377362
888037501
811516151
952860059
657278918
619836775
127858369
797607558
649895589
89500934
109545466
850086524
438192763
891398514
243321602
163568945
249129241
926249978
944831318
592777052
243234779
659314552
314085134
185104564
814966044
932947743
12886104
914253253
283598177
706944992
701730122
675746201
942351145
490537323
982318588
229364259
154539327
472781575
883761178
868820392
523252299
828310591
560234955
159237594
548305869
889882606
566686910
245739037
189439975
775728189
512884155
316205631
264577911
663363520
563165200
100754465
776064684
152682186
469662153
197132349
500314247
550478126
218534072
502597035
700016851
336201422
646887930
718388214
206725250
148761527
500902046
320552622
302704845
707365335
589832630
872713544
331458199
41937465
534889431
157901630
291534877
792610116
302052994
551859417
219897649
757025543
180963387
686124337
696096521
173885893
76606695
320098953
37230300
446575461
932321780
125501690
619967744
877228624
255340642
959124824
231305821
256570280
984921862
291691681
856715435
120686041
412732053
766957201
334843967
509824830
434143762
493555368
549304243
219735385
85151642
897372198
997121863
142235951
543199349
687256872
288826704
610163240
966397015
370079157
484887527
107709209
581484564
281110553
210669928
488932163
792862202
513482146
147049346
239600610
417768220
663403327
185375777
602746098
764212450
355921816
950800416
100674695
72720304
584194210
370818235
601830047
168205424
248352451
130668328
224044449
935815689
590277362
234627771
481856142
119977429
130430021
126663977
570465509
362505443
448995985
563186750
460293697
115284718
587992491
496836717
385210151
799700925
762824779
995745
65078369
983279771
391091105
446435149
391970062
284533254
319811218
255888719
750915857
727640290
531630548
297624339
915936022
814626030
859724416
369299212
596264603
383523849
411021366
275033862
446285270
180737767
380131922
439597404
774697733
570583605
301738036
753240586
835782570
282335375
822545873
603156624
155417796
953415442
99389029
710498053
604210459
266901222
326592555
27902206
895758932
918286420
390358558
198813297
616714999
391955793
549170155
859504250
993357251
570231545
845284656
761474999
161215040
17605998
38647671
898855878
115304668
260877313
525475750
104147091
693323238
985781005
941595471
504696262
332410948
926143606
289854940
476093250
183458343
367704259
106304128
562113522
897625763
401957177
973805735
186465600
674527634
25460169
11144486
350092703
140838562
340311848
2677162
915516672
846457932
66289027
232325066
634506936
900694899
443656898
107272204
210894359
632725907
617327960
811575310
51558990
673625150
742342226
132555299
282288408
378331974
962149024
63162016
145028084
95449759
404295924
450644104
394219951
373161611
981355207
391067841
217315049
386194272
108497337
120622160
683691929
443854640
779253264
788423759
111162421
8850497
451580822
855305927
274480128
160231983
269255762
167145135
517748283
655436810
465890216
265044073
633250400
804440952
248433291
454660765
39579771
376938730
262809443
859634381
672755864
385200156
584896319
723828501
16026899
3852213
308454633
919002045
170161575
690162319
322346276
12176942
356993130
908600388
114822891
271163828
620049628
15102829
987092277
479497900
195140820
934908791
128904185
451508337
567829972
859787402
192124416
803351343
216564938
570348578
70331137
814202930
733971826
839651113
360794031
277684406
935438810
210193617
948924110
939723271
588765477
518095765
158276540
261002295
598703612
625727888
478054238
399756782
401795241
405985185
19741333
383525046
816834905
370968008
281707944
718498906
4674699
141090232
152022846
234123061
410410858
786492197
137680941
255089433
906857416
652758518
25223662
97116343
832495119
38327558
85325738
945579824
51452700
1055120
819189022
379767438
238245318
932969193
977845839
10388789
630039545
