665599574
501643210
665818440
979293693
233536326
89213744
230665109
149011875
748254657
665926305
355377690
654608907
75786154
872931742
197348530
775695225
872705200
805780827
638573134
953689620
19785108
310416739
221324424
193012109
752024127
141799047
965663480
984674332
282735941
782414637
314125876
861829523
364434557
248110460
715186846
831816960
154631357
672207200
662350772
532677022
811010776
546063792
715580919
837142258
989687410
247708373
283594200
559317592
530542412
232203123
671187664
929379972
108222965
352463061
266790770
330711723
625732547
5480705
24365080
119919745
422811060
554770467
342294091
169083303
533543326
21413273
839225970
605015394
93373356
623723572
717842505
564767194
622941959
477175497
375572229
90055717
827621308
890445068
730227321
138740449
593683636
522743266
738115823
215048460
405355558
619018955
877039707
112377748
862845290
968278192
31609654
290708919
759589814
435172998
182916478
311700878
985906799
175666287
621602507
798206939
249408547
378591852
683029604
692931660
281454260
817715843
894087151
696749397
480813989
647551624
138402021
810135893
321892734
967034069
612712992
5988608
887496507
573206578
118494812
519379248
647778706
394456797
830890073
907760739
504052725
253984656
113829086
7884058
395167606
475857978
359241629
119887768
963528230
351852652
418108220
975814110
703249072
576412707
608397210
740463772
195093223
981652844
695547237
387243407
24759742
973538851
408577570
527630087
400397922
701998204
935759938
643360101
232879953
271717785
613507945
42147256
342487556
42031858
790528332
798523667
438962597
294042056
865462986
756026274
122334525
174031703
520994318
726874387
50312365
19549376
603272770
102604495
279616458
40149120
949138619
674249343
6745863
467959681
246328753
695326720
356930937
894475407
183444518
66610564
784610170
182289108
964624618
586264353
575441777
583798920
445393306
175142671
347457140
665221014
624489397
79538840
321910138
242559204
102361160
81562003
8712189
759216690
666763606
211645429
133355632
25360995
540668706
116032683
7174795
859425048
408801799
748313643
140916202
653402575
786483108
929099354
542408672
65877569
507849518
254682851
382427010
639894678
185404745
495575268
726632497
94423096
893110308
192445986
955793961
508626389
850415418
273607671
931302698
298430319
246130961
247055140
128083152
126865724
734981876
380309117
852717748
156874340
144350596
118516396
738454707
857181000
886378184
568234681
416838425
914844231
885693162
905683916
399140626
246673494
592489417
279448705
586391118
257121167
119936587
235587342
942800062
468781886
847861809
95587536
770508248
415383673
959890107
937862577
52667070
459066468
61833368
297816518
906537793
136525771
408315196
669867183
250027053
682315227
230501663
612179539
862083160
855396906
741714801
839308068
461700138
95642029
393284980
566638610
617591627
775135264
375416355
842770862
848812497
757133361
189640535
148468025
523511775
800935692
237880167
28769021
603463859
304157424
615774757
738932971
583245251
805222488
184432600
18275691
688231246
350462027
326418686
123750551
538018948
243547569
755481191
645792801
494948167
994490831
244386175
353836367
880061344
514619870
255606609
492451377
557975473
512778312
304948277
327748259
526811800
752945500
331926924
508655812
667758841
701889796
845665145
850344366
501142091
607058577
383678869
426481796
16809287
98813494
675588042
972087373
673050087
194140041
350481953
545743640
996718088
924949546
7121570
778072084
991063288
393298384
928485609
770043769
629362611
721530892
543986544
978494987
453948789
235455282
421528764
94078066
827185406
693066659
200570954
548585952
88252289
574348820
442810047
628311577
641914096
506840950
266992013
314379015
498925912
770302348
56523080
198970405
644125002
169758939
249219740
42004063
555168861
568492273
685487577
631729687
601336900
571900695
94354475
926370905
967823848
106258435
189453572
337741643
957092476
798210596
739147033
364261259
876973648
555807722
611119908
629874276
94444812
530677364
84696997
884179483
280550180
806722176
205910125
921031144
954738205
905988712
471244634
413356323
854074519
578787664
66568310
868391675
512894422
961702143
75193570
787267817
530566920
97566790
686813228
136266179
970201367
360659788
69611221
773226428
837305589
47417685
208456982
49993094
645410220
897927079
602232910
915322057
307468607
237050278
829355910
938323755
303752902
326204251
218640560
734093639
343863304
805878327
330031282
897849446
228026289
14120782
247786828
655510841
292442758
43641782
862638873
211257338
662521725
969850329
363068037
510699152
955952327
152110639
543097618
74882391
334098902
36623987
594933258
595821281
53565113
101434390
939782672
107010557
224542274
563178796
937844194
744608072
479311734
721773872
80949894
327603020
282108337
432178707
175999694
425006453
151826507
63366455
614136708
543672289
517587647
484737889
961258169
457760961
709645592
465358707
64786561
30342022
151201759
664362947
914390309
274651023
334933440
882707828
874398578
692661693
515972376
902321666
840700174
920278755
548866592
546144692
919575135
861482517
556441762
632125585
515656021
948132709
203417863
119261704
967124187
700022176
321697082
364408241
603139785
764794378
599251720
734202690
548049296
658375615
262317133
779593233
199468223
275719959
35334289
57716624
976856471
278836502
705511225
340267966
255185516
502564236
92609426
466116570
906975042
471962854
183016859
81418451
208516361
69110325
600945016
400107320
813800940
864938157
447437741
663437335
557277432
841214313
380433702
698875691
822609280
655801825
726595619
414432870
426622423
61373764
543323867
78803644
624368749
493618809
130482057
567286023
177841579
949630470
236430167
29757786
527882038
403436522
327013199
274356322
412963271
447431351
335893244
974183775
523751435
205479542
709662453
533784216
822095716
237917332
681336607
726943933
276150692
55207962
518520266
413035724
302999443
168758411
145524855
241029697
874419222
153971221
879467935
847844293
116971319
163056213
399724091
68007445
980151518
809030755
44085302
392210404
25733404
572034584
545913313
339482435
19451557
612732981
145513557
685198993
754391135
16069577
165335512
748963585
633652987
255852287
799379483
248946915
497326585
702056179
460104085
898259776
173633666
200596767
484132602
803637379
25554036
505734169
396468938
714660107
827252059
237340843
273082869
195829236
978046046
548201017
158352211
535696168
158050963
855154413
669176391
613569938
10574520
644054746
871528785
320528436
635969023
211611647
578678831
342037066
460651111
340414004
820821149
633771914
79825394
675710375
37501926
376335791
498712850
658724965
43598865
714406879
531840779
756341114
448645090
123548056
683558495
493562600
1013775
736948897
873496756
571132550
231667063
475946149
407081306
312617725
224028743
784248029
452384910
507275202
240928984
452647324
159669763
58002487
763974848
948357066
670003218
739255804
374690415
793089816
794068457
154458209
205861952
741159277
486559184
322968167
571977270
573137269
683853
949080086
338351739
19801783
212233179
42954499
529552238
702332805
74603572
203779296
621907665
848203408
269454091
30076426
900468067
250329906
355375725
520942736
547118816
228393390
132576827
613901219
887109535
938921776
339137859
139460684
661509523
98743512
353534478
940584985
622353002
131914857
179534087
530757244
856023480
64020276
754182893
184323269
819620119
618430637
115554735
943786507
639090397
50764356
555203657
843794662
865604852
507898391
80608428
555556101
243448001
662598726
280795073
936747020
293316850
242135087
196471097
428993424
779176108
699924556
58344075
534021020
40604214
429473368
272681694
756198598
999350392
665934010
385057316
220819097
754891802
538369929
765272330
613193288
600409012
292631573
179041424
699366582
920597333
429559992
444090936
37702375
37546622
609786945
607504600
517824274
945065122
343107362
351180018
165916832
904430403
69530847
731376540
167557703
768063286
158560106
783558214
867140525
481520009
403859510
720754491
883927187
559386688
59539402
164050404
563702449
462246589
447986883
781578963
601361418
921087093
314915870
660983786
293982790
37018404
135541011
373866846
83942797
827642882
153671136
873918859
233903422
617572776
555764237
550884399
199318264
366138683
95046059
257183092
880904111
393177997
88721034
763518048
769130848
9193015
936385998
524614468
426040902
475678312
730791891
665232863
213613452
254106242
442980877
898624053
116157808
478392359
268299615
839649584
859093146
638051510
354848199
897129364
206660472
884213545
897410636
900865846
342450669
317026489
916429575
29269778
508144761
720980559
756155690
18290652
256415459
701956514
560165903
763763416
849908150
4064844
825251177
604032810
715817521
672770662
381619538
497283085
327100572
773944461
204671046
407202035
661557045
850421168
586447510
606924776
303337614
702017923
651556639
858049226
711476376
988366976
662778031
412075065
168088595
326087715
813115722
416750097
9973805
811562875
558813586
387384592
687956289
734850416
411346443
456537264
499290155
205981940
783967278
598509233
296663700
757505761
210631611
461107112
529955164
283490306
968237509
631607579
362693893
325193978
974114090
925583572
120091932
849037911
879234261
395656562
995467032
362150944
620689199
715071028
146441998
305966827
882479003
177066446
220745178
52184075
355782086
792385070
282064098
646009264
616851235
484425190
782891002
744969682
384011658
258948649
741570194
402950136
720557414
364742211
625571435
941755958
454539281
571761684
179264328
595900717
841935134
975487697
144607053
738813479
110877478
198267830
688410485
487111965
912002303
322646520
667128556
661467974
719719196
795026100
986604629
233174815
879623903
105579770
118941058
743133771
863403278
174232913
145861409
161217618
521985598
826293163
238648382
237361253
949867324
109245584
356960655
859586624
48621161
567046817
633525403
