880581797
112081246
315410484
886642341
651703398
476988690
181149203
787442134
82245743
243919883
759853432
542829557
472673234
721675059
512792869
994674158
957799516
486169408
691906871
958644057
538259931
72565511
732322686
100346738
818449825
466854786
916448004
411126964
419258897
312086470
394991261
737719336
37180578
741619996
83565323
109827677
797984188
799212840
587121351
233680612
665270277
329668534
345976939
566946169
221598646
603323797
238139640
435520632
301061657
690343336
308324336
958988825
904609748
741745346
951072510
203425391
133206031
472285339
547605593
100168883
151841463
842408248
210196694
454247929
231516742
531403464
353918676
756163802
39120238
507114277
260939416
300817217
688494124
540263608
805847221
609251434
84252545
61018644
820753221
971754803
899996176
461132950
651568506
511785293
199047956
276442978
617711944
822325676
897050971
615372374
407505654
139456926
257126167
691604769
115282592
787213507
836232443
613573128
198785942
703454759
934893200
261061367
563207721
417224610
51701705
66563821
781779722
532705524
335128041
810780698
864503960
597485276
476000054
40743473
669268343
72830358
818506135
455387247
512240575
566862943
539044920
970892776
879705407
358678204
753602204
298795151
297455193
292185623
365424476
128275854
652187206
639506646
104684790
228548835
638528767
146301875
163645201
95295607
860283119
385288479
928294705
855409305
292452541
806083231
503607492
605816666
268659926
707350441
348587157
493391913
722467230
731815650
73981597
624576416
302877572
802511779
541494717
693231100
78499331
603492552
941356873
455964844
803638367
158620857
937082060
223359871
291074416
622375727
935446624
770504093
354348491
437707760
176742667
817917434
892303074
773535332
104549342
302396163
445159546
923404374
631466998
665825918
569861140
428501770
967222253
719396979
35265016
754519247
983667967
600157212
686612572
429411994
631007496
441808681
917958226
57426294
971025405
317668214
26473789
941541025
553777732
834826018
480055768
968951457
583940597
740566396
70086260
804389346
610301936
592586876
390202683
352923479
800169538
269022435
231584537
802090194
862876817
6965202
332405392
24560571
335144621
367807988
937548301
70089570
495397790
693392383
12002508
800468299
145650135
548191307
265942711
306079441
468967191
143652482
756984459
224801833
656213564
307050212
827326958
345434032
76351468
532799005
466370398
126927183
227465924
416696680
854094675
761883558
949079960
21345303
213260306
799919982
971877355
13578234
976890619
695153505
985460439
753259784
185401079
705765906
256357754
323203460
726202735
62608483
280416990
517054671
402139242
134913772
800010167
90512033
23034599
85499423
966890370
944398966
964438847
406838787
852978787
920610340
616380228
450358728
809848958
971306897
737852658
32697353
610079943
408067064
122488364
267578350
497378069
368956136
204075655
141480514
45603904
403151846
840355669
401204723
998940336
109903798
654989549
503974182
585728353
761316823
298764584
63507285
49413458
441972649
828204942
345746703
697556879
796930911
726568450
514972018
625856856
844456548
696374446
852699065
187205787
822072100
654881631
416356717
337951279
302496360
184636635
679434534
112604514
385944260
943369512
145383552
760244327
602570255
466666239
558793199
791316861
191856171
438124762
446879986
678420904
878100874
572504916
310461824
794594203
22785926
444466774
322642520
99427278
717865883
177657538
335213208
950942946
918371947
708146473
544245151
163830669
909291423
761467749
151587586
205313677
112084885
42020753
342955131
344129347
742441686
165553298
168353404
935025698
750143805
830522149
437001438
166272483
868845085
249577303
87791752
744408911
718844444
975087558
672485011
40065708
985191755
993208096
3506482
58390475
578846681
279832161
419973049
688231229
797329525
737490796
548854498
132545182
853129580
539001250
470736293
935215483
752268930
846528732
687344874
318418926
854050618
617914158
836550
759417057
179602293
994556914
686250724
926609790
817010333
324607374
790115847
29173590
768078517
494190540
885104174
494369577
16672503
816970986
509889747
10278939
234279642
277362296
332233437
822022365
24710309
495364969
499289603
597335896
648129421
504582920
346764611
491882281
120059554
681061414
119889407
130192051
907977962
60640038
509653932
966633670
731066038
591679470
293537300
875080124
754042773
171591082
7134290
44562227
900703876
952157421
211753894
397268987
90828741
33050745
105546185
476145062
907684771
179914949
295984445
489061611
200527339
731014785
415318544
100114198
357746197
942142781
400879611
952646931
396457810
977744973
219754832
282672941
184972408
460520164
764113378
510892299
546966528
224213062
603637769
163605410
797480443
118447297
979168758
916738187
775057295
770880707
846803552
237701542
348225732
373385285
448189839
162412216
631868905
912825448
137415452
267854897
845064946
651869049
911121933
234799082
903751094
60893049
58829178
568814289
994268625
124802982
789230261
823817493
673133934
951660771
289933951
861373552
383395313
836255769
635400574
117803606
609820145
383258860
576239703
437837741
114315082
552634986
308787882
101527310
109057293
752819451
968343812
925088104
963124428
948733433
688763408
983487624
939017846
719894587
872101310
97257111
238535141
479578898
619719869
813981917
950467497
129150843
397844179
820767767
116915279
544029665
912787946
880139964
160322015
374062909
656142247
462740531
371392983
448166485
711306032
552444369
687714253
820485870
95604814
920664290
108956404
597708909
632433609
131101271
955811625
71857381
534497839
796617058
916800350
794840745
678011265
128591549
242600644
591500896
863239372
772041735
585070859
108396305
667884813
1858939
812964625
288123370
487635517
823819053
184393866
678918636
233786215
822166747
447568444
925965775
494160841
495251458
932741636
131261742
950388370
811991972
438819221
205777927
371759809
35102107
97989711
148758622
703374275
792885891
743149200
702047417
153752933
850355348
323866930
735968267
561815220
385533936
63440969
934579612
432001971
38512368
843575883
633714520
777411020
497265800
87442680
795984734
160789324
588840696
390999542
535130860
723963267
317514300
536792523
16486242
620913274
143041286
877649480
719680068
962247801
972682697
380690258
476771843
964311790
744794161
10304379
844719721
319734413
429248494
364687142
811433036
815267951
419994228
171423267
547326294
878419207
64463898
86621688
591060287
37176736
962939516
957281242
96699040
773056940
796597375
352742642
926368568
571558178
855372227
157212686
365781904
453145717
317890387
322695687
586858399
791294573
480450730
791161785
355000174
869158938
648635125
219798630
746298325
554554560
675950965
287628377
681718479
799421280
255577187
128125189
596736596
149241755
354196635
280929903
620845128
297006654
464183711
709929811
520975216
348967794
836990767
549138908
291050267
356024536
978070066
457987868
667548290
241604652
34576613
511729048
919614171
337939205
426240817
681346100
299745905
953602216
562373620
641370692
676388402
816935246
134693385
948771742
823283800
356862443
280801645
811987481
705668121
699371315
400155477
303376522
210653878
517467958
441779593
971663250
828516005
265730916
550924746
538689784
165819193
559953941
687102213
756961111
244776591
234814034
342341384
918416716
356830242
82120165
417197380
356836178
108070400
544926489
138342923
353242580
921372790
903610044
805653625
622745954
792449493
671082017
942987198
137086200
444060299
918952721
55102326
463549283
671735413
83312294
202061048
334763558
637221271
353649469
196477978
987711967
188514196
671772689
360219380
126247139
259186468
347041624
528661593
105218805
44688610
806545965
213027428
948007055
779641016
384648860
652362910
307599035
252229568
120500423
564635047
584758845
671504868
274497198
546645424
81211213
168459930
582769883
311160703
242185411
209567339
483754447
951436
916247175
807571591
473364277
172519683
332015362
906003057
149169446
52945255
745420101
15689774
923303522
292676329
688420983
569527740
610778108
629592860
452161230
528592957
482814845
118605554
846721344
681891690
925797065
85913174
231030682
649223697
685063743
122888475
993364028
33683996
577519079
92153839
17622474
943393736
495343116
805265782
756883185
824527267
317059301
996206300
834932657
618398864
22633858
637841988
450410711
741089277
595124988
377301037
919557899
744818930
119446192
154580677
681159622
622259985
234371507
611934481
950270561
55931900
732353572
228716017
84984431
661339454
991660205
261948125
437391389
27496482
451589008
440684624
430239479
974874779
715354626
806895384
900376915
834155111
240564780
378265200
365834570
582849880
74024049
613524409
107086947
412663200
116151318
911368616
164947151
774847925
793480447
812660163
954355702
276657199
824450650
824299280
975936154
785651952
888679414
789648133
382547803
13105138
740772
314957500
210567456
55133790
658582005
790090968
369522926
623377497
850066413
948815237
260892081
824904026
796798531
299443666
473813724
62479436
519107939
213629601
696689078
162455839
482421031
463644054
163848480
215011003
533861599
662533834
25053350
209831792
785171081
80648596
505612798
255571573
933279122
565250704
947653914
36172139
966928154
376702754
111759895
425940042
520221632
272849911
293379089
768540060
133086056
578693479
398863462
90629667
238689211
162851574
112946692
658950537
95819422
171305451
771577591
175799511
172942377
807788499
627466760
871172095
948449386
573928324
518963806
939359601
2349105
305456331
990545553
677329184
650250790
670024408
187049968
575727751
60161056
347795362
857740995
811603216
149510291
567564641
666975159
980230394
398266146
536780660
738291828
727494065
597914650
822486594
505152601
360060229
769147090
557907867
13657959
249186271
202943409
80519171
839247838
503127315
711171902
441751276
608547906
137111933
488184081
559507653
995944697
992382087
596594332
