549286778
622266521
931572329
89525296
871552946
599724774
786670258
145873139
504550466
469045773
872094899
116479658
889329568
840442903
332783128
853638636
644498770
355633324
477006590
473080846
901157726
908359230
385314094
806942044
55428903
653853967
371270499
362691508
915692601
611725562
404886273
386225110
846866888
812107526
242137970
490549632
196453318
484086128
851706162
460744729
754162711
89967424
897815993
691736303
910421770
956939282
717399631
202039358
691336992
734078418
202079741
757128286
480657230
351289927
362982411
450597180
197934634
466350715
580526482
176679613
917135771
627894198
708477527
337177887
648426771
104375177
131170650
644121302
702962122
948248835
569630777
381795429
489430898
554836237
169501039
135744652
169297158
791890138
825194207
122116258
729314743
569670916
720280510
313238329
1270003
714926270
429208491
468720034
245437411
691900761
675446621
542666289
539281251
528471443
205174999
460486492
478058316
305325482
0
437918130
