423413477
704384049
942653039
634046966
582900129
35647819
150579273
857411809
129836799
744701743
199110254
777198439
459124549
563307446
550612324
433938330
404074484
212402730
803737035
386621243
151113092
46816536
14201923
408584646
638001366
116522584
591995364
515683624
541004242
469627131
444292018
229100726
481479173
100153291
411044587
518768303
96684918
345460779
269760243
878619031
111884385
903896549
766874048
794728161
733932381
647964153
765884107
463013198
850856969
44329561
439772279
783443540
18822067
7202872
510695749
20521496
39981709
628031293
339998959
457336569
461260618
71786705
63590174
743774304
654346009
142137763
273206468
318741637
120809861
335537273
412560641
560255082
367690781
657123872
23524972
999548198
695614508
637182931
115239580
535259470
665856752
714862170
810909275
973044094
449871962
981251827
751275875
863086563
706229529
445728994
819674737
683833693
722649269
503981310
146150040
540586620
199517357
886912349
404104120
374790889
17257460
210855087
40832591
264516528
306132131
566191483
596051365
408474935
774158644
680447557
374938276
376232054
648290284
982828983
289184904
488078051
274282462
455371586
582836961
555988417
51119750
345820501
601920500
828135262
483807232
38830737
353378106
912262016
106982149
187039166
100153473
630643593
822282044
987025083
248334987
141805049
842899417
640232902
384225165
871836633
49021072
666551573
463111608
515609805
233230613
914267944
508273137
876928498
913572395
610032043
987921236
87016628
332533521
842848353
285761416
441089094
244595510
595145915
127570466
648473411
69072963
98431049
494705038
610255510
497258920
102359554
404337614
958704999
364391875
382536586
602839563
382786570
495566411
512310147
886845215
696384337
258120684
14606159
736245885
698207644
286514224
317116998
40532565
913547389
363823417
748458403
874867218
997925454
897538231
676136774
896339693
430885905
525155592
40520985
979701289
827297151
233509004
448071677
588542983
804490589
697090564
735591729
434259942
117940253
21439436
279963641
762179398
584183776
750326618
294564323
439873979
485510785
166290755
246078561
315945648
999063662
216208096
27386186
678176524
396684620
975843401
402776177
171733598
152941699
89068150
600314368
927362359
306885898
267687855
86376357
927951674
720852220
294613036
473746815
959381131
810312490
310714819
886198456
14547116
41166774
23668837
601228024
770743747
724093316
361284696
652350839
250298202
744791602
444490801
55615430
897447382
125078949
380346402
384200247
0
772254339
